<?xml version="1.0" encoding="UTF-8"?>
<robot generator="Robot 7.0 (Python 3.12.2 on win32)" generated="2024-05-10T16:31:03.183023" rpa="false" schemaversion="5">
<suite id="s1" name="Diretoria" source="C:\Users\WIN10\Desktop\robot\Academy-Qacoders\Api-academy\tests\diretoria.robot">
<test id="s1-t1" name="CT - Incluir diretoria" line="6">
<kw name="Create API Session" owner="academy">
<kw name="Create Dictionary" owner="BuiltIn">
<msg time="2024-05-10T16:31:03.920567" level="INFO">${headers} = {'accept': 'application/json', 'Content-Type': 'application/json'}</msg>
<var>${headers}</var>
<arg>accept=application/json</arg>
<arg>Content-Type=application/json</arg>
<doc>Creates and returns a dictionary based on the given ``items``.</doc>
<status status="PASS" start="2024-05-10T16:31:03.920567" elapsed="0.000000"/>
</kw>
<kw name="Create Session" owner="RequestsLibrary">
<msg time="2024-05-10T16:31:03.921564" level="INFO">Creating Session using : alias=APIquality-eagles, url=https://quality-eagles.qacoders-academy.com.br, headers={'accept': 'application/json', 'Content-Type': 'application/json'},                     cookies={}, auth=None, timeout=None, proxies=None, verify=False,                     debug=0 </msg>
<arg>alias=APIquality-eagles</arg>
<arg>url=https://quality-eagles.qacoders-academy.com.br</arg>
<arg>headers=${headers}</arg>
<doc>Create Session: create a HTTP session to a server</doc>
<status status="PASS" start="2024-05-10T16:31:03.921564" elapsed="0.001005"/>
</kw>
<status status="PASS" start="2024-05-10T16:31:03.918567" elapsed="0.004999"/>
</kw>
<kw name="Login de acesso" owner="academy">
<kw name="Create Dictionary" owner="BuiltIn">
<msg time="2024-05-10T16:31:03.935558" level="INFO">${body} = {'mail': 'sysadmin@qacoders.com', 'password': '1234@Test'}</msg>
<var>${body}</var>
<arg>mail=${Emaillogin}</arg>
<arg>password=${Passwordlogin}</arg>
<doc>Creates and returns a dictionary based on the given ``items``.</doc>
<status status="PASS" start="2024-05-10T16:31:03.934559" elapsed="0.000999"/>
</kw>
<kw name="Log" owner="BuiltIn">
<msg time="2024-05-10T16:31:03.936559" level="INFO">{'mail': 'sysadmin@qacoders.com', 'password': '1234@Test'}</msg>
<arg>${body}</arg>
<doc>Logs the given message with the given level.</doc>
<status status="PASS" start="2024-05-10T16:31:03.936559" elapsed="0.000000"/>
</kw>
<kw name="Create API Session" owner="academy">
<kw name="Create Dictionary" owner="BuiltIn">
<msg time="2024-05-10T16:31:03.938556" level="INFO">${headers} = {'accept': 'application/json', 'Content-Type': 'application/json'}</msg>
<var>${headers}</var>
<arg>accept=application/json</arg>
<arg>Content-Type=application/json</arg>
<doc>Creates and returns a dictionary based on the given ``items``.</doc>
<status status="PASS" start="2024-05-10T16:31:03.937558" elapsed="0.000998"/>
</kw>
<kw name="Create Session" owner="RequestsLibrary">
<msg time="2024-05-10T16:31:03.939555" level="INFO">Creating Session using : alias=APIquality-eagles, url=https://quality-eagles.qacoders-academy.com.br, headers={'accept': 'application/json', 'Content-Type': 'application/json'},                     cookies={}, auth=None, timeout=None, proxies=None, verify=False,                     debug=0 </msg>
<arg>alias=APIquality-eagles</arg>
<arg>url=https://quality-eagles.qacoders-academy.com.br</arg>
<arg>headers=${headers}</arg>
<doc>Create Session: create a HTTP session to a server</doc>
<status status="PASS" start="2024-05-10T16:31:03.938556" elapsed="0.000999"/>
</kw>
<status status="PASS" start="2024-05-10T16:31:03.937558" elapsed="0.002996"/>
</kw>
<kw name="POST On Session" owner="RequestsLibrary">
<msg time="2024-05-10T16:31:05.234238" level="INFO">POST Request : url=https://quality-eagles.qacoders-academy.com.br/api/login 
 path_url=/api/login 
 headers={'User-Agent': 'python-requests/2.31.0', 'Accept-Encoding': 'gzip, deflate', 'accept': 'application/json', 'Connection': 'keep-alive', 'Content-Type': 'application/json', 'Content-Length': '58'} 
 body=b'{"mail": "sysadmin@qacoders.com", "password": "1234@Test"}' 
 </msg>
<msg time="2024-05-10T16:31:05.234238" level="INFO">POST Response : url=https://quality-eagles.qacoders-academy.com.br/api/login 
 status=200, reason=OK 
 headers={'Server': 'nginx/1.18.0 (Ubuntu)', 'Date': 'Fri, 10 May 2024 19:31:24 GMT', 'Content-Type': 'application/json; charset=utf-8', 'Transfer-Encoding': 'chunked', 'Connection': 'keep-alive', 'X-Powered-By': 'Express', 'Access-Control-Allow-Origin': '*', 'Access-Control-Allow-Methods': 'GET, POST, OPTIONS, PUT, PATCH, DELETE', 'Access-Control-Allow-Headers': 'Origin, X-Requested-With, Content-Type, Accept, Authorization', 'ETag': 'W/"534-1gDVQyMt1LEeiQqUQNe6N2ce3QA"', 'Content-Encoding': 'gzip'} 
 body={"msg":"Olá Qa-Coders-SYSADMIN, autenticação autorizada com sucesso!","user":{"_id":"65330945fb1f6c52f1ccde30","fullName":"Qa-Coders-SYSADMIN","mail":"sysadmin@qacoders.com","password":"$2b$10$6kvBz0Ar8HxM7MlmyFcXEO7y/w4k2ZHDXlU/8MGf7/kpF5QoU1eqG","accessProfile":"SYSADMIN","cpf":"11111111111","status":true,"audit":[{"registeredBy":{"userId":"111111111111111111","userLogin":"sysadmin@qacoders.com"},"registrationDate":"sexta-feira, 20/10/2023, 20:12:05 BRT","registrationNumber":"01","companyId":"Qa.Coders","_id":"65330945fb1f6c52f1ccde31"}],"__v":0},"token":"eyJhbGciOiJIUzI1NiIsInR5cCI6IkpXVCJ9.eyJfaWQiOiI2NTMzMDk0NWZiMWY2YzUyZjFjY2RlMzAiLCJmdWxsTmFtZSI6IlFhLUNvZGVycy1TWVNBRE1JTiIsIm1haWwiOiJzeXNhZG1pbkBxYWNvZGVycy5jb20iLCJwYXNzd29yZCI6IiQyYiQxMCQ2a3ZCejBBcjhIeE03TWxteUZjWEVPN3kvdzRrMlpIRFhsVS84TUdmNy9rcEY1UW9VMWVxRyIsImFjY2Vzc1Byb2ZpbGUiOiJTWVNBRE1JTiIsImNwZiI6IjExMTExMTExMTExIiwic3RhdHVzIjp0cnVlLCJhdWRpdCI6W3sicmVnaXN0ZXJlZEJ5Ijp7InVzZXJJZCI6IjExMTExMTExMTExMTExMTExMSIsInVzZXJMb2dpbiI6InN5c2FkbWluQHFhY29kZXJzLmNvbSJ9LCJyZWdpc3RyYXRpb25EYXRlIjoic2V4dGEtZmVpcmEsIDIwLzEwLzIwMjMsIDIwOjEyOjA1IEJSVCIsInJlZ2lzdHJhdGlvbk51bWJlciI6IjAxIiwiY29tcGFueUlkIjoiUWEuQ29kZXJzIiwiX2lkIjoiNjUzMzA5NDVmYjFmNmM1MmYxY2NkZTMxIn1dLCJfX3YiOjAsImlhdCI6MTcxNTM2OTQ4NCwiZXhwIjoxNzE1NDU1ODg0fQ.J7aAo3ehtAPqhMy5phmaA9st4KZ8UYfZ7S0bsOMr3C0"} 
 </msg>
<msg time="2024-05-10T16:31:05.234238" level="INFO">C:\Users\WIN10\AppData\Local\Programs\Python\Python312\Lib\site-packages\urllib3\connectionpool.py:1103: InsecureRequestWarning: Unverified HTTPS request is being made to host 'quality-eagles.qacoders-academy.com.br'. Adding certificate verification is strongly advised. See: https://urllib3.readthedocs.io/en/latest/advanced-usage.html#tls-warnings
  warnings.warn(</msg>
<msg time="2024-05-10T16:31:05.235236" level="INFO">${response} = &lt;Response [200]&gt;</msg>
<var>${response}</var>
<arg>alias=APIquality-eagles</arg>
<arg>url=/api/login</arg>
<arg>json=${body}</arg>
<doc>Sends a POST request on a previously created HTTP Session.</doc>
<status status="PASS" start="2024-05-10T16:31:03.940554" elapsed="1.294682"/>
</kw>
<kw name="Log" owner="BuiltIn">
<msg time="2024-05-10T16:31:05.237235" level="INFO">{'msg': 'Olá Qa-Coders-SYSADMIN, autenticação autorizada com sucesso!', 'user': {'_id': '65330945fb1f6c52f1ccde30', 'fullName': 'Qa-Coders-SYSADMIN', 'mail': 'sysadmin@qacoders.com', 'password': '$2b$10$6kvBz0Ar8HxM7MlmyFcXEO7y/w4k2ZHDXlU/8MGf7/kpF5QoU1eqG', 'accessProfile': 'SYSADMIN', 'cpf': '11111111111', 'status': True, 'audit': [{'registeredBy': {'userId': '111111111111111111', 'userLogin': 'sysadmin@qacoders.com'}, 'registrationDate': 'sexta-feira, 20/10/2023, 20:12:05 BRT', 'registrationNumber': '01', 'companyId': 'Qa.Coders', '_id': '65330945fb1f6c52f1ccde31'}], '__v': 0}, 'token': 'eyJhbGciOiJIUzI1NiIsInR5cCI6IkpXVCJ9.eyJfaWQiOiI2NTMzMDk0NWZiMWY2YzUyZjFjY2RlMzAiLCJmdWxsTmFtZSI6IlFhLUNvZGVycy1TWVNBRE1JTiIsIm1haWwiOiJzeXNhZG1pbkBxYWNvZGVycy5jb20iLCJwYXNzd29yZCI6IiQyYiQxMCQ2a3ZCejBBcjhIeE03TWxteUZjWEVPN3kvdzRrMlpIRFhsVS84TUdmNy9rcEY1UW9VMWVxRyIsImFjY2Vzc1Byb2ZpbGUiOiJTWVNBRE1JTiIsImNwZiI6IjExMTExMTExMTExIiwic3RhdHVzIjp0cnVlLCJhdWRpdCI6W3sicmVnaXN0ZXJlZEJ5Ijp7InVzZXJJZCI6IjExMTExMTExMTExMTExMTExMSIsInVzZXJMb2dpbiI6InN5c2FkbWluQHFhY29kZXJzLmNvbSJ9LCJyZWdpc3RyYXRpb25EYXRlIjoic2V4dGEtZmVpcmEsIDIwLzEwLzIwMjMsIDIwOjEyOjA1IEJSVCIsInJlZ2lzdHJhdGlvbk51bWJlciI6IjAxIiwiY29tcGFueUlkIjoiUWEuQ29kZXJzIiwiX2lkIjoiNjUzMzA5NDVmYjFmNmM1MmYxY2NkZTMxIn1dLCJfX3YiOjAsImlhdCI6MTcxNTM2OTQ4NCwiZXhwIjoxNzE1NDU1ODg0fQ.J7aAo3ehtAPqhMy5phmaA9st4KZ8UYfZ7S0bsOMr3C0'}</msg>
<arg>${response.json()}</arg>
<doc>Logs the given message with the given level.</doc>
<status status="PASS" start="2024-05-10T16:31:05.236236" elapsed="0.001998"/>
</kw>
<kw name="Set Test Variable" owner="BuiltIn">
<msg time="2024-05-10T16:31:05.241233" level="INFO">${TOKEN} = eyJhbGciOiJIUzI1NiIsInR5cCI6IkpXVCJ9.eyJfaWQiOiI2NTMzMDk0NWZiMWY2YzUyZjFjY2RlMzAiLCJmdWxsTmFtZSI6IlFhLUNvZGVycy1TWVNBRE1JTiIsIm1haWwiOiJzeXNhZG1pbkBxYWNvZGVycy5jb20iLCJwYXNzd29yZCI6IiQyYiQxMCQ2a3ZCejB...</msg>
<arg>${TOKEN}</arg>
<arg>${response.json()["token"]}</arg>
<doc>Makes a variable available everywhere within the scope of the current test.</doc>
<status status="PASS" start="2024-05-10T16:31:05.238234" elapsed="0.002999"/>
</kw>
<status status="PASS" start="2024-05-10T16:31:03.934559" elapsed="1.307675"/>
</kw>
<kw name="Criar palavras rondomicas para diretoria" owner="academy">
<kw name="Generate Random String" owner="String">
<msg time="2024-05-10T16:31:05.244233" level="INFO">${nomediretoria_rondomica} = MEqOUQRx</msg>
<var>${nomediretoria_rondomica}</var>
<arg>8</arg>
<arg>chars=[LETTERS]</arg>
<doc>Generates a string with a desired ``length`` from the given ``chars``.</doc>
<status status="PASS" start="2024-05-10T16:31:05.243232" elapsed="0.001001"/>
</kw>
<kw name="Convert To Lower Case" owner="String">
<msg time="2024-05-10T16:31:05.245230" level="INFO">${nomediretoria_rondomica} = meqouqrx=</msg>
<var>${nomediretoria_rondomica}</var>
<arg>${nomediretoria_rondomica}=</arg>
<doc>Converts string to lower case.</doc>
<status status="PASS" start="2024-05-10T16:31:05.244233" elapsed="0.000997"/>
</kw>
<kw name="Set Test Variable" owner="BuiltIn">
<msg time="2024-05-10T16:31:05.247228" level="INFO">${diretoria} = meqouqrx==</msg>
<arg>${diretoria}</arg>
<arg>${nomediretoria_rondomica}=</arg>
<doc>Makes a variable available everywhere within the scope of the current test.</doc>
<status status="PASS" start="2024-05-10T16:31:05.245230" elapsed="0.001998"/>
</kw>
<kw name="Generate Random String" owner="String">
<msg time="2024-05-10T16:31:05.248228" level="INFO">${letrasmaiusculas_rondomica} = XqBUQlyk</msg>
<var>${letrasmaiusculas_rondomica}</var>
<arg>8</arg>
<arg>chars=[LETTERS]</arg>
<doc>Generates a string with a desired ``length`` from the given ``chars``.</doc>
<status status="PASS" start="2024-05-10T16:31:05.248228" elapsed="0.000000"/>
</kw>
<kw name="Convert To Upper Case" owner="String">
<msg time="2024-05-10T16:31:05.249228" level="INFO">${letrasmaiusculas_rondomica} = XQBUQLYK</msg>
<var>${letrasmaiusculas_rondomica}</var>
<arg>${letrasmaiusculas_rondomica}</arg>
<doc>Converts string to upper case.</doc>
<status status="PASS" start="2024-05-10T16:31:05.248228" elapsed="0.001000"/>
</kw>
<kw name="Set Test Variable" owner="BuiltIn">
<msg time="2024-05-10T16:31:05.249228" level="INFO">${DIRETORIA} = XQBUQLYK</msg>
<arg>${DIRETORIA}</arg>
<arg>${letrasmaiusculas_rondomica}</arg>
<doc>Makes a variable available everywhere within the scope of the current test.</doc>
<status status="PASS" start="2024-05-10T16:31:05.249228" elapsed="0.001004"/>
</kw>
<kw name="Generate Random String" owner="String">
<msg time="2024-05-10T16:31:05.250232" level="INFO">${board&amp;_rondomica} = DnojBEX</msg>
<var>${board&amp;_rondomica}</var>
<arg>7</arg>
<arg>chars=[LETTERS]</arg>
<doc>Generates a string with a desired ``length`` from the given ``chars``.</doc>
<status status="PASS" start="2024-05-10T16:31:05.250232" elapsed="0.000995"/>
</kw>
<kw name="Convert To Lower Case" owner="String">
<msg time="2024-05-10T16:31:05.251227" level="INFO">${board&amp;_rondomica} = dnojbex</msg>
<var>${board&amp;_rondomica}</var>
<arg>${board&amp;_rondomica}</arg>
<doc>Converts string to lower case.</doc>
<status status="PASS" start="2024-05-10T16:31:05.251227" elapsed="0.000000"/>
</kw>
<kw name="Set Test Variable" owner="BuiltIn">
<msg time="2024-05-10T16:31:05.254224" level="INFO">${diretoria&amp;} = dnojbex&amp;</msg>
<arg>${diretoria&amp;}</arg>
<arg>${board&amp;_rondomica}&amp;</arg>
<doc>Makes a variable available everywhere within the scope of the current test.</doc>
<status status="PASS" start="2024-05-10T16:31:05.252226" elapsed="0.001998"/>
</kw>
<status status="PASS" start="2024-05-10T16:31:05.242234" elapsed="0.011990"/>
</kw>
<kw name="Incluir diretoria" owner="academy">
<kw name="Create Dictionary" owner="BuiltIn">
<msg time="2024-05-10T16:31:05.257224" level="INFO">${headers} = {'Authorization': 'eyJhbGciOiJIUzI1NiIsInR5cCI6IkpXVCJ9.eyJfaWQiOiI2NTMzMDk0NWZiMWY2YzUyZjFjY2RlMzAiLCJmdWxsTmFtZSI6IlFhLUNvZGVycy1TWVNBRE1JTiIsIm1haWwiOiJzeXNhZG1pbkBxYWNvZGVycy5jb20iLCJwYXNzd29yZCI6...</msg>
<var>${headers}</var>
<arg>Authorization=${TOKEN}</arg>
<doc>Creates and returns a dictionary based on the given ``items``.</doc>
<status status="PASS" start="2024-05-10T16:31:05.256229" elapsed="0.000995"/>
</kw>
<kw name="Create Dictionary" owner="BuiltIn">
<msg time="2024-05-10T16:31:05.258226" level="INFO">${body} = {'boardName': 'XQBUQLYK'}</msg>
<var>${body}</var>
<arg>boardName=${diretoria}</arg>
<doc>Creates and returns a dictionary based on the given ``items``.</doc>
<status status="PASS" start="2024-05-10T16:31:05.257224" elapsed="0.001002"/>
</kw>
<kw name="Log" owner="BuiltIn">
<msg time="2024-05-10T16:31:05.259228" level="INFO">{'boardName': 'XQBUQLYK'}</msg>
<arg>${body}</arg>
<doc>Logs the given message with the given level.</doc>
<status status="PASS" start="2024-05-10T16:31:05.258226" elapsed="0.001002"/>
</kw>
<kw name="Create API Session" owner="academy">
<kw name="Create Dictionary" owner="BuiltIn">
<msg time="2024-05-10T16:31:05.261221" level="INFO">${headers} = {'accept': 'application/json', 'Content-Type': 'application/json'}</msg>
<var>${headers}</var>
<arg>accept=application/json</arg>
<arg>Content-Type=application/json</arg>
<doc>Creates and returns a dictionary based on the given ``items``.</doc>
<status status="PASS" start="2024-05-10T16:31:05.261221" elapsed="0.000000"/>
</kw>
<kw name="Create Session" owner="RequestsLibrary">
<msg time="2024-05-10T16:31:05.262222" level="INFO">Creating Session using : alias=APIquality-eagles, url=https://quality-eagles.qacoders-academy.com.br, headers={'accept': 'application/json', 'Content-Type': 'application/json'},                     cookies={}, auth=None, timeout=None, proxies=None, verify=False,                     debug=0 </msg>
<arg>alias=APIquality-eagles</arg>
<arg>url=https://quality-eagles.qacoders-academy.com.br</arg>
<arg>headers=${headers}</arg>
<doc>Create Session: create a HTTP session to a server</doc>
<status status="PASS" start="2024-05-10T16:31:05.262222" elapsed="0.000999"/>
</kw>
<status status="PASS" start="2024-05-10T16:31:05.260223" elapsed="0.002998"/>
</kw>
<kw name="POST On Session" owner="RequestsLibrary">
<msg time="2024-05-10T16:31:05.399135" level="INFO">POST Request : url=https://quality-eagles.qacoders-academy.com.br/api/board 
 path_url=/api/board 
 headers={'User-Agent': 'python-requests/2.31.0', 'Accept-Encoding': 'gzip, deflate', 'accept': 'application/json', 'Connection': 'keep-alive', 'Content-Type': 'application/json', 'Authorization': 'eyJhbGciOiJIUzI1NiIsInR5cCI6IkpXVCJ9.eyJfaWQiOiI2NTMzMDk0NWZiMWY2YzUyZjFjY2RlMzAiLCJmdWxsTmFtZSI6IlFhLUNvZGVycy1TWVNBRE1JTiIsIm1haWwiOiJzeXNhZG1pbkBxYWNvZGVycy5jb20iLCJwYXNzd29yZCI6IiQyYiQxMCQ2a3ZCejBBcjhIeE03TWxteUZjWEVPN3kvdzRrMlpIRFhsVS84TUdmNy9rcEY1UW9VMWVxRyIsImFjY2Vzc1Byb2ZpbGUiOiJTWVNBRE1JTiIsImNwZiI6IjExMTExMTExMTExIiwic3RhdHVzIjp0cnVlLCJhdWRpdCI6W3sicmVnaXN0ZXJlZEJ5Ijp7InVzZXJJZCI6IjExMTExMTExMTExMTExMTExMSIsInVzZXJMb2dpbiI6InN5c2FkbWluQHFhY29kZXJzLmNvbSJ9LCJyZWdpc3RyYXRpb25EYXRlIjoic2V4dGEtZmVpcmEsIDIwLzEwLzIwMjMsIDIwOjEyOjA1IEJSVCIsInJlZ2lzdHJhdGlvbk51bWJlciI6IjAxIiwiY29tcGFueUlkIjoiUWEuQ29kZXJzIiwiX2lkIjoiNjUzMzA5NDVmYjFmNmM1MmYxY2NkZTMxIn1dLCJfX3YiOjAsImlhdCI6MTcxNTM2OTQ4NCwiZXhwIjoxNzE1NDU1ODg0fQ.J7aAo3ehtAPqhMy5phmaA9st4KZ8UYfZ7S0bsOMr3C0', 'Content-Length': '25'} 
 body=b'{"boardName": "XQBUQLYK"}' 
 </msg>
<msg time="2024-05-10T16:31:05.399135" level="INFO">POST Response : url=https://quality-eagles.qacoders-academy.com.br/api/board 
 status=201, reason=Created 
 headers={'Server': 'nginx/1.18.0 (Ubuntu)', 'Date': 'Fri, 10 May 2024 19:31:24 GMT', 'Content-Type': 'application/json; charset=utf-8', 'Content-Length': '342', 'Connection': 'keep-alive', 'X-Powered-By': 'Express', 'Access-Control-Allow-Origin': '*', 'Access-Control-Allow-Methods': 'GET, POST, OPTIONS, PUT, PATCH, DELETE', 'Access-Control-Allow-Headers': 'Origin, X-Requested-With, Content-Type, Accept, Authorization', 'ETag': 'W/"156-No212Hyf0ne4Ne2AYjGCeQxRboo"'} 
 body={"msg":"Cadastro realizado com sucesso!","newBoard":{"boardName":"XQBUQLYK","boardCode":"35","status":true,"audit":[{"registrationDate":"sexta-feira, 10/05/2024, 16:31:24 BRT","registeredBy":{"userId":"65330945fb1f6c52f1ccde30","userLogin":"sysadmin@qacoders.com"},"_id":"663e760c8860f6da8c7a948d"}],"_id":"663e760c8860f6da8c7a948c","__v":0}} 
 </msg>
<msg time="2024-05-10T16:31:05.400134" level="INFO">C:\Users\WIN10\AppData\Local\Programs\Python\Python312\Lib\site-packages\urllib3\connectionpool.py:1103: InsecureRequestWarning: Unverified HTTPS request is being made to host 'quality-eagles.qacoders-academy.com.br'. Adding certificate verification is strongly advised. See: https://urllib3.readthedocs.io/en/latest/advanced-usage.html#tls-warnings
  warnings.warn(</msg>
<msg time="2024-05-10T16:31:05.401136" level="INFO">${response} = &lt;Response [201]&gt;</msg>
<var>${response}</var>
<arg>alias=APIquality-eagles</arg>
<arg>url=/api/board</arg>
<arg>json=${body}</arg>
<arg>expected_status=201</arg>
<arg>headers=${headers}</arg>
<doc>Sends a POST request on a previously created HTTP Session.</doc>
<status status="PASS" start="2024-05-10T16:31:05.263221" elapsed="0.137915"/>
</kw>
<kw name="Log" owner="BuiltIn">
<msg time="2024-05-10T16:31:05.403133" level="INFO">{'msg': 'Cadastro realizado com sucesso!', 'newBoard': {'boardName': 'XQBUQLYK', 'boardCode': '35', 'status': True, 'audit': [{'registrationDate': 'sexta-feira, 10/05/2024, 16:31:24 BRT', 'registeredBy': {'userId': '65330945fb1f6c52f1ccde30', 'userLogin': 'sysadmin@qacoders.com'}, '_id': '663e760c8860f6da8c7a948d'}], '_id': '663e760c8860f6da8c7a948c', '__v': 0}}</msg>
<arg>${response.json()}</arg>
<doc>Logs the given message with the given level.</doc>
<status status="PASS" start="2024-05-10T16:31:05.402134" elapsed="0.000999"/>
</kw>
<kw name="Set Test Variable" owner="BuiltIn">
<msg time="2024-05-10T16:31:05.405132" level="INFO">${ID_DIRETORIA} = 663e760c8860f6da8c7a948c</msg>
<arg>${ID_DIRETORIA}</arg>
<arg>${response.json()['newBoard']['_id']}</arg>
<doc>Makes a variable available everywhere within the scope of the current test.</doc>
<status status="PASS" start="2024-05-10T16:31:05.403133" elapsed="0.001999"/>
</kw>
<kw name="Set Test Variable" owner="BuiltIn">
<msg time="2024-05-10T16:31:05.406132" level="INFO">${ID_DIRETORIA} = {'msg': 'Cadastro realizado com sucesso!', 'newBoard': {'boardName': 'XQBUQLYK', 'boardCode': '35', 'status': True, 'audit': [{'registrationDate': 'sexta-feira, 10/05/2024, 16:31:24 BRT', 'registeredB...</msg>
<arg>${ID_DIRETORIA}</arg>
<arg>${response.json()}</arg>
<doc>Makes a variable available everywhere within the scope of the current test.</doc>
<status status="PASS" start="2024-05-10T16:31:05.405132" elapsed="0.001000"/>
</kw>
<status status="PASS" start="2024-05-10T16:31:05.255225" elapsed="0.151906"/>
</kw>
<status status="PASS" start="2024-05-10T16:31:03.917567" elapsed="1.489564"/>
</test>
<test id="s1-t2" name="CT - Diretoria com números" line="11">
<kw name="Create API Session" owner="academy">
<kw name="Create Dictionary" owner="BuiltIn">
<msg time="2024-05-10T16:31:05.411128" level="INFO">${headers} = {'accept': 'application/json', 'Content-Type': 'application/json'}</msg>
<var>${headers}</var>
<arg>accept=application/json</arg>
<arg>Content-Type=application/json</arg>
<doc>Creates and returns a dictionary based on the given ``items``.</doc>
<status status="PASS" start="2024-05-10T16:31:05.411128" elapsed="0.000000"/>
</kw>
<kw name="Create Session" owner="RequestsLibrary">
<msg time="2024-05-10T16:31:05.412127" level="INFO">Creating Session using : alias=APIquality-eagles, url=https://quality-eagles.qacoders-academy.com.br, headers={'accept': 'application/json', 'Content-Type': 'application/json'},                     cookies={}, auth=None, timeout=None, proxies=None, verify=False,                     debug=0 </msg>
<arg>alias=APIquality-eagles</arg>
<arg>url=https://quality-eagles.qacoders-academy.com.br</arg>
<arg>headers=${headers}</arg>
<doc>Create Session: create a HTTP session to a server</doc>
<status status="PASS" start="2024-05-10T16:31:05.412127" elapsed="0.001001"/>
</kw>
<status status="PASS" start="2024-05-10T16:31:05.410130" elapsed="0.002998"/>
</kw>
<kw name="Login de acesso" owner="academy">
<kw name="Create Dictionary" owner="BuiltIn">
<msg time="2024-05-10T16:31:05.414127" level="INFO">${body} = {'mail': 'sysadmin@qacoders.com', 'password': '1234@Test'}</msg>
<var>${body}</var>
<arg>mail=${Emaillogin}</arg>
<arg>password=${Passwordlogin}</arg>
<doc>Creates and returns a dictionary based on the given ``items``.</doc>
<status status="PASS" start="2024-05-10T16:31:05.414127" elapsed="0.000998"/>
</kw>
<kw name="Log" owner="BuiltIn">
<msg time="2024-05-10T16:31:05.415125" level="INFO">{'mail': 'sysadmin@qacoders.com', 'password': '1234@Test'}</msg>
<arg>${body}</arg>
<doc>Logs the given message with the given level.</doc>
<status status="PASS" start="2024-05-10T16:31:05.415125" elapsed="0.000000"/>
</kw>
<kw name="Create API Session" owner="academy">
<kw name="Create Dictionary" owner="BuiltIn">
<msg time="2024-05-10T16:31:05.416124" level="INFO">${headers} = {'accept': 'application/json', 'Content-Type': 'application/json'}</msg>
<var>${headers}</var>
<arg>accept=application/json</arg>
<arg>Content-Type=application/json</arg>
<doc>Creates and returns a dictionary based on the given ``items``.</doc>
<status status="PASS" start="2024-05-10T16:31:05.416124" elapsed="0.000000"/>
</kw>
<kw name="Create Session" owner="RequestsLibrary">
<msg time="2024-05-10T16:31:05.417125" level="INFO">Creating Session using : alias=APIquality-eagles, url=https://quality-eagles.qacoders-academy.com.br, headers={'accept': 'application/json', 'Content-Type': 'application/json'},                     cookies={}, auth=None, timeout=None, proxies=None, verify=False,                     debug=0 </msg>
<arg>alias=APIquality-eagles</arg>
<arg>url=https://quality-eagles.qacoders-academy.com.br</arg>
<arg>headers=${headers}</arg>
<doc>Create Session: create a HTTP session to a server</doc>
<status status="PASS" start="2024-05-10T16:31:05.416124" elapsed="0.001001"/>
</kw>
<status status="PASS" start="2024-05-10T16:31:05.415125" elapsed="0.003001"/>
</kw>
<kw name="POST On Session" owner="RequestsLibrary">
<msg time="2024-05-10T16:31:06.663915" level="INFO">POST Request : url=https://quality-eagles.qacoders-academy.com.br/api/login 
 path_url=/api/login 
 headers={'User-Agent': 'python-requests/2.31.0', 'Accept-Encoding': 'gzip, deflate', 'accept': 'application/json', 'Connection': 'keep-alive', 'Content-Type': 'application/json', 'Content-Length': '58'} 
 body=b'{"mail": "sysadmin@qacoders.com", "password": "1234@Test"}' 
 </msg>
<msg time="2024-05-10T16:31:06.663915" level="INFO">POST Response : url=https://quality-eagles.qacoders-academy.com.br/api/login 
 status=200, reason=OK 
 headers={'Server': 'nginx/1.18.0 (Ubuntu)', 'Date': 'Fri, 10 May 2024 19:31:25 GMT', 'Content-Type': 'application/json; charset=utf-8', 'Transfer-Encoding': 'chunked', 'Connection': 'keep-alive', 'X-Powered-By': 'Express', 'Access-Control-Allow-Origin': '*', 'Access-Control-Allow-Methods': 'GET, POST, OPTIONS, PUT, PATCH, DELETE', 'Access-Control-Allow-Headers': 'Origin, X-Requested-With, Content-Type, Accept, Authorization', 'ETag': 'W/"534-xx56jLB5C+5EwwcOrfFRiiMWGD8"', 'Content-Encoding': 'gzip'} 
 body={"msg":"Olá Qa-Coders-SYSADMIN, autenticação autorizada com sucesso!","user":{"_id":"65330945fb1f6c52f1ccde30","fullName":"Qa-Coders-SYSADMIN","mail":"sysadmin@qacoders.com","password":"$2b$10$6kvBz0Ar8HxM7MlmyFcXEO7y/w4k2ZHDXlU/8MGf7/kpF5QoU1eqG","accessProfile":"SYSADMIN","cpf":"11111111111","status":true,"audit":[{"registeredBy":{"userId":"111111111111111111","userLogin":"sysadmin@qacoders.com"},"registrationDate":"sexta-feira, 20/10/2023, 20:12:05 BRT","registrationNumber":"01","companyId":"Qa.Coders","_id":"65330945fb1f6c52f1ccde31"}],"__v":0},"token":"eyJhbGciOiJIUzI1NiIsInR5cCI6IkpXVCJ9.eyJfaWQiOiI2NTMzMDk0NWZiMWY2YzUyZjFjY2RlMzAiLCJmdWxsTmFtZSI6IlFhLUNvZGVycy1TWVNBRE1JTiIsIm1haWwiOiJzeXNhZG1pbkBxYWNvZGVycy5jb20iLCJwYXNzd29yZCI6IiQyYiQxMCQ2a3ZCejBBcjhIeE03TWxteUZjWEVPN3kvdzRrMlpIRFhsVS84TUdmNy9rcEY1UW9VMWVxRyIsImFjY2Vzc1Byb2ZpbGUiOiJTWVNBRE1JTiIsImNwZiI6IjExMTExMTExMTExIiwic3RhdHVzIjp0cnVlLCJhdWRpdCI6W3sicmVnaXN0ZXJlZEJ5Ijp7InVzZXJJZCI6IjExMTExMTExMTExMTExMTExMSIsInVzZXJMb2dpbiI6InN5c2FkbWluQHFhY29kZXJzLmNvbSJ9LCJyZWdpc3RyYXRpb25EYXRlIjoic2V4dGEtZmVpcmEsIDIwLzEwLzIwMjMsIDIwOjEyOjA1IEJSVCIsInJlZ2lzdHJhdGlvbk51bWJlciI6IjAxIiwiY29tcGFueUlkIjoiUWEuQ29kZXJzIiwiX2lkIjoiNjUzMzA5NDVmYjFmNmM1MmYxY2NkZTMxIn1dLCJfX3YiOjAsImlhdCI6MTcxNTM2OTQ4NSwiZXhwIjoxNzE1NDU1ODg1fQ.QNb0bUTB0D4WkR-FDIrXCNSpXd7jiKh1oyCUIMbaoKU"} 
 </msg>
<msg time="2024-05-10T16:31:06.663915" level="INFO">C:\Users\WIN10\AppData\Local\Programs\Python\Python312\Lib\site-packages\urllib3\connectionpool.py:1103: InsecureRequestWarning: Unverified HTTPS request is being made to host 'quality-eagles.qacoders-academy.com.br'. Adding certificate verification is strongly advised. See: https://urllib3.readthedocs.io/en/latest/advanced-usage.html#tls-warnings
  warnings.warn(</msg>
<msg time="2024-05-10T16:31:06.665913" level="INFO">${response} = &lt;Response [200]&gt;</msg>
<var>${response}</var>
<arg>alias=APIquality-eagles</arg>
<arg>url=/api/login</arg>
<arg>json=${body}</arg>
<doc>Sends a POST request on a previously created HTTP Session.</doc>
<status status="PASS" start="2024-05-10T16:31:05.418126" elapsed="1.247787"/>
</kw>
<kw name="Log" owner="BuiltIn">
<msg time="2024-05-10T16:31:06.666914" level="INFO">{'msg': 'Olá Qa-Coders-SYSADMIN, autenticação autorizada com sucesso!', 'user': {'_id': '65330945fb1f6c52f1ccde30', 'fullName': 'Qa-Coders-SYSADMIN', 'mail': 'sysadmin@qacoders.com', 'password': '$2b$10$6kvBz0Ar8HxM7MlmyFcXEO7y/w4k2ZHDXlU/8MGf7/kpF5QoU1eqG', 'accessProfile': 'SYSADMIN', 'cpf': '11111111111', 'status': True, 'audit': [{'registeredBy': {'userId': '111111111111111111', 'userLogin': 'sysadmin@qacoders.com'}, 'registrationDate': 'sexta-feira, 20/10/2023, 20:12:05 BRT', 'registrationNumber': '01', 'companyId': 'Qa.Coders', '_id': '65330945fb1f6c52f1ccde31'}], '__v': 0}, 'token': 'eyJhbGciOiJIUzI1NiIsInR5cCI6IkpXVCJ9.eyJfaWQiOiI2NTMzMDk0NWZiMWY2YzUyZjFjY2RlMzAiLCJmdWxsTmFtZSI6IlFhLUNvZGVycy1TWVNBRE1JTiIsIm1haWwiOiJzeXNhZG1pbkBxYWNvZGVycy5jb20iLCJwYXNzd29yZCI6IiQyYiQxMCQ2a3ZCejBBcjhIeE03TWxteUZjWEVPN3kvdzRrMlpIRFhsVS84TUdmNy9rcEY1UW9VMWVxRyIsImFjY2Vzc1Byb2ZpbGUiOiJTWVNBRE1JTiIsImNwZiI6IjExMTExMTExMTExIiwic3RhdHVzIjp0cnVlLCJhdWRpdCI6W3sicmVnaXN0ZXJlZEJ5Ijp7InVzZXJJZCI6IjExMTExMTExMTExMTExMTExMSIsInVzZXJMb2dpbiI6InN5c2FkbWluQHFhY29kZXJzLmNvbSJ9LCJyZWdpc3RyYXRpb25EYXRlIjoic2V4dGEtZmVpcmEsIDIwLzEwLzIwMjMsIDIwOjEyOjA1IEJSVCIsInJlZ2lzdHJhdGlvbk51bWJlciI6IjAxIiwiY29tcGFueUlkIjoiUWEuQ29kZXJzIiwiX2lkIjoiNjUzMzA5NDVmYjFmNmM1MmYxY2NkZTMxIn1dLCJfX3YiOjAsImlhdCI6MTcxNTM2OTQ4NSwiZXhwIjoxNzE1NDU1ODg1fQ.QNb0bUTB0D4WkR-FDIrXCNSpXd7jiKh1oyCUIMbaoKU'}</msg>
<arg>${response.json()}</arg>
<doc>Logs the given message with the given level.</doc>
<status status="PASS" start="2024-05-10T16:31:06.665913" elapsed="0.001001"/>
</kw>
<kw name="Set Test Variable" owner="BuiltIn">
<msg time="2024-05-10T16:31:06.669910" level="INFO">${TOKEN} = eyJhbGciOiJIUzI1NiIsInR5cCI6IkpXVCJ9.eyJfaWQiOiI2NTMzMDk0NWZiMWY2YzUyZjFjY2RlMzAiLCJmdWxsTmFtZSI6IlFhLUNvZGVycy1TWVNBRE1JTiIsIm1haWwiOiJzeXNhZG1pbkBxYWNvZGVycy5jb20iLCJwYXNzd29yZCI6IiQyYiQxMCQ2a3ZCejB...</msg>
<arg>${TOKEN}</arg>
<arg>${response.json()["token"]}</arg>
<doc>Makes a variable available everywhere within the scope of the current test.</doc>
<status status="PASS" start="2024-05-10T16:31:06.666914" elapsed="0.002996"/>
</kw>
<status status="PASS" start="2024-05-10T16:31:05.414127" elapsed="1.255783"/>
</kw>
<kw name="Diretoria com números" owner="academy">
<kw name="Create Dictionary" owner="BuiltIn">
<msg time="2024-05-10T16:31:06.671911" level="INFO">${headers} = {'Authorization': 'eyJhbGciOiJIUzI1NiIsInR5cCI6IkpXVCJ9.eyJfaWQiOiI2NTMzMDk0NWZiMWY2YzUyZjFjY2RlMzAiLCJmdWxsTmFtZSI6IlFhLUNvZGVycy1TWVNBRE1JTiIsIm1haWwiOiJzeXNhZG1pbkBxYWNvZGVycy5jb20iLCJwYXNzd29yZCI6...</msg>
<var>${headers}</var>
<arg>Authorization=${TOKEN}</arg>
<doc>Creates and returns a dictionary based on the given ``items``.</doc>
<status status="PASS" start="2024-05-10T16:31:06.670911" elapsed="0.001000"/>
</kw>
<kw name="Create Dictionary" owner="BuiltIn">
<msg time="2024-05-10T16:31:06.671911" level="INFO">${body} = {'boardName': 'Números50'}</msg>
<var>${body}</var>
<arg>boardName=${Numeros50}</arg>
<doc>Creates and returns a dictionary based on the given ``items``.</doc>
<status status="PASS" start="2024-05-10T16:31:06.671911" elapsed="0.000000"/>
</kw>
<kw name="Log" owner="BuiltIn">
<msg time="2024-05-10T16:31:06.672909" level="INFO">{'boardName': 'Números50'}</msg>
<arg>${body}</arg>
<doc>Logs the given message with the given level.</doc>
<status status="PASS" start="2024-05-10T16:31:06.671911" elapsed="0.000998"/>
</kw>
<kw name="Create API Session" owner="academy">
<kw name="Create Dictionary" owner="BuiltIn">
<msg time="2024-05-10T16:31:06.672909" level="INFO">${headers} = {'accept': 'application/json', 'Content-Type': 'application/json'}</msg>
<var>${headers}</var>
<arg>accept=application/json</arg>
<arg>Content-Type=application/json</arg>
<doc>Creates and returns a dictionary based on the given ``items``.</doc>
<status status="PASS" start="2024-05-10T16:31:06.672909" elapsed="0.000000"/>
</kw>
<kw name="Create Session" owner="RequestsLibrary">
<msg time="2024-05-10T16:31:06.673909" level="INFO">Creating Session using : alias=APIquality-eagles, url=https://quality-eagles.qacoders-academy.com.br, headers={'accept': 'application/json', 'Content-Type': 'application/json'},                     cookies={}, auth=None, timeout=None, proxies=None, verify=False,                     debug=0 </msg>
<arg>alias=APIquality-eagles</arg>
<arg>url=https://quality-eagles.qacoders-academy.com.br</arg>
<arg>headers=${headers}</arg>
<doc>Create Session: create a HTTP session to a server</doc>
<status status="PASS" start="2024-05-10T16:31:06.673909" elapsed="0.000000"/>
</kw>
<status status="PASS" start="2024-05-10T16:31:06.672909" elapsed="0.001000"/>
</kw>
<kw name="POST On Session" owner="RequestsLibrary">
<msg time="2024-05-10T16:31:06.780841" level="INFO">POST Request : url=https://quality-eagles.qacoders-academy.com.br/api/board 
 path_url=/api/board 
 headers={'User-Agent': 'python-requests/2.31.0', 'Accept-Encoding': 'gzip, deflate', 'accept': 'application/json', 'Connection': 'keep-alive', 'Content-Type': 'application/json', 'Authorization': 'eyJhbGciOiJIUzI1NiIsInR5cCI6IkpXVCJ9.eyJfaWQiOiI2NTMzMDk0NWZiMWY2YzUyZjFjY2RlMzAiLCJmdWxsTmFtZSI6IlFhLUNvZGVycy1TWVNBRE1JTiIsIm1haWwiOiJzeXNhZG1pbkBxYWNvZGVycy5jb20iLCJwYXNzd29yZCI6IiQyYiQxMCQ2a3ZCejBBcjhIeE03TWxteUZjWEVPN3kvdzRrMlpIRFhsVS84TUdmNy9rcEY1UW9VMWVxRyIsImFjY2Vzc1Byb2ZpbGUiOiJTWVNBRE1JTiIsImNwZiI6IjExMTExMTExMTExIiwic3RhdHVzIjp0cnVlLCJhdWRpdCI6W3sicmVnaXN0ZXJlZEJ5Ijp7InVzZXJJZCI6IjExMTExMTExMTExMTExMTExMSIsInVzZXJMb2dpbiI6InN5c2FkbWluQHFhY29kZXJzLmNvbSJ9LCJyZWdpc3RyYXRpb25EYXRlIjoic2V4dGEtZmVpcmEsIDIwLzEwLzIwMjMsIDIwOjEyOjA1IEJSVCIsInJlZ2lzdHJhdGlvbk51bWJlciI6IjAxIiwiY29tcGFueUlkIjoiUWEuQ29kZXJzIiwiX2lkIjoiNjUzMzA5NDVmYjFmNmM1MmYxY2NkZTMxIn1dLCJfX3YiOjAsImlhdCI6MTcxNTM2OTQ4NSwiZXhwIjoxNzE1NDU1ODg1fQ.QNb0bUTB0D4WkR-FDIrXCNSpXd7jiKh1oyCUIMbaoKU', 'Content-Length': '31'} 
 body=b'{"boardName": "N\\u00fameros50"}' 
 </msg>
<msg time="2024-05-10T16:31:06.780841" level="INFO">POST Response : url=https://quality-eagles.qacoders-academy.com.br/api/board 
 status=400, reason=Bad Request 
 headers={'Server': 'nginx/1.18.0 (Ubuntu)', 'Date': 'Fri, 10 May 2024 19:31:25 GMT', 'Content-Type': 'application/json; charset=utf-8', 'Content-Length': '84', 'Connection': 'keep-alive', 'X-Powered-By': 'Express', 'Access-Control-Allow-Origin': '*', 'Access-Control-Allow-Methods': 'GET, POST, OPTIONS, PUT, PATCH, DELETE', 'Access-Control-Allow-Headers': 'Origin, X-Requested-With, Content-Type, Accept, Authorization', 'ETag': 'W/"54-kPAkPq3704yBNDfw0n6YFGiWzyM"'} 
 body={"error":["O campo 'diretoria' só pode conter letras e o caractere especial '&amp;'."]} 
 </msg>
<msg time="2024-05-10T16:31:06.780841" level="INFO">C:\Users\WIN10\AppData\Local\Programs\Python\Python312\Lib\site-packages\urllib3\connectionpool.py:1103: InsecureRequestWarning: Unverified HTTPS request is being made to host 'quality-eagles.qacoders-academy.com.br'. Adding certificate verification is strongly advised. See: https://urllib3.readthedocs.io/en/latest/advanced-usage.html#tls-warnings
  warnings.warn(</msg>
<msg time="2024-05-10T16:31:06.782840" level="INFO">${response} = &lt;Response [400]&gt;</msg>
<var>${response}</var>
<arg>alias=APIquality-eagles</arg>
<arg>url=/api/board</arg>
<arg>json=${body}</arg>
<arg>expected_status=400</arg>
<arg>headers=${headers}</arg>
<doc>Sends a POST request on a previously created HTTP Session.</doc>
<status status="PASS" start="2024-05-10T16:31:06.674908" elapsed="0.107932"/>
</kw>
<kw name="Log" owner="BuiltIn">
<msg time="2024-05-10T16:31:06.784840" level="INFO">{'error': ["O campo 'diretoria' só pode conter letras e o caractere especial '&amp;'."]}</msg>
<arg>${response.json()}</arg>
<doc>Logs the given message with the given level.</doc>
<status status="PASS" start="2024-05-10T16:31:06.782840" elapsed="0.002000"/>
</kw>
<kw name="Dictionary Should Contain Key" owner="Collections">
<msg time="2024-05-10T16:31:06.785838" level="INFO">False</msg>
<arg>${response.json()}</arg>
<arg>error</arg>
<doc>Fails if ``key`` is not found from ``dictionary``.</doc>
<status status="PASS" start="2024-05-10T16:31:06.784840" elapsed="0.001997"/>
</kw>
<kw name="List Should Contain Value" owner="Collections">
<msg time="2024-05-10T16:31:06.787836" level="INFO">False</msg>
<arg>${response.json()}[error]</arg>
<arg>O campo 'diretoria' só pode conter letras e o caractere especial '&amp;'.</arg>
<doc>Fails if the ``value`` is not found from ``list``.</doc>
<status status="PASS" start="2024-05-10T16:31:06.786837" elapsed="0.000999"/>
</kw>
<status status="PASS" start="2024-05-10T16:31:06.670911" elapsed="0.117935"/>
</kw>
<status status="PASS" start="2024-05-10T16:31:05.409129" elapsed="1.380714"/>
</test>
<test id="s1-t3" name="CT - Diretoria com caracteres@" line="15">
<kw name="Create API Session" owner="academy">
<kw name="Create Dictionary" owner="BuiltIn">
<msg time="2024-05-10T16:31:06.794350" level="INFO">${headers} = {'accept': 'application/json', 'Content-Type': 'application/json'}</msg>
<var>${headers}</var>
<arg>accept=application/json</arg>
<arg>Content-Type=application/json</arg>
<doc>Creates and returns a dictionary based on the given ``items``.</doc>
<status status="PASS" start="2024-05-10T16:31:06.793349" elapsed="0.001001"/>
</kw>
<kw name="Create Session" owner="RequestsLibrary">
<msg time="2024-05-10T16:31:06.795348" level="INFO">Creating Session using : alias=APIquality-eagles, url=https://quality-eagles.qacoders-academy.com.br, headers={'accept': 'application/json', 'Content-Type': 'application/json'},                     cookies={}, auth=None, timeout=None, proxies=None, verify=False,                     debug=0 </msg>
<arg>alias=APIquality-eagles</arg>
<arg>url=https://quality-eagles.qacoders-academy.com.br</arg>
<arg>headers=${headers}</arg>
<doc>Create Session: create a HTTP session to a server</doc>
<status status="PASS" start="2024-05-10T16:31:06.794350" elapsed="0.001997"/>
</kw>
<status status="PASS" start="2024-05-10T16:31:06.792376" elapsed="0.003971"/>
</kw>
<kw name="Login de acesso" owner="academy">
<kw name="Create Dictionary" owner="BuiltIn">
<msg time="2024-05-10T16:31:06.798346" level="INFO">${body} = {'mail': 'sysadmin@qacoders.com', 'password': '1234@Test'}</msg>
<var>${body}</var>
<arg>mail=${Emaillogin}</arg>
<arg>password=${Passwordlogin}</arg>
<doc>Creates and returns a dictionary based on the given ``items``.</doc>
<status status="PASS" start="2024-05-10T16:31:06.797346" elapsed="0.001000"/>
</kw>
<kw name="Log" owner="BuiltIn">
<msg time="2024-05-10T16:31:06.799345" level="INFO">{'mail': 'sysadmin@qacoders.com', 'password': '1234@Test'}</msg>
<arg>${body}</arg>
<doc>Logs the given message with the given level.</doc>
<status status="PASS" start="2024-05-10T16:31:06.798346" elapsed="0.000999"/>
</kw>
<kw name="Create API Session" owner="academy">
<kw name="Create Dictionary" owner="BuiltIn">
<msg time="2024-05-10T16:31:06.800344" level="INFO">${headers} = {'accept': 'application/json', 'Content-Type': 'application/json'}</msg>
<var>${headers}</var>
<arg>accept=application/json</arg>
<arg>Content-Type=application/json</arg>
<doc>Creates and returns a dictionary based on the given ``items``.</doc>
<status status="PASS" start="2024-05-10T16:31:06.800344" elapsed="0.000000"/>
</kw>
<kw name="Create Session" owner="RequestsLibrary">
<msg time="2024-05-10T16:31:06.801346" level="INFO">Creating Session using : alias=APIquality-eagles, url=https://quality-eagles.qacoders-academy.com.br, headers={'accept': 'application/json', 'Content-Type': 'application/json'},                     cookies={}, auth=None, timeout=None, proxies=None, verify=False,                     debug=0 </msg>
<arg>alias=APIquality-eagles</arg>
<arg>url=https://quality-eagles.qacoders-academy.com.br</arg>
<arg>headers=${headers}</arg>
<doc>Create Session: create a HTTP session to a server</doc>
<status status="PASS" start="2024-05-10T16:31:06.801346" elapsed="0.000000"/>
</kw>
<status status="PASS" start="2024-05-10T16:31:06.799345" elapsed="0.002999"/>
</kw>
<kw name="POST On Session" owner="RequestsLibrary">
<msg time="2024-05-10T16:31:07.066180" level="INFO">POST Request : url=https://quality-eagles.qacoders-academy.com.br/api/login 
 path_url=/api/login 
 headers={'User-Agent': 'python-requests/2.31.0', 'Accept-Encoding': 'gzip, deflate', 'accept': 'application/json', 'Connection': 'keep-alive', 'Content-Type': 'application/json', 'Content-Length': '58'} 
 body=b'{"mail": "sysadmin@qacoders.com", "password": "1234@Test"}' 
 </msg>
<msg time="2024-05-10T16:31:07.066180" level="INFO">POST Response : url=https://quality-eagles.qacoders-academy.com.br/api/login 
 status=200, reason=OK 
 headers={'Server': 'nginx/1.18.0 (Ubuntu)', 'Date': 'Fri, 10 May 2024 19:31:26 GMT', 'Content-Type': 'application/json; charset=utf-8', 'Transfer-Encoding': 'chunked', 'Connection': 'keep-alive', 'X-Powered-By': 'Express', 'Access-Control-Allow-Origin': '*', 'Access-Control-Allow-Methods': 'GET, POST, OPTIONS, PUT, PATCH, DELETE', 'Access-Control-Allow-Headers': 'Origin, X-Requested-With, Content-Type, Accept, Authorization', 'ETag': 'W/"534-V4OvPrnCeGDW78TcEAysGiG6Fg0"', 'Content-Encoding': 'gzip'} 
 body={"msg":"Olá Qa-Coders-SYSADMIN, autenticação autorizada com sucesso!","user":{"_id":"65330945fb1f6c52f1ccde30","fullName":"Qa-Coders-SYSADMIN","mail":"sysadmin@qacoders.com","password":"$2b$10$6kvBz0Ar8HxM7MlmyFcXEO7y/w4k2ZHDXlU/8MGf7/kpF5QoU1eqG","accessProfile":"SYSADMIN","cpf":"11111111111","status":true,"audit":[{"registeredBy":{"userId":"111111111111111111","userLogin":"sysadmin@qacoders.com"},"registrationDate":"sexta-feira, 20/10/2023, 20:12:05 BRT","registrationNumber":"01","companyId":"Qa.Coders","_id":"65330945fb1f6c52f1ccde31"}],"__v":0},"token":"eyJhbGciOiJIUzI1NiIsInR5cCI6IkpXVCJ9.eyJfaWQiOiI2NTMzMDk0NWZiMWY2YzUyZjFjY2RlMzAiLCJmdWxsTmFtZSI6IlFhLUNvZGVycy1TWVNBRE1JTiIsIm1haWwiOiJzeXNhZG1pbkBxYWNvZGVycy5jb20iLCJwYXNzd29yZCI6IiQyYiQxMCQ2a3ZCejBBcjhIeE03TWxteUZjWEVPN3kvdzRrMlpIRFhsVS84TUdmNy9rcEY1UW9VMWVxRyIsImFjY2Vzc1Byb2ZpbGUiOiJTWVNBRE1JTiIsImNwZiI6IjExMTExMTExMTExIiwic3RhdHVzIjp0cnVlLCJhdWRpdCI6W3sicmVnaXN0ZXJlZEJ5Ijp7InVzZXJJZCI6IjExMTExMTExMTExMTExMTExMSIsInVzZXJMb2dpbiI6InN5c2FkbWluQHFhY29kZXJzLmNvbSJ9LCJyZWdpc3RyYXRpb25EYXRlIjoic2V4dGEtZmVpcmEsIDIwLzEwLzIwMjMsIDIwOjEyOjA1IEJSVCIsInJlZ2lzdHJhdGlvbk51bWJlciI6IjAxIiwiY29tcGFueUlkIjoiUWEuQ29kZXJzIiwiX2lkIjoiNjUzMzA5NDVmYjFmNmM1MmYxY2NkZTMxIn1dLCJfX3YiOjAsImlhdCI6MTcxNTM2OTQ4NiwiZXhwIjoxNzE1NDU1ODg2fQ.-BbYC-TEZ6SAartgCy-QOjPkMvwcWwC6qjDbkXWEdbc"} 
 </msg>
<msg time="2024-05-10T16:31:07.067180" level="INFO">C:\Users\WIN10\AppData\Local\Programs\Python\Python312\Lib\site-packages\urllib3\connectionpool.py:1103: InsecureRequestWarning: Unverified HTTPS request is being made to host 'quality-eagles.qacoders-academy.com.br'. Adding certificate verification is strongly advised. See: https://urllib3.readthedocs.io/en/latest/advanced-usage.html#tls-warnings
  warnings.warn(</msg>
<msg time="2024-05-10T16:31:07.069179" level="INFO">${response} = &lt;Response [200]&gt;</msg>
<var>${response}</var>
<arg>alias=APIquality-eagles</arg>
<arg>url=/api/login</arg>
<arg>json=${body}</arg>
<doc>Sends a POST request on a previously created HTTP Session.</doc>
<status status="PASS" start="2024-05-10T16:31:06.802344" elapsed="0.266835"/>
</kw>
<kw name="Log" owner="BuiltIn">
<msg time="2024-05-10T16:31:07.071175" level="INFO">{'msg': 'Olá Qa-Coders-SYSADMIN, autenticação autorizada com sucesso!', 'user': {'_id': '65330945fb1f6c52f1ccde30', 'fullName': 'Qa-Coders-SYSADMIN', 'mail': 'sysadmin@qacoders.com', 'password': '$2b$10$6kvBz0Ar8HxM7MlmyFcXEO7y/w4k2ZHDXlU/8MGf7/kpF5QoU1eqG', 'accessProfile': 'SYSADMIN', 'cpf': '11111111111', 'status': True, 'audit': [{'registeredBy': {'userId': '111111111111111111', 'userLogin': 'sysadmin@qacoders.com'}, 'registrationDate': 'sexta-feira, 20/10/2023, 20:12:05 BRT', 'registrationNumber': '01', 'companyId': 'Qa.Coders', '_id': '65330945fb1f6c52f1ccde31'}], '__v': 0}, 'token': 'eyJhbGciOiJIUzI1NiIsInR5cCI6IkpXVCJ9.eyJfaWQiOiI2NTMzMDk0NWZiMWY2YzUyZjFjY2RlMzAiLCJmdWxsTmFtZSI6IlFhLUNvZGVycy1TWVNBRE1JTiIsIm1haWwiOiJzeXNhZG1pbkBxYWNvZGVycy5jb20iLCJwYXNzd29yZCI6IiQyYiQxMCQ2a3ZCejBBcjhIeE03TWxteUZjWEVPN3kvdzRrMlpIRFhsVS84TUdmNy9rcEY1UW9VMWVxRyIsImFjY2Vzc1Byb2ZpbGUiOiJTWVNBRE1JTiIsImNwZiI6IjExMTExMTExMTExIiwic3RhdHVzIjp0cnVlLCJhdWRpdCI6W3sicmVnaXN0ZXJlZEJ5Ijp7InVzZXJJZCI6IjExMTExMTExMTExMTExMTExMSIsInVzZXJMb2dpbiI6InN5c2FkbWluQHFhY29kZXJzLmNvbSJ9LCJyZWdpc3RyYXRpb25EYXRlIjoic2V4dGEtZmVpcmEsIDIwLzEwLzIwMjMsIDIwOjEyOjA1IEJSVCIsInJlZ2lzdHJhdGlvbk51bWJlciI6IjAxIiwiY29tcGFueUlkIjoiUWEuQ29kZXJzIiwiX2lkIjoiNjUzMzA5NDVmYjFmNmM1MmYxY2NkZTMxIn1dLCJfX3YiOjAsImlhdCI6MTcxNTM2OTQ4NiwiZXhwIjoxNzE1NDU1ODg2fQ.-BbYC-TEZ6SAartgCy-QOjPkMvwcWwC6qjDbkXWEdbc'}</msg>
<arg>${response.json()}</arg>
<doc>Logs the given message with the given level.</doc>
<status status="PASS" start="2024-05-10T16:31:07.069179" elapsed="0.001996"/>
</kw>
<kw name="Set Test Variable" owner="BuiltIn">
<msg time="2024-05-10T16:31:07.074173" level="INFO">${TOKEN} = eyJhbGciOiJIUzI1NiIsInR5cCI6IkpXVCJ9.eyJfaWQiOiI2NTMzMDk0NWZiMWY2YzUyZjFjY2RlMzAiLCJmdWxsTmFtZSI6IlFhLUNvZGVycy1TWVNBRE1JTiIsIm1haWwiOiJzeXNhZG1pbkBxYWNvZGVycy5jb20iLCJwYXNzd29yZCI6IiQyYiQxMCQ2a3ZCejB...</msg>
<arg>${TOKEN}</arg>
<arg>${response.json()["token"]}</arg>
<doc>Makes a variable available everywhere within the scope of the current test.</doc>
<status status="PASS" start="2024-05-10T16:31:07.071175" elapsed="0.002998"/>
</kw>
<status status="PASS" start="2024-05-10T16:31:06.797346" elapsed="0.276827"/>
</kw>
<kw name="Diretoria com caracteres@" owner="academy">
<kw name="Create Dictionary" owner="BuiltIn">
<msg time="2024-05-10T16:31:07.077172" level="INFO">${headers} = {'Authorization': 'eyJhbGciOiJIUzI1NiIsInR5cCI6IkpXVCJ9.eyJfaWQiOiI2NTMzMDk0NWZiMWY2YzUyZjFjY2RlMzAiLCJmdWxsTmFtZSI6IlFhLUNvZGVycy1TWVNBRE1JTiIsIm1haWwiOiJzeXNhZG1pbkBxYWNvZGVycy5jb20iLCJwYXNzd29yZCI6...</msg>
<var>${headers}</var>
<arg>Authorization=${TOKEN}</arg>
<doc>Creates and returns a dictionary based on the given ``items``.</doc>
<status status="PASS" start="2024-05-10T16:31:07.076172" elapsed="0.001000"/>
</kw>
<kw name="Create Dictionary" owner="BuiltIn">
<msg time="2024-05-10T16:31:07.078172" level="INFO">${body} = {'boardName': 'Diretoria@'}</msg>
<var>${body}</var>
<arg>boardName=${Diretoria@}</arg>
<doc>Creates and returns a dictionary based on the given ``items``.</doc>
<status status="PASS" start="2024-05-10T16:31:07.077172" elapsed="0.001000"/>
</kw>
<kw name="Log" owner="BuiltIn">
<msg time="2024-05-10T16:31:07.078172" level="INFO">{'boardName': 'Diretoria@'}</msg>
<arg>${body}</arg>
<doc>Logs the given message with the given level.</doc>
<status status="PASS" start="2024-05-10T16:31:07.078172" elapsed="0.000000"/>
</kw>
<kw name="Create API Session" owner="academy">
<kw name="Create Dictionary" owner="BuiltIn">
<msg time="2024-05-10T16:31:07.079170" level="INFO">${headers} = {'accept': 'application/json', 'Content-Type': 'application/json'}</msg>
<var>${headers}</var>
<arg>accept=application/json</arg>
<arg>Content-Type=application/json</arg>
<doc>Creates and returns a dictionary based on the given ``items``.</doc>
<status status="PASS" start="2024-05-10T16:31:07.079170" elapsed="0.000000"/>
</kw>
<kw name="Create Session" owner="RequestsLibrary">
<msg time="2024-05-10T16:31:07.080172" level="INFO">Creating Session using : alias=APIquality-eagles, url=https://quality-eagles.qacoders-academy.com.br, headers={'accept': 'application/json', 'Content-Type': 'application/json'},                     cookies={}, auth=None, timeout=None, proxies=None, verify=False,                     debug=0 </msg>
<arg>alias=APIquality-eagles</arg>
<arg>url=https://quality-eagles.qacoders-academy.com.br</arg>
<arg>headers=${headers}</arg>
<doc>Create Session: create a HTTP session to a server</doc>
<status status="PASS" start="2024-05-10T16:31:07.079170" elapsed="0.001002"/>
</kw>
<status status="PASS" start="2024-05-10T16:31:07.078172" elapsed="0.002999"/>
</kw>
<kw name="POST On Session" owner="RequestsLibrary">
<msg time="2024-05-10T16:31:07.194101" level="INFO">POST Request : url=https://quality-eagles.qacoders-academy.com.br/api/board 
 path_url=/api/board 
 headers={'User-Agent': 'python-requests/2.31.0', 'Accept-Encoding': 'gzip, deflate', 'accept': 'application/json', 'Connection': 'keep-alive', 'Content-Type': 'application/json', 'Authorization': 'eyJhbGciOiJIUzI1NiIsInR5cCI6IkpXVCJ9.eyJfaWQiOiI2NTMzMDk0NWZiMWY2YzUyZjFjY2RlMzAiLCJmdWxsTmFtZSI6IlFhLUNvZGVycy1TWVNBRE1JTiIsIm1haWwiOiJzeXNhZG1pbkBxYWNvZGVycy5jb20iLCJwYXNzd29yZCI6IiQyYiQxMCQ2a3ZCejBBcjhIeE03TWxteUZjWEVPN3kvdzRrMlpIRFhsVS84TUdmNy9rcEY1UW9VMWVxRyIsImFjY2Vzc1Byb2ZpbGUiOiJTWVNBRE1JTiIsImNwZiI6IjExMTExMTExMTExIiwic3RhdHVzIjp0cnVlLCJhdWRpdCI6W3sicmVnaXN0ZXJlZEJ5Ijp7InVzZXJJZCI6IjExMTExMTExMTExMTExMTExMSIsInVzZXJMb2dpbiI6InN5c2FkbWluQHFhY29kZXJzLmNvbSJ9LCJyZWdpc3RyYXRpb25EYXRlIjoic2V4dGEtZmVpcmEsIDIwLzEwLzIwMjMsIDIwOjEyOjA1IEJSVCIsInJlZ2lzdHJhdGlvbk51bWJlciI6IjAxIiwiY29tcGFueUlkIjoiUWEuQ29kZXJzIiwiX2lkIjoiNjUzMzA5NDVmYjFmNmM1MmYxY2NkZTMxIn1dLCJfX3YiOjAsImlhdCI6MTcxNTM2OTQ4NiwiZXhwIjoxNzE1NDU1ODg2fQ.-BbYC-TEZ6SAartgCy-QOjPkMvwcWwC6qjDbkXWEdbc', 'Content-Length': '27'} 
 body=b'{"boardName": "Diretoria@"}' 
 </msg>
<msg time="2024-05-10T16:31:07.194101" level="INFO">POST Response : url=https://quality-eagles.qacoders-academy.com.br/api/board 
 status=400, reason=Bad Request 
 headers={'Server': 'nginx/1.18.0 (Ubuntu)', 'Date': 'Fri, 10 May 2024 19:31:26 GMT', 'Content-Type': 'application/json; charset=utf-8', 'Content-Length': '84', 'Connection': 'keep-alive', 'X-Powered-By': 'Express', 'Access-Control-Allow-Origin': '*', 'Access-Control-Allow-Methods': 'GET, POST, OPTIONS, PUT, PATCH, DELETE', 'Access-Control-Allow-Headers': 'Origin, X-Requested-With, Content-Type, Accept, Authorization', 'ETag': 'W/"54-kPAkPq3704yBNDfw0n6YFGiWzyM"'} 
 body={"error":["O campo 'diretoria' só pode conter letras e o caractere especial '&amp;'."]} 
 </msg>
<msg time="2024-05-10T16:31:07.195099" level="INFO">C:\Users\WIN10\AppData\Local\Programs\Python\Python312\Lib\site-packages\urllib3\connectionpool.py:1103: InsecureRequestWarning: Unverified HTTPS request is being made to host 'quality-eagles.qacoders-academy.com.br'. Adding certificate verification is strongly advised. See: https://urllib3.readthedocs.io/en/latest/advanced-usage.html#tls-warnings
  warnings.warn(</msg>
<msg time="2024-05-10T16:31:07.196099" level="INFO">${response} = &lt;Response [400]&gt;</msg>
<var>${response}</var>
<arg>alias=APIquality-eagles</arg>
<arg>url=/api/board</arg>
<arg>json=${body}</arg>
<arg>expected_status=400</arg>
<arg>headers=${headers}</arg>
<doc>Sends a POST request on a previously created HTTP Session.</doc>
<status status="PASS" start="2024-05-10T16:31:07.081171" elapsed="0.114928"/>
</kw>
<kw name="Log" owner="BuiltIn">
<msg time="2024-05-10T16:31:07.198097" level="INFO">{'error': ["O campo 'diretoria' só pode conter letras e o caractere especial '&amp;'."]}</msg>
<arg>${response.json()}</arg>
<doc>Logs the given message with the given level.</doc>
<status status="PASS" start="2024-05-10T16:31:07.197098" elapsed="0.000999"/>
</kw>
<kw name="Dictionary Should Contain Key" owner="Collections">
<msg time="2024-05-10T16:31:07.200097" level="INFO">False</msg>
<arg>${response.json()}</arg>
<arg>error</arg>
<doc>Fails if ``key`` is not found from ``dictionary``.</doc>
<status status="PASS" start="2024-05-10T16:31:07.198097" elapsed="0.002000"/>
</kw>
<kw name="List Should Contain Value" owner="Collections">
<msg time="2024-05-10T16:31:07.201095" level="INFO">False</msg>
<arg>${response.json()}[error]</arg>
<arg>O campo 'diretoria' só pode conter letras e o caractere especial '&amp;'.</arg>
<doc>Fails if the ``value`` is not found from ``list``.</doc>
<status status="PASS" start="2024-05-10T16:31:07.200097" elapsed="0.001999"/>
</kw>
<status status="PASS" start="2024-05-10T16:31:07.075173" elapsed="0.126923"/>
</kw>
<status status="PASS" start="2024-05-10T16:31:06.791837" elapsed="0.410259"/>
</test>
<test id="s1-t4" name="CT - Diretoria em branco" line="19">
<kw name="Create API Session" owner="academy">
<kw name="Create Dictionary" owner="BuiltIn">
<msg time="2024-05-10T16:31:07.206095" level="INFO">${headers} = {'accept': 'application/json', 'Content-Type': 'application/json'}</msg>
<var>${headers}</var>
<arg>accept=application/json</arg>
<arg>Content-Type=application/json</arg>
<doc>Creates and returns a dictionary based on the given ``items``.</doc>
<status status="PASS" start="2024-05-10T16:31:07.206095" elapsed="0.000000"/>
</kw>
<kw name="Create Session" owner="RequestsLibrary">
<msg time="2024-05-10T16:31:07.207093" level="INFO">Creating Session using : alias=APIquality-eagles, url=https://quality-eagles.qacoders-academy.com.br, headers={'accept': 'application/json', 'Content-Type': 'application/json'},                     cookies={}, auth=None, timeout=None, proxies=None, verify=False,                     debug=0 </msg>
<arg>alias=APIquality-eagles</arg>
<arg>url=https://quality-eagles.qacoders-academy.com.br</arg>
<arg>headers=${headers}</arg>
<doc>Create Session: create a HTTP session to a server</doc>
<status status="PASS" start="2024-05-10T16:31:07.207093" elapsed="0.000999"/>
</kw>
<status status="PASS" start="2024-05-10T16:31:07.205093" elapsed="0.002999"/>
</kw>
<kw name="Login de acesso" owner="academy">
<kw name="Create Dictionary" owner="BuiltIn">
<msg time="2024-05-10T16:31:07.211090" level="INFO">${body} = {'mail': 'sysadmin@qacoders.com', 'password': '1234@Test'}</msg>
<var>${body}</var>
<arg>mail=${Emaillogin}</arg>
<arg>password=${Passwordlogin}</arg>
<doc>Creates and returns a dictionary based on the given ``items``.</doc>
<status status="PASS" start="2024-05-10T16:31:07.210091" elapsed="0.000999"/>
</kw>
<kw name="Log" owner="BuiltIn">
<msg time="2024-05-10T16:31:07.212091" level="INFO">{'mail': 'sysadmin@qacoders.com', 'password': '1234@Test'}</msg>
<arg>${body}</arg>
<doc>Logs the given message with the given level.</doc>
<status status="PASS" start="2024-05-10T16:31:07.212091" elapsed="0.000999"/>
</kw>
<kw name="Create API Session" owner="academy">
<kw name="Create Dictionary" owner="BuiltIn">
<msg time="2024-05-10T16:31:07.214089" level="INFO">${headers} = {'accept': 'application/json', 'Content-Type': 'application/json'}</msg>
<var>${headers}</var>
<arg>accept=application/json</arg>
<arg>Content-Type=application/json</arg>
<doc>Creates and returns a dictionary based on the given ``items``.</doc>
<status status="PASS" start="2024-05-10T16:31:07.214089" elapsed="0.000000"/>
</kw>
<kw name="Create Session" owner="RequestsLibrary">
<msg time="2024-05-10T16:31:07.215093" level="INFO">Creating Session using : alias=APIquality-eagles, url=https://quality-eagles.qacoders-academy.com.br, headers={'accept': 'application/json', 'Content-Type': 'application/json'},                     cookies={}, auth=None, timeout=None, proxies=None, verify=False,                     debug=0 </msg>
<arg>alias=APIquality-eagles</arg>
<arg>url=https://quality-eagles.qacoders-academy.com.br</arg>
<arg>headers=${headers}</arg>
<doc>Create Session: create a HTTP session to a server</doc>
<status status="PASS" start="2024-05-10T16:31:07.215093" elapsed="0.000995"/>
</kw>
<status status="PASS" start="2024-05-10T16:31:07.213090" elapsed="0.002998"/>
</kw>
<kw name="POST On Session" owner="RequestsLibrary">
<msg time="2024-05-10T16:31:07.494919" level="INFO">POST Request : url=https://quality-eagles.qacoders-academy.com.br/api/login 
 path_url=/api/login 
 headers={'User-Agent': 'python-requests/2.31.0', 'Accept-Encoding': 'gzip, deflate', 'accept': 'application/json', 'Connection': 'keep-alive', 'Content-Type': 'application/json', 'Content-Length': '58'} 
 body=b'{"mail": "sysadmin@qacoders.com", "password": "1234@Test"}' 
 </msg>
<msg time="2024-05-10T16:31:07.494919" level="INFO">POST Response : url=https://quality-eagles.qacoders-academy.com.br/api/login 
 status=200, reason=OK 
 headers={'Server': 'nginx/1.18.0 (Ubuntu)', 'Date': 'Fri, 10 May 2024 19:31:26 GMT', 'Content-Type': 'application/json; charset=utf-8', 'Transfer-Encoding': 'chunked', 'Connection': 'keep-alive', 'X-Powered-By': 'Express', 'Access-Control-Allow-Origin': '*', 'Access-Control-Allow-Methods': 'GET, POST, OPTIONS, PUT, PATCH, DELETE', 'Access-Control-Allow-Headers': 'Origin, X-Requested-With, Content-Type, Accept, Authorization', 'ETag': 'W/"534-V4OvPrnCeGDW78TcEAysGiG6Fg0"', 'Content-Encoding': 'gzip'} 
 body={"msg":"Olá Qa-Coders-SYSADMIN, autenticação autorizada com sucesso!","user":{"_id":"65330945fb1f6c52f1ccde30","fullName":"Qa-Coders-SYSADMIN","mail":"sysadmin@qacoders.com","password":"$2b$10$6kvBz0Ar8HxM7MlmyFcXEO7y/w4k2ZHDXlU/8MGf7/kpF5QoU1eqG","accessProfile":"SYSADMIN","cpf":"11111111111","status":true,"audit":[{"registeredBy":{"userId":"111111111111111111","userLogin":"sysadmin@qacoders.com"},"registrationDate":"sexta-feira, 20/10/2023, 20:12:05 BRT","registrationNumber":"01","companyId":"Qa.Coders","_id":"65330945fb1f6c52f1ccde31"}],"__v":0},"token":"eyJhbGciOiJIUzI1NiIsInR5cCI6IkpXVCJ9.eyJfaWQiOiI2NTMzMDk0NWZiMWY2YzUyZjFjY2RlMzAiLCJmdWxsTmFtZSI6IlFhLUNvZGVycy1TWVNBRE1JTiIsIm1haWwiOiJzeXNhZG1pbkBxYWNvZGVycy5jb20iLCJwYXNzd29yZCI6IiQyYiQxMCQ2a3ZCejBBcjhIeE03TWxteUZjWEVPN3kvdzRrMlpIRFhsVS84TUdmNy9rcEY1UW9VMWVxRyIsImFjY2Vzc1Byb2ZpbGUiOiJTWVNBRE1JTiIsImNwZiI6IjExMTExMTExMTExIiwic3RhdHVzIjp0cnVlLCJhdWRpdCI6W3sicmVnaXN0ZXJlZEJ5Ijp7InVzZXJJZCI6IjExMTExMTExMTExMTExMTExMSIsInVzZXJMb2dpbiI6InN5c2FkbWluQHFhY29kZXJzLmNvbSJ9LCJyZWdpc3RyYXRpb25EYXRlIjoic2V4dGEtZmVpcmEsIDIwLzEwLzIwMjMsIDIwOjEyOjA1IEJSVCIsInJlZ2lzdHJhdGlvbk51bWJlciI6IjAxIiwiY29tcGFueUlkIjoiUWEuQ29kZXJzIiwiX2lkIjoiNjUzMzA5NDVmYjFmNmM1MmYxY2NkZTMxIn1dLCJfX3YiOjAsImlhdCI6MTcxNTM2OTQ4NiwiZXhwIjoxNzE1NDU1ODg2fQ.-BbYC-TEZ6SAartgCy-QOjPkMvwcWwC6qjDbkXWEdbc"} 
 </msg>
<msg time="2024-05-10T16:31:07.494919" level="INFO">C:\Users\WIN10\AppData\Local\Programs\Python\Python312\Lib\site-packages\urllib3\connectionpool.py:1103: InsecureRequestWarning: Unverified HTTPS request is being made to host 'quality-eagles.qacoders-academy.com.br'. Adding certificate verification is strongly advised. See: https://urllib3.readthedocs.io/en/latest/advanced-usage.html#tls-warnings
  warnings.warn(</msg>
<msg time="2024-05-10T16:31:07.495918" level="INFO">${response} = &lt;Response [200]&gt;</msg>
<var>${response}</var>
<arg>alias=APIquality-eagles</arg>
<arg>url=/api/login</arg>
<arg>json=${body}</arg>
<doc>Sends a POST request on a previously created HTTP Session.</doc>
<status status="PASS" start="2024-05-10T16:31:07.216088" elapsed="0.280830"/>
</kw>
<kw name="Log" owner="BuiltIn">
<msg time="2024-05-10T16:31:07.497917" level="INFO">{'msg': 'Olá Qa-Coders-SYSADMIN, autenticação autorizada com sucesso!', 'user': {'_id': '65330945fb1f6c52f1ccde30', 'fullName': 'Qa-Coders-SYSADMIN', 'mail': 'sysadmin@qacoders.com', 'password': '$2b$10$6kvBz0Ar8HxM7MlmyFcXEO7y/w4k2ZHDXlU/8MGf7/kpF5QoU1eqG', 'accessProfile': 'SYSADMIN', 'cpf': '11111111111', 'status': True, 'audit': [{'registeredBy': {'userId': '111111111111111111', 'userLogin': 'sysadmin@qacoders.com'}, 'registrationDate': 'sexta-feira, 20/10/2023, 20:12:05 BRT', 'registrationNumber': '01', 'companyId': 'Qa.Coders', '_id': '65330945fb1f6c52f1ccde31'}], '__v': 0}, 'token': 'eyJhbGciOiJIUzI1NiIsInR5cCI6IkpXVCJ9.eyJfaWQiOiI2NTMzMDk0NWZiMWY2YzUyZjFjY2RlMzAiLCJmdWxsTmFtZSI6IlFhLUNvZGVycy1TWVNBRE1JTiIsIm1haWwiOiJzeXNhZG1pbkBxYWNvZGVycy5jb20iLCJwYXNzd29yZCI6IiQyYiQxMCQ2a3ZCejBBcjhIeE03TWxteUZjWEVPN3kvdzRrMlpIRFhsVS84TUdmNy9rcEY1UW9VMWVxRyIsImFjY2Vzc1Byb2ZpbGUiOiJTWVNBRE1JTiIsImNwZiI6IjExMTExMTExMTExIiwic3RhdHVzIjp0cnVlLCJhdWRpdCI6W3sicmVnaXN0ZXJlZEJ5Ijp7InVzZXJJZCI6IjExMTExMTExMTExMTExMTExMSIsInVzZXJMb2dpbiI6InN5c2FkbWluQHFhY29kZXJzLmNvbSJ9LCJyZWdpc3RyYXRpb25EYXRlIjoic2V4dGEtZmVpcmEsIDIwLzEwLzIwMjMsIDIwOjEyOjA1IEJSVCIsInJlZ2lzdHJhdGlvbk51bWJlciI6IjAxIiwiY29tcGFueUlkIjoiUWEuQ29kZXJzIiwiX2lkIjoiNjUzMzA5NDVmYjFmNmM1MmYxY2NkZTMxIn1dLCJfX3YiOjAsImlhdCI6MTcxNTM2OTQ4NiwiZXhwIjoxNzE1NDU1ODg2fQ.-BbYC-TEZ6SAartgCy-QOjPkMvwcWwC6qjDbkXWEdbc'}</msg>
<arg>${response.json()}</arg>
<doc>Logs the given message with the given level.</doc>
<status status="PASS" start="2024-05-10T16:31:07.496918" elapsed="0.000999"/>
</kw>
<kw name="Set Test Variable" owner="BuiltIn">
<msg time="2024-05-10T16:31:07.499918" level="INFO">${TOKEN} = eyJhbGciOiJIUzI1NiIsInR5cCI6IkpXVCJ9.eyJfaWQiOiI2NTMzMDk0NWZiMWY2YzUyZjFjY2RlMzAiLCJmdWxsTmFtZSI6IlFhLUNvZGVycy1TWVNBRE1JTiIsIm1haWwiOiJzeXNhZG1pbkBxYWNvZGVycy5jb20iLCJwYXNzd29yZCI6IiQyYiQxMCQ2a3ZCejB...</msg>
<arg>${TOKEN}</arg>
<arg>${response.json()["token"]}</arg>
<doc>Makes a variable available everywhere within the scope of the current test.</doc>
<status status="PASS" start="2024-05-10T16:31:07.497917" elapsed="0.002001"/>
</kw>
<status status="PASS" start="2024-05-10T16:31:07.209092" elapsed="0.290826"/>
</kw>
<kw name="Diretoria em branco" owner="academy">
<kw name="Create Dictionary" owner="BuiltIn">
<msg time="2024-05-10T16:31:07.501916" level="INFO">${headers} = {'Authorization': 'eyJhbGciOiJIUzI1NiIsInR5cCI6IkpXVCJ9.eyJfaWQiOiI2NTMzMDk0NWZiMWY2YzUyZjFjY2RlMzAiLCJmdWxsTmFtZSI6IlFhLUNvZGVycy1TWVNBRE1JTiIsIm1haWwiOiJzeXNhZG1pbkBxYWNvZGVycy5jb20iLCJwYXNzd29yZCI6...</msg>
<var>${headers}</var>
<arg>Authorization=${TOKEN}</arg>
<doc>Creates and returns a dictionary based on the given ``items``.</doc>
<status status="PASS" start="2024-05-10T16:31:07.500916" elapsed="0.001000"/>
</kw>
<kw name="Create Dictionary" owner="BuiltIn">
<msg time="2024-05-10T16:31:07.501916" level="INFO">${body} = {'boardName': ''}</msg>
<var>${body}</var>
<arg>boardName=</arg>
<doc>Creates and returns a dictionary based on the given ``items``.</doc>
<status status="PASS" start="2024-05-10T16:31:07.501916" elapsed="0.000000"/>
</kw>
<kw name="Log" owner="BuiltIn">
<msg time="2024-05-10T16:31:07.502915" level="INFO">{'boardName': ''}</msg>
<arg>${body}</arg>
<doc>Logs the given message with the given level.</doc>
<status status="PASS" start="2024-05-10T16:31:07.501916" elapsed="0.000999"/>
</kw>
<kw name="Create API Session" owner="academy">
<kw name="Create Dictionary" owner="BuiltIn">
<msg time="2024-05-10T16:31:07.502915" level="INFO">${headers} = {'accept': 'application/json', 'Content-Type': 'application/json'}</msg>
<var>${headers}</var>
<arg>accept=application/json</arg>
<arg>Content-Type=application/json</arg>
<doc>Creates and returns a dictionary based on the given ``items``.</doc>
<status status="PASS" start="2024-05-10T16:31:07.502915" elapsed="0.000000"/>
</kw>
<kw name="Create Session" owner="RequestsLibrary">
<msg time="2024-05-10T16:31:07.503914" level="INFO">Creating Session using : alias=APIquality-eagles, url=https://quality-eagles.qacoders-academy.com.br, headers={'accept': 'application/json', 'Content-Type': 'application/json'},                     cookies={}, auth=None, timeout=None, proxies=None, verify=False,                     debug=0 </msg>
<arg>alias=APIquality-eagles</arg>
<arg>url=https://quality-eagles.qacoders-academy.com.br</arg>
<arg>headers=${headers}</arg>
<doc>Create Session: create a HTTP session to a server</doc>
<status status="PASS" start="2024-05-10T16:31:07.503914" elapsed="0.000000"/>
</kw>
<status status="PASS" start="2024-05-10T16:31:07.502915" elapsed="0.001999"/>
</kw>
<kw name="POST On Session" owner="RequestsLibrary">
<msg time="2024-05-10T16:31:07.611846" level="INFO">POST Request : url=https://quality-eagles.qacoders-academy.com.br/api/board 
 path_url=/api/board 
 headers={'User-Agent': 'python-requests/2.31.0', 'Accept-Encoding': 'gzip, deflate', 'accept': 'application/json', 'Connection': 'keep-alive', 'Content-Type': 'application/json', 'Authorization': 'eyJhbGciOiJIUzI1NiIsInR5cCI6IkpXVCJ9.eyJfaWQiOiI2NTMzMDk0NWZiMWY2YzUyZjFjY2RlMzAiLCJmdWxsTmFtZSI6IlFhLUNvZGVycy1TWVNBRE1JTiIsIm1haWwiOiJzeXNhZG1pbkBxYWNvZGVycy5jb20iLCJwYXNzd29yZCI6IiQyYiQxMCQ2a3ZCejBBcjhIeE03TWxteUZjWEVPN3kvdzRrMlpIRFhsVS84TUdmNy9rcEY1UW9VMWVxRyIsImFjY2Vzc1Byb2ZpbGUiOiJTWVNBRE1JTiIsImNwZiI6IjExMTExMTExMTExIiwic3RhdHVzIjp0cnVlLCJhdWRpdCI6W3sicmVnaXN0ZXJlZEJ5Ijp7InVzZXJJZCI6IjExMTExMTExMTExMTExMTExMSIsInVzZXJMb2dpbiI6InN5c2FkbWluQHFhY29kZXJzLmNvbSJ9LCJyZWdpc3RyYXRpb25EYXRlIjoic2V4dGEtZmVpcmEsIDIwLzEwLzIwMjMsIDIwOjEyOjA1IEJSVCIsInJlZ2lzdHJhdGlvbk51bWJlciI6IjAxIiwiY29tcGFueUlkIjoiUWEuQ29kZXJzIiwiX2lkIjoiNjUzMzA5NDVmYjFmNmM1MmYxY2NkZTMxIn1dLCJfX3YiOjAsImlhdCI6MTcxNTM2OTQ4NiwiZXhwIjoxNzE1NDU1ODg2fQ.-BbYC-TEZ6SAartgCy-QOjPkMvwcWwC6qjDbkXWEdbc', 'Content-Length': '17'} 
 body=b'{"boardName": ""}' 
 </msg>
<msg time="2024-05-10T16:31:07.611846" level="INFO">POST Response : url=https://quality-eagles.qacoders-academy.com.br/api/board 
 status=400, reason=Bad Request 
 headers={'Server': 'nginx/1.18.0 (Ubuntu)', 'Date': 'Fri, 10 May 2024 19:31:26 GMT', 'Content-Type': 'application/json; charset=utf-8', 'Content-Length': '50', 'Connection': 'keep-alive', 'X-Powered-By': 'Express', 'Access-Control-Allow-Origin': '*', 'Access-Control-Allow-Methods': 'GET, POST, OPTIONS, PUT, PATCH, DELETE', 'Access-Control-Allow-Headers': 'Origin, X-Requested-With, Content-Type, Accept, Authorization', 'ETag': 'W/"32-+CwHCnr2cCygkjBKgpOJ2v10f8g"'} 
 body={"error":["O campo 'diretoria' é obrigatório."]} 
 </msg>
<msg time="2024-05-10T16:31:07.611846" level="INFO">C:\Users\WIN10\AppData\Local\Programs\Python\Python312\Lib\site-packages\urllib3\connectionpool.py:1103: InsecureRequestWarning: Unverified HTTPS request is being made to host 'quality-eagles.qacoders-academy.com.br'. Adding certificate verification is strongly advised. See: https://urllib3.readthedocs.io/en/latest/advanced-usage.html#tls-warnings
  warnings.warn(</msg>
<msg time="2024-05-10T16:31:07.612846" level="INFO">${response} = &lt;Response [400]&gt;</msg>
<var>${response}</var>
<arg>alias=APIquality-eagles</arg>
<arg>url=/api/board</arg>
<arg>json=${body}</arg>
<arg>expected_status=400</arg>
<arg>headers=${headers}</arg>
<doc>Sends a POST request on a previously created HTTP Session.</doc>
<status status="PASS" start="2024-05-10T16:31:07.504914" elapsed="0.108934"/>
</kw>
<kw name="Log" owner="BuiltIn">
<msg time="2024-05-10T16:31:07.614845" level="INFO">{'error': ["O campo 'diretoria' é obrigatório."]}</msg>
<arg>${response.json()}</arg>
<doc>Logs the given message with the given level.</doc>
<status status="PASS" start="2024-05-10T16:31:07.613848" elapsed="0.000997"/>
</kw>
<kw name="Dictionary Should Contain Key" owner="Collections">
<msg time="2024-05-10T16:31:07.616846" level="INFO">False</msg>
<arg>${response.json()}</arg>
<arg>error</arg>
<doc>Fails if ``key`` is not found from ``dictionary``.</doc>
<status status="PASS" start="2024-05-10T16:31:07.615844" elapsed="0.001002"/>
</kw>
<kw name="List Should Contain Value" owner="Collections">
<msg time="2024-05-10T16:31:07.617844" level="INFO">False</msg>
<arg>${response.json()}[error]</arg>
<arg>O campo 'diretoria' é obrigatório.</arg>
<doc>Fails if the ``value`` is not found from ``list``.</doc>
<status status="PASS" start="2024-05-10T16:31:07.616846" elapsed="0.001997"/>
</kw>
<status status="PASS" start="2024-05-10T16:31:07.500916" elapsed="0.117927"/>
</kw>
<status status="PASS" start="2024-05-10T16:31:07.204093" elapsed="0.414750"/>
</test>
<test id="s1-t5" name="CT - Diretoria com letras maiúsculas" line="23">
<kw name="Create API Session" owner="academy">
<kw name="Create Dictionary" owner="BuiltIn">
<msg time="2024-05-10T16:31:07.622843" level="INFO">${headers} = {'accept': 'application/json', 'Content-Type': 'application/json'}</msg>
<var>${headers}</var>
<arg>accept=application/json</arg>
<arg>Content-Type=application/json</arg>
<doc>Creates and returns a dictionary based on the given ``items``.</doc>
<status status="PASS" start="2024-05-10T16:31:07.621841" elapsed="0.001002"/>
</kw>
<kw name="Create Session" owner="RequestsLibrary">
<msg time="2024-05-10T16:31:07.623840" level="INFO">Creating Session using : alias=APIquality-eagles, url=https://quality-eagles.qacoders-academy.com.br, headers={'accept': 'application/json', 'Content-Type': 'application/json'},                     cookies={}, auth=None, timeout=None, proxies=None, verify=False,                     debug=0 </msg>
<arg>alias=APIquality-eagles</arg>
<arg>url=https://quality-eagles.qacoders-academy.com.br</arg>
<arg>headers=${headers}</arg>
<doc>Create Session: create a HTTP session to a server</doc>
<status status="PASS" start="2024-05-10T16:31:07.622843" elapsed="0.000997"/>
</kw>
<status status="PASS" start="2024-05-10T16:31:07.621841" elapsed="0.002999"/>
</kw>
<kw name="Login de acesso" owner="academy">
<kw name="Create Dictionary" owner="BuiltIn">
<msg time="2024-05-10T16:31:07.627842" level="INFO">${body} = {'mail': 'sysadmin@qacoders.com', 'password': '1234@Test'}</msg>
<var>${body}</var>
<arg>mail=${Emaillogin}</arg>
<arg>password=${Passwordlogin}</arg>
<doc>Creates and returns a dictionary based on the given ``items``.</doc>
<status status="PASS" start="2024-05-10T16:31:07.626838" elapsed="0.001004"/>
</kw>
<kw name="Log" owner="BuiltIn">
<msg time="2024-05-10T16:31:07.628839" level="INFO">{'mail': 'sysadmin@qacoders.com', 'password': '1234@Test'}</msg>
<arg>${body}</arg>
<doc>Logs the given message with the given level.</doc>
<status status="PASS" start="2024-05-10T16:31:07.628839" elapsed="0.001000"/>
</kw>
<kw name="Create API Session" owner="academy">
<kw name="Create Dictionary" owner="BuiltIn">
<msg time="2024-05-10T16:31:07.631838" level="INFO">${headers} = {'accept': 'application/json', 'Content-Type': 'application/json'}</msg>
<var>${headers}</var>
<arg>accept=application/json</arg>
<arg>Content-Type=application/json</arg>
<doc>Creates and returns a dictionary based on the given ``items``.</doc>
<status status="PASS" start="2024-05-10T16:31:07.630837" elapsed="0.001001"/>
</kw>
<kw name="Create Session" owner="RequestsLibrary">
<msg time="2024-05-10T16:31:07.632834" level="INFO">Creating Session using : alias=APIquality-eagles, url=https://quality-eagles.qacoders-academy.com.br, headers={'accept': 'application/json', 'Content-Type': 'application/json'},                     cookies={}, auth=None, timeout=None, proxies=None, verify=False,                     debug=0 </msg>
<arg>alias=APIquality-eagles</arg>
<arg>url=https://quality-eagles.qacoders-academy.com.br</arg>
<arg>headers=${headers}</arg>
<doc>Create Session: create a HTTP session to a server</doc>
<status status="PASS" start="2024-05-10T16:31:07.631838" elapsed="0.000996"/>
</kw>
<status status="PASS" start="2024-05-10T16:31:07.629839" elapsed="0.002995"/>
</kw>
<kw name="POST On Session" owner="RequestsLibrary">
<msg time="2024-05-10T16:31:07.864691" level="INFO">POST Request : url=https://quality-eagles.qacoders-academy.com.br/api/login 
 path_url=/api/login 
 headers={'User-Agent': 'python-requests/2.31.0', 'Accept-Encoding': 'gzip, deflate', 'accept': 'application/json', 'Connection': 'keep-alive', 'Content-Type': 'application/json', 'Content-Length': '58'} 
 body=b'{"mail": "sysadmin@qacoders.com", "password": "1234@Test"}' 
 </msg>
<msg time="2024-05-10T16:31:07.864691" level="INFO">POST Response : url=https://quality-eagles.qacoders-academy.com.br/api/login 
 status=200, reason=OK 
 headers={'Server': 'nginx/1.18.0 (Ubuntu)', 'Date': 'Fri, 10 May 2024 19:31:27 GMT', 'Content-Type': 'application/json; charset=utf-8', 'Transfer-Encoding': 'chunked', 'Connection': 'keep-alive', 'X-Powered-By': 'Express', 'Access-Control-Allow-Origin': '*', 'Access-Control-Allow-Methods': 'GET, POST, OPTIONS, PUT, PATCH, DELETE', 'Access-Control-Allow-Headers': 'Origin, X-Requested-With, Content-Type, Accept, Authorization', 'ETag': 'W/"534-K7k3CEIHvuayg3GsvLHHlRtTtQQ"', 'Content-Encoding': 'gzip'} 
 body={"msg":"Olá Qa-Coders-SYSADMIN, autenticação autorizada com sucesso!","user":{"_id":"65330945fb1f6c52f1ccde30","fullName":"Qa-Coders-SYSADMIN","mail":"sysadmin@qacoders.com","password":"$2b$10$6kvBz0Ar8HxM7MlmyFcXEO7y/w4k2ZHDXlU/8MGf7/kpF5QoU1eqG","accessProfile":"SYSADMIN","cpf":"11111111111","status":true,"audit":[{"registeredBy":{"userId":"111111111111111111","userLogin":"sysadmin@qacoders.com"},"registrationDate":"sexta-feira, 20/10/2023, 20:12:05 BRT","registrationNumber":"01","companyId":"Qa.Coders","_id":"65330945fb1f6c52f1ccde31"}],"__v":0},"token":"eyJhbGciOiJIUzI1NiIsInR5cCI6IkpXVCJ9.eyJfaWQiOiI2NTMzMDk0NWZiMWY2YzUyZjFjY2RlMzAiLCJmdWxsTmFtZSI6IlFhLUNvZGVycy1TWVNBRE1JTiIsIm1haWwiOiJzeXNhZG1pbkBxYWNvZGVycy5jb20iLCJwYXNzd29yZCI6IiQyYiQxMCQ2a3ZCejBBcjhIeE03TWxteUZjWEVPN3kvdzRrMlpIRFhsVS84TUdmNy9rcEY1UW9VMWVxRyIsImFjY2Vzc1Byb2ZpbGUiOiJTWVNBRE1JTiIsImNwZiI6IjExMTExMTExMTExIiwic3RhdHVzIjp0cnVlLCJhdWRpdCI6W3sicmVnaXN0ZXJlZEJ5Ijp7InVzZXJJZCI6IjExMTExMTExMTExMTExMTExMSIsInVzZXJMb2dpbiI6InN5c2FkbWluQHFhY29kZXJzLmNvbSJ9LCJyZWdpc3RyYXRpb25EYXRlIjoic2V4dGEtZmVpcmEsIDIwLzEwLzIwMjMsIDIwOjEyOjA1IEJSVCIsInJlZ2lzdHJhdGlvbk51bWJlciI6IjAxIiwiY29tcGFueUlkIjoiUWEuQ29kZXJzIiwiX2lkIjoiNjUzMzA5NDVmYjFmNmM1MmYxY2NkZTMxIn1dLCJfX3YiOjAsImlhdCI6MTcxNTM2OTQ4NywiZXhwIjoxNzE1NDU1ODg3fQ.trrYvTBwiGAiDp0Df7XsvQ6ZLyEdsw3hI_OW3wNUhWc"} 
 </msg>
<msg time="2024-05-10T16:31:07.864691" level="INFO">C:\Users\WIN10\AppData\Local\Programs\Python\Python312\Lib\site-packages\urllib3\connectionpool.py:1103: InsecureRequestWarning: Unverified HTTPS request is being made to host 'quality-eagles.qacoders-academy.com.br'. Adding certificate verification is strongly advised. See: https://urllib3.readthedocs.io/en/latest/advanced-usage.html#tls-warnings
  warnings.warn(</msg>
<msg time="2024-05-10T16:31:07.866689" level="INFO">${response} = &lt;Response [200]&gt;</msg>
<var>${response}</var>
<arg>alias=APIquality-eagles</arg>
<arg>url=/api/login</arg>
<arg>json=${body}</arg>
<doc>Sends a POST request on a previously created HTTP Session.</doc>
<status status="PASS" start="2024-05-10T16:31:07.633835" elapsed="0.232854"/>
</kw>
<kw name="Log" owner="BuiltIn">
<msg time="2024-05-10T16:31:07.868687" level="INFO">{'msg': 'Olá Qa-Coders-SYSADMIN, autenticação autorizada com sucesso!', 'user': {'_id': '65330945fb1f6c52f1ccde30', 'fullName': 'Qa-Coders-SYSADMIN', 'mail': 'sysadmin@qacoders.com', 'password': '$2b$10$6kvBz0Ar8HxM7MlmyFcXEO7y/w4k2ZHDXlU/8MGf7/kpF5QoU1eqG', 'accessProfile': 'SYSADMIN', 'cpf': '11111111111', 'status': True, 'audit': [{'registeredBy': {'userId': '111111111111111111', 'userLogin': 'sysadmin@qacoders.com'}, 'registrationDate': 'sexta-feira, 20/10/2023, 20:12:05 BRT', 'registrationNumber': '01', 'companyId': 'Qa.Coders', '_id': '65330945fb1f6c52f1ccde31'}], '__v': 0}, 'token': 'eyJhbGciOiJIUzI1NiIsInR5cCI6IkpXVCJ9.eyJfaWQiOiI2NTMzMDk0NWZiMWY2YzUyZjFjY2RlMzAiLCJmdWxsTmFtZSI6IlFhLUNvZGVycy1TWVNBRE1JTiIsIm1haWwiOiJzeXNhZG1pbkBxYWNvZGVycy5jb20iLCJwYXNzd29yZCI6IiQyYiQxMCQ2a3ZCejBBcjhIeE03TWxteUZjWEVPN3kvdzRrMlpIRFhsVS84TUdmNy9rcEY1UW9VMWVxRyIsImFjY2Vzc1Byb2ZpbGUiOiJTWVNBRE1JTiIsImNwZiI6IjExMTExMTExMTExIiwic3RhdHVzIjp0cnVlLCJhdWRpdCI6W3sicmVnaXN0ZXJlZEJ5Ijp7InVzZXJJZCI6IjExMTExMTExMTExMTExMTExMSIsInVzZXJMb2dpbiI6InN5c2FkbWluQHFhY29kZXJzLmNvbSJ9LCJyZWdpc3RyYXRpb25EYXRlIjoic2V4dGEtZmVpcmEsIDIwLzEwLzIwMjMsIDIwOjEyOjA1IEJSVCIsInJlZ2lzdHJhdGlvbk51bWJlciI6IjAxIiwiY29tcGFueUlkIjoiUWEuQ29kZXJzIiwiX2lkIjoiNjUzMzA5NDVmYjFmNmM1MmYxY2NkZTMxIn1dLCJfX3YiOjAsImlhdCI6MTcxNTM2OTQ4NywiZXhwIjoxNzE1NDU1ODg3fQ.trrYvTBwiGAiDp0Df7XsvQ6ZLyEdsw3hI_OW3wNUhWc'}</msg>
<arg>${response.json()}</arg>
<doc>Logs the given message with the given level.</doc>
<status status="PASS" start="2024-05-10T16:31:07.866689" elapsed="0.001998"/>
</kw>
<kw name="Set Test Variable" owner="BuiltIn">
<msg time="2024-05-10T16:31:07.871687" level="INFO">${TOKEN} = eyJhbGciOiJIUzI1NiIsInR5cCI6IkpXVCJ9.eyJfaWQiOiI2NTMzMDk0NWZiMWY2YzUyZjFjY2RlMzAiLCJmdWxsTmFtZSI6IlFhLUNvZGVycy1TWVNBRE1JTiIsIm1haWwiOiJzeXNhZG1pbkBxYWNvZGVycy5jb20iLCJwYXNzd29yZCI6IiQyYiQxMCQ2a3ZCejB...</msg>
<arg>${TOKEN}</arg>
<arg>${response.json()["token"]}</arg>
<doc>Makes a variable available everywhere within the scope of the current test.</doc>
<status status="PASS" start="2024-05-10T16:31:07.868687" elapsed="0.003000"/>
</kw>
<status status="PASS" start="2024-05-10T16:31:07.624840" elapsed="0.247845"/>
</kw>
<kw name="Criar palavras rondomicas para diretoria" owner="academy">
<kw name="Generate Random String" owner="String">
<msg time="2024-05-10T16:31:07.873685" level="INFO">${nomediretoria_rondomica} = xDmDclyP</msg>
<var>${nomediretoria_rondomica}</var>
<arg>8</arg>
<arg>chars=[LETTERS]</arg>
<doc>Generates a string with a desired ``length`` from the given ``chars``.</doc>
<status status="PASS" start="2024-05-10T16:31:07.873685" elapsed="0.000000"/>
</kw>
<kw name="Convert To Lower Case" owner="String">
<msg time="2024-05-10T16:31:07.874684" level="INFO">${nomediretoria_rondomica} = xdmdclyp=</msg>
<var>${nomediretoria_rondomica}</var>
<arg>${nomediretoria_rondomica}=</arg>
<doc>Converts string to lower case.</doc>
<status status="PASS" start="2024-05-10T16:31:07.873685" elapsed="0.000999"/>
</kw>
<kw name="Set Test Variable" owner="BuiltIn">
<msg time="2024-05-10T16:31:07.875684" level="INFO">${diretoria} = xdmdclyp==</msg>
<arg>${diretoria}</arg>
<arg>${nomediretoria_rondomica}=</arg>
<doc>Makes a variable available everywhere within the scope of the current test.</doc>
<status status="PASS" start="2024-05-10T16:31:07.874684" elapsed="0.001000"/>
</kw>
<kw name="Generate Random String" owner="String">
<msg time="2024-05-10T16:31:07.876682" level="INFO">${letrasmaiusculas_rondomica} = rzJptnOY</msg>
<var>${letrasmaiusculas_rondomica}</var>
<arg>8</arg>
<arg>chars=[LETTERS]</arg>
<doc>Generates a string with a desired ``length`` from the given ``chars``.</doc>
<status status="PASS" start="2024-05-10T16:31:07.875684" elapsed="0.000998"/>
</kw>
<kw name="Convert To Upper Case" owner="String">
<msg time="2024-05-10T16:31:07.876682" level="INFO">${letrasmaiusculas_rondomica} = RZJPTNOY</msg>
<var>${letrasmaiusculas_rondomica}</var>
<arg>${letrasmaiusculas_rondomica}</arg>
<doc>Converts string to upper case.</doc>
<status status="PASS" start="2024-05-10T16:31:07.876682" elapsed="0.000000"/>
</kw>
<kw name="Set Test Variable" owner="BuiltIn">
<msg time="2024-05-10T16:31:07.876682" level="INFO">${DIRETORIA} = RZJPTNOY</msg>
<arg>${DIRETORIA}</arg>
<arg>${letrasmaiusculas_rondomica}</arg>
<doc>Makes a variable available everywhere within the scope of the current test.</doc>
<status status="PASS" start="2024-05-10T16:31:07.876682" elapsed="0.000000"/>
</kw>
<kw name="Generate Random String" owner="String">
<msg time="2024-05-10T16:31:07.877682" level="INFO">${board&amp;_rondomica} = dRiwYDz</msg>
<var>${board&amp;_rondomica}</var>
<arg>7</arg>
<arg>chars=[LETTERS]</arg>
<doc>Generates a string with a desired ``length`` from the given ``chars``.</doc>
<status status="PASS" start="2024-05-10T16:31:07.877682" elapsed="0.000000"/>
</kw>
<kw name="Convert To Lower Case" owner="String">
<msg time="2024-05-10T16:31:07.877682" level="INFO">${board&amp;_rondomica} = driwydz</msg>
<var>${board&amp;_rondomica}</var>
<arg>${board&amp;_rondomica}</arg>
<doc>Converts string to lower case.</doc>
<status status="PASS" start="2024-05-10T16:31:07.877682" elapsed="0.000000"/>
</kw>
<kw name="Set Test Variable" owner="BuiltIn">
<msg time="2024-05-10T16:31:07.880680" level="INFO">${diretoria&amp;} = driwydz&amp;</msg>
<arg>${diretoria&amp;}</arg>
<arg>${board&amp;_rondomica}&amp;</arg>
<doc>Makes a variable available everywhere within the scope of the current test.</doc>
<status status="PASS" start="2024-05-10T16:31:07.877682" elapsed="0.002998"/>
</kw>
<status status="PASS" start="2024-05-10T16:31:07.872685" elapsed="0.007995"/>
</kw>
<kw name="Diretoria com letras maiúsculas" owner="academy">
<kw name="Create Dictionary" owner="BuiltIn">
<msg time="2024-05-10T16:31:07.881680" level="INFO">${headers} = {'Authorization': 'eyJhbGciOiJIUzI1NiIsInR5cCI6IkpXVCJ9.eyJfaWQiOiI2NTMzMDk0NWZiMWY2YzUyZjFjY2RlMzAiLCJmdWxsTmFtZSI6IlFhLUNvZGVycy1TWVNBRE1JTiIsIm1haWwiOiJzeXNhZG1pbkBxYWNvZGVycy5jb20iLCJwYXNzd29yZCI6...</msg>
<var>${headers}</var>
<arg>Authorization=${TOKEN}</arg>
<doc>Creates and returns a dictionary based on the given ``items``.</doc>
<status status="PASS" start="2024-05-10T16:31:07.881680" elapsed="0.000000"/>
</kw>
<kw name="Create Dictionary" owner="BuiltIn">
<msg time="2024-05-10T16:31:07.882678" level="INFO">${body} = {'boardName': 'RZJPTNOY'}</msg>
<var>${body}</var>
<arg>boardName=${DIRETORIA}</arg>
<doc>Creates and returns a dictionary based on the given ``items``.</doc>
<status status="PASS" start="2024-05-10T16:31:07.882678" elapsed="0.000000"/>
</kw>
<kw name="Log" owner="BuiltIn">
<msg time="2024-05-10T16:31:07.882678" level="INFO">{'boardName': 'RZJPTNOY'}</msg>
<arg>${body}</arg>
<doc>Logs the given message with the given level.</doc>
<status status="PASS" start="2024-05-10T16:31:07.882678" elapsed="0.000000"/>
</kw>
<kw name="Create API Session" owner="academy">
<kw name="Create Dictionary" owner="BuiltIn">
<msg time="2024-05-10T16:31:07.883678" level="INFO">${headers} = {'accept': 'application/json', 'Content-Type': 'application/json'}</msg>
<var>${headers}</var>
<arg>accept=application/json</arg>
<arg>Content-Type=application/json</arg>
<doc>Creates and returns a dictionary based on the given ``items``.</doc>
<status status="PASS" start="2024-05-10T16:31:07.883678" elapsed="0.000000"/>
</kw>
<kw name="Create Session" owner="RequestsLibrary">
[...]
</test>
<test id="s1-t7" name="Diretoria com caracteres especial &amp;" line="33">
<kw name="Create API Session" owner="academy">
<kw name="Create Dictionary" owner="BuiltIn">
<msg time="2024-05-10T16:31:08.520655" level="INFO">${headers} = {'accept': 'application/json', 'Content-Type': 'application/json'}</msg>
<var>${headers}</var>
<arg>accept=application/json</arg>
<arg>Content-Type=application/json</arg>
<doc>Creates and returns a dictionary based on the given ``items``.</doc>
<status status="PASS" start="2024-05-10T16:31:08.519656" elapsed="0.000999"/>
</kw>
<kw name="Create Session" owner="RequestsLibrary">
<msg time="2024-05-10T16:31:08.521653" level="INFO">Creating Session using : alias=APIquality-eagles, url=https://quality-eagles.qacoders-academy.com.br, headers={'accept': 'application/json', 'Content-Type': 'application/json'},                     cookies={}, auth=None, timeout=None, proxies=None, verify=False,                     debug=0 </msg>
<arg>alias=APIquality-eagles</arg>
<arg>url=https://quality-eagles.qacoders-academy.com.br</arg>
<arg>headers=${headers}</arg>
<doc>Create Session: create a HTTP session to a server</doc>
<status status="PASS" start="2024-05-10T16:31:08.520655" elapsed="0.002000"/>
</kw>
<status status="PASS" start="2024-05-10T16:31:08.519656" elapsed="0.002999"/>
</kw>
<kw name="Login de acesso" owner="academy">
<kw name="Create Dictionary" owner="BuiltIn">
<msg time="2024-05-10T16:31:08.524653" level="INFO">${body} = {'mail': 'sysadmin@qacoders.com', 'password': '1234@Test'}</msg>
<var>${body}</var>
<arg>mail=${Emaillogin}</arg>
<arg>password=${Passwordlogin}</arg>
<doc>Creates and returns a dictionary based on the given ``items``.</doc>
<status status="PASS" start="2024-05-10T16:31:08.523652" elapsed="0.001001"/>
</kw>
<kw name="Log" owner="BuiltIn">
<msg time="2024-05-10T16:31:08.525652" level="INFO">{'mail': 'sysadmin@qacoders.com', 'password': '1234@Test'}</msg>
<arg>${body}</arg>
<doc>Logs the given message with the given level.</doc>
<status status="PASS" start="2024-05-10T16:31:08.525652" elapsed="0.000000"/>
</kw>
<kw name="Create API Session" owner="academy">
<kw name="Create Dictionary" owner="BuiltIn">
<msg time="2024-05-10T16:31:08.527652" level="INFO">${headers} = {'accept': 'application/json', 'Content-Type': 'application/json'}</msg>
<var>${headers}</var>
<arg>accept=application/json</arg>
<arg>Content-Type=application/json</arg>
<doc>Creates and returns a dictionary based on the given ``items``.</doc>
<status status="PASS" start="2024-05-10T16:31:08.527652" elapsed="0.000000"/>
</kw>
<kw name="Create Session" owner="RequestsLibrary">
<msg time="2024-05-10T16:31:08.528649" level="INFO">Creating Session using : alias=APIquality-eagles, url=https://quality-eagles.qacoders-academy.com.br, headers={'accept': 'application/json', 'Content-Type': 'application/json'},                     cookies={}, auth=None, timeout=None, proxies=None, verify=False,                     debug=0 </msg>
<arg>alias=APIquality-eagles</arg>
<arg>url=https://quality-eagles.qacoders-academy.com.br</arg>
<arg>headers=${headers}</arg>
<doc>Create Session: create a HTTP session to a server</doc>
<status status="PASS" start="2024-05-10T16:31:08.528649" elapsed="0.000000"/>
</kw>
<status status="PASS" start="2024-05-10T16:31:08.526650" elapsed="0.002998"/>
</kw>
<kw name="POST On Session" owner="RequestsLibrary">
<msg time="2024-05-10T16:31:08.795500" level="INFO">POST Request : url=https://quality-eagles.qacoders-academy.com.br/api/login 
 path_url=/api/login 
 headers={'User-Agent': 'python-requests/2.31.0', 'Accept-Encoding': 'gzip, deflate', 'accept': 'application/json', 'Connection': 'keep-alive', 'Content-Type': 'application/json', 'Content-Length': '58'} 
 body=b'{"mail": "sysadmin@qacoders.com", "password": "1234@Test"}' 
 </msg>
<msg time="2024-05-10T16:31:08.795500" level="INFO">POST Response : url=https://quality-eagles.qacoders-academy.com.br/api/login 
 status=200, reason=OK 
 headers={'Server': 'nginx/1.18.0 (Ubuntu)', 'Date': 'Fri, 10 May 2024 19:31:27 GMT', 'Content-Type': 'application/json; charset=utf-8', 'Transfer-Encoding': 'chunked', 'Connection': 'keep-alive', 'X-Powered-By': 'Express', 'Access-Control-Allow-Origin': '*', 'Access-Control-Allow-Methods': 'GET, POST, OPTIONS, PUT, PATCH, DELETE', 'Access-Control-Allow-Headers': 'Origin, X-Requested-With, Content-Type, Accept, Authorization', 'ETag': 'W/"534-K7k3CEIHvuayg3GsvLHHlRtTtQQ"', 'Content-Encoding': 'gzip'} 
 body={"msg":"Olá Qa-Coders-SYSADMIN, autenticação autorizada com sucesso!","user":{"_id":"65330945fb1f6c52f1ccde30","fullName":"Qa-Coders-SYSADMIN","mail":"sysadmin@qacoders.com","password":"$2b$10$6kvBz0Ar8HxM7MlmyFcXEO7y/w4k2ZHDXlU/8MGf7/kpF5QoU1eqG","accessProfile":"SYSADMIN","cpf":"11111111111","status":true,"audit":[{"registeredBy":{"userId":"111111111111111111","userLogin":"sysadmin@qacoders.com"},"registrationDate":"sexta-feira, 20/10/2023, 20:12:05 BRT","registrationNumber":"01","companyId":"Qa.Coders","_id":"65330945fb1f6c52f1ccde31"}],"__v":0},"token":"eyJhbGciOiJIUzI1NiIsInR5cCI6IkpXVCJ9.eyJfaWQiOiI2NTMzMDk0NWZiMWY2YzUyZjFjY2RlMzAiLCJmdWxsTmFtZSI6IlFhLUNvZGVycy1TWVNBRE1JTiIsIm1haWwiOiJzeXNhZG1pbkBxYWNvZGVycy5jb20iLCJwYXNzd29yZCI6IiQyYiQxMCQ2a3ZCejBBcjhIeE03TWxteUZjWEVPN3kvdzRrMlpIRFhsVS84TUdmNy9rcEY1UW9VMWVxRyIsImFjY2Vzc1Byb2ZpbGUiOiJTWVNBRE1JTiIsImNwZiI6IjExMTExMTExMTExIiwic3RhdHVzIjp0cnVlLCJhdWRpdCI6W3sicmVnaXN0ZXJlZEJ5Ijp7InVzZXJJZCI6IjExMTExMTExMTExMTExMTExMSIsInVzZXJMb2dpbiI6InN5c2FkbWluQHFhY29kZXJzLmNvbSJ9LCJyZWdpc3RyYXRpb25EYXRlIjoic2V4dGEtZmVpcmEsIDIwLzEwLzIwMjMsIDIwOjEyOjA1IEJSVCIsInJlZ2lzdHJhdGlvbk51bWJlciI6IjAxIiwiY29tcGFueUlkIjoiUWEuQ29kZXJzIiwiX2lkIjoiNjUzMzA5NDVmYjFmNmM1MmYxY2NkZTMxIn1dLCJfX3YiOjAsImlhdCI6MTcxNTM2OTQ4NywiZXhwIjoxNzE1NDU1ODg3fQ.trrYvTBwiGAiDp0Df7XsvQ6ZLyEdsw3hI_OW3wNUhWc"} 
 </msg>
<msg time="2024-05-10T16:31:08.795500" level="INFO">C:\Users\WIN10\AppData\Local\Programs\Python\Python312\Lib\site-packages\urllib3\connectionpool.py:1103: InsecureRequestWarning: Unverified HTTPS request is being made to host 'quality-eagles.qacoders-academy.com.br'. Adding certificate verification is strongly advised. See: https://urllib3.readthedocs.io/en/latest/advanced-usage.html#tls-warnings
  warnings.warn(</msg>
<msg time="2024-05-10T16:31:08.797500" level="INFO">${response} = &lt;Response [200]&gt;</msg>
<var>${response}</var>
<arg>alias=APIquality-eagles</arg>
<arg>url=/api/login</arg>
<arg>json=${body}</arg>
<doc>Sends a POST request on a previously created HTTP Session.</doc>
<status status="PASS" start="2024-05-10T16:31:08.529648" elapsed="0.267852"/>
</kw>
<kw name="Log" owner="BuiltIn">
<msg time="2024-05-10T16:31:08.798500" level="INFO">{'msg': 'Olá Qa-Coders-SYSADMIN, autenticação autorizada com sucesso!', 'user': {'_id': '65330945fb1f6c52f1ccde30', 'fullName': 'Qa-Coders-SYSADMIN', 'mail': 'sysadmin@qacoders.com', 'password': '$2b$10$6kvBz0Ar8HxM7MlmyFcXEO7y/w4k2ZHDXlU/8MGf7/kpF5QoU1eqG', 'accessProfile': 'SYSADMIN', 'cpf': '11111111111', 'status': True, 'audit': [{'registeredBy': {'userId': '111111111111111111', 'userLogin': 'sysadmin@qacoders.com'}, 'registrationDate': 'sexta-feira, 20/10/2023, 20:12:05 BRT', 'registrationNumber': '01', 'companyId': 'Qa.Coders', '_id': '65330945fb1f6c52f1ccde31'}], '__v': 0}, 'token': 'eyJhbGciOiJIUzI1NiIsInR5cCI6IkpXVCJ9.eyJfaWQiOiI2NTMzMDk0NWZiMWY2YzUyZjFjY2RlMzAiLCJmdWxsTmFtZSI6IlFhLUNvZGVycy1TWVNBRE1JTiIsIm1haWwiOiJzeXNhZG1pbkBxYWNvZGVycy5jb20iLCJwYXNzd29yZCI6IiQyYiQxMCQ2a3ZCejBBcjhIeE03TWxteUZjWEVPN3kvdzRrMlpIRFhsVS84TUdmNy9rcEY1UW9VMWVxRyIsImFjY2Vzc1Byb2ZpbGUiOiJTWVNBRE1JTiIsImNwZiI6IjExMTExMTExMTExIiwic3RhdHVzIjp0cnVlLCJhdWRpdCI6W3sicmVnaXN0ZXJlZEJ5Ijp7InVzZXJJZCI6IjExMTExMTExMTExMTExMTExMSIsInVzZXJMb2dpbiI6InN5c2FkbWluQHFhY29kZXJzLmNvbSJ9LCJyZWdpc3RyYXRpb25EYXRlIjoic2V4dGEtZmVpcmEsIDIwLzEwLzIwMjMsIDIwOjEyOjA1IEJSVCIsInJlZ2lzdHJhdGlvbk51bWJlciI6IjAxIiwiY29tcGFueUlkIjoiUWEuQ29kZXJzIiwiX2lkIjoiNjUzMzA5NDVmYjFmNmM1MmYxY2NkZTMxIn1dLCJfX3YiOjAsImlhdCI6MTcxNTM2OTQ4NywiZXhwIjoxNzE1NDU1ODg3fQ.trrYvTBwiGAiDp0Df7XsvQ6ZLyEdsw3hI_OW3wNUhWc'}</msg>
<arg>${response.json()}</arg>
<doc>Logs the given message with the given level.</doc>
<status status="PASS" start="2024-05-10T16:31:08.797500" elapsed="0.002000"/>
</kw>
<kw name="Set Test Variable" owner="BuiltIn">
<msg time="2024-05-10T16:31:08.801497" level="INFO">${TOKEN} = eyJhbGciOiJIUzI1NiIsInR5cCI6IkpXVCJ9.eyJfaWQiOiI2NTMzMDk0NWZiMWY2YzUyZjFjY2RlMzAiLCJmdWxsTmFtZSI6IlFhLUNvZGVycy1TWVNBRE1JTiIsIm1haWwiOiJzeXNhZG1pbkBxYWNvZGVycy5jb20iLCJwYXNzd29yZCI6IiQyYiQxMCQ2a3ZCejB...</msg>
<arg>${TOKEN}</arg>
<arg>${response.json()["token"]}</arg>
<doc>Makes a variable available everywhere within the scope of the current test.</doc>
<status status="PASS" start="2024-05-10T16:31:08.799500" elapsed="0.001997"/>
</kw>
<status status="PASS" start="2024-05-10T16:31:08.523652" elapsed="0.277845"/>
</kw>
<kw name="Criar palavras rondomicas para diretoria" owner="academy">
<kw name="Generate Random String" owner="String">
<msg time="2024-05-10T16:31:08.802497" level="INFO">${nomediretoria_rondomica} = LyStSKhj</msg>
<var>${nomediretoria_rondomica}</var>
<arg>8</arg>
<arg>chars=[LETTERS]</arg>
<doc>Generates a string with a desired ``length`` from the given ``chars``.</doc>
<status status="PASS" start="2024-05-10T16:31:08.802497" elapsed="0.000000"/>
</kw>
<kw name="Convert To Lower Case" owner="String">
<msg time="2024-05-10T16:31:08.803496" level="INFO">${nomediretoria_rondomica} = lystskhj=</msg>
<var>${nomediretoria_rondomica}</var>
<arg>${nomediretoria_rondomica}=</arg>
<doc>Converts string to lower case.</doc>
<status status="PASS" start="2024-05-10T16:31:08.802497" elapsed="0.000999"/>
</kw>
<kw name="Set Test Variable" owner="BuiltIn">
<msg time="2024-05-10T16:31:08.804496" level="INFO">${diretoria} = lystskhj==</msg>
<arg>${diretoria}</arg>
<arg>${nomediretoria_rondomica}=</arg>
<doc>Makes a variable available everywhere within the scope of the current test.</doc>
<status status="PASS" start="2024-05-10T16:31:08.803496" elapsed="0.002001"/>
</kw>
<kw name="Generate Random String" owner="String">
<msg time="2024-05-10T16:31:08.806497" level="INFO">${letrasmaiusculas_rondomica} = wjULavLs</msg>
<var>${letrasmaiusculas_rondomica}</var>
<arg>8</arg>
<arg>chars=[LETTERS]</arg>
<doc>Generates a string with a desired ``length`` from the given ``chars``.</doc>
<status status="PASS" start="2024-05-10T16:31:08.805497" elapsed="0.001000"/>
</kw>
<kw name="Convert To Upper Case" owner="String">
<msg time="2024-05-10T16:31:08.806497" level="INFO">${letrasmaiusculas_rondomica} = WJULAVLS</msg>
<var>${letrasmaiusculas_rondomica}</var>
<arg>${letrasmaiusculas_rondomica}</arg>
<doc>Converts string to upper case.</doc>
<status status="PASS" start="2024-05-10T16:31:08.806497" elapsed="0.000000"/>
</kw>
<kw name="Set Test Variable" owner="BuiltIn">
<msg time="2024-05-10T16:31:08.807494" level="INFO">${DIRETORIA} = WJULAVLS</msg>
<arg>${DIRETORIA}</arg>
<arg>${letrasmaiusculas_rondomica}</arg>
<doc>Makes a variable available everywhere within the scope of the current test.</doc>
<status status="PASS" start="2024-05-10T16:31:08.806497" elapsed="0.000997"/>
</kw>
<kw name="Generate Random String" owner="String">
<msg time="2024-05-10T16:31:08.807494" level="INFO">${board&amp;_rondomica} = WQLNloO</msg>
<var>${board&amp;_rondomica}</var>
<arg>7</arg>
<arg>chars=[LETTERS]</arg>
<doc>Generates a string with a desired ``length`` from the given ``chars``.</doc>
<status status="PASS" start="2024-05-10T16:31:08.807494" elapsed="0.000000"/>
</kw>
<kw name="Convert To Lower Case" owner="String">
<msg time="2024-05-10T16:31:08.808493" level="INFO">${board&amp;_rondomica} = wqlnloo</msg>
<var>${board&amp;_rondomica}</var>
<arg>${board&amp;_rondomica}</arg>
<doc>Converts string to lower case.</doc>
<status status="PASS" start="2024-05-10T16:31:08.807494" elapsed="0.000999"/>
</kw>
<kw name="Set Test Variable" owner="BuiltIn">
<msg time="2024-05-10T16:31:08.811496" level="INFO">${diretoria&amp;} = wqlnloo&amp;</msg>
<arg>${diretoria&amp;}</arg>
<arg>${board&amp;_rondomica}&amp;</arg>
<doc>Makes a variable available everywhere within the scope of the current test.</doc>
<status status="PASS" start="2024-05-10T16:31:08.808493" elapsed="0.003003"/>
</kw>
<status status="PASS" start="2024-05-10T16:31:08.801497" elapsed="0.009999"/>
</kw>
<kw name="Diretoria com caracteres especial &amp;" owner="academy">
<kw name="Create Dictionary" owner="BuiltIn">
<msg time="2024-05-10T16:31:08.814494" level="INFO">${headers} = {'Authorization': 'eyJhbGciOiJIUzI1NiIsInR5cCI6IkpXVCJ9.eyJfaWQiOiI2NTMzMDk0NWZiMWY2YzUyZjFjY2RlMzAiLCJmdWxsTmFtZSI6IlFhLUNvZGVycy1TWVNBRE1JTiIsIm1haWwiOiJzeXNhZG1pbkBxYWNvZGVycy5jb20iLCJwYXNzd29yZCI6...</msg>
<var>${headers}</var>
<arg>Authorization=${TOKEN}</arg>
<doc>Creates and returns a dictionary based on the given ``items``.</doc>
<status status="PASS" start="2024-05-10T16:31:08.813491" elapsed="0.001003"/>
</kw>
<kw name="Create Dictionary" owner="BuiltIn">
<msg time="2024-05-10T16:31:08.815490" level="INFO">${body} = {'boardName': 'wqlnloo&amp;'}</msg>
<var>${body}</var>
<arg>boardName=${diretoria&amp;}</arg>
<doc>Creates and returns a dictionary based on the given ``items``.</doc>
<status status="PASS" start="2024-05-10T16:31:08.814494" elapsed="0.000996"/>
</kw>
<kw name="Log" owner="BuiltIn">
<msg time="2024-05-10T16:31:08.816491" level="INFO">{'boardName': 'wqlnloo&amp;'}</msg>
<arg>${body}</arg>
<doc>Logs the given message with the given level.</doc>
<status status="PASS" start="2024-05-10T16:31:08.816491" elapsed="0.000000"/>
</kw>
<kw name="Create API Session" owner="academy">
<kw name="Create Dictionary" owner="BuiltIn">
<msg time="2024-05-10T16:31:08.818489" level="INFO">${headers} = {'accept': 'application/json', 'Content-Type': 'application/json'}</msg>
<var>${headers}</var>
<arg>accept=application/json</arg>
<arg>Content-Type=application/json</arg>
<doc>Creates and returns a dictionary based on the given ``items``.</doc>
<status status="PASS" start="2024-05-10T16:31:08.818489" elapsed="0.000998"/>
</kw>
<kw name="Create Session" owner="RequestsLibrary">
<msg time="2024-05-10T16:31:08.819487" level="INFO">Creating Session using : alias=APIquality-eagles, url=https://quality-eagles.qacoders-academy.com.br, headers={'accept': 'application/json', 'Content-Type': 'application/json'},                     cookies={}, auth=None, timeout=None, proxies=None, verify=False,                     debug=0 </msg>
<arg>alias=APIquality-eagles</arg>
<arg>url=https://quality-eagles.qacoders-academy.com.br</arg>
<arg>headers=${headers}</arg>
<doc>Create Session: create a HTTP session to a server</doc>
<status status="PASS" start="2024-05-10T16:31:08.819487" elapsed="0.000999"/>
</kw>
<status status="PASS" start="2024-05-10T16:31:08.817491" elapsed="0.002995"/>
</kw>
<kw name="POST On Session" owner="RequestsLibrary">
<msg time="2024-05-10T16:31:08.952404" level="INFO">POST Request : url=https://quality-eagles.qacoders-academy.com.br/api/board/ 
 path_url=/api/board/ 
 headers={'User-Agent': 'python-requests/2.31.0', 'Accept-Encoding': 'gzip, deflate', 'accept': 'application/json', 'Connection': 'keep-alive', 'Content-Type': 'application/json', 'Authorization': 'eyJhbGciOiJIUzI1NiIsInR5cCI6IkpXVCJ9.eyJfaWQiOiI2NTMzMDk0NWZiMWY2YzUyZjFjY2RlMzAiLCJmdWxsTmFtZSI6IlFhLUNvZGVycy1TWVNBRE1JTiIsIm1haWwiOiJzeXNhZG1pbkBxYWNvZGVycy5jb20iLCJwYXNzd29yZCI6IiQyYiQxMCQ2a3ZCejBBcjhIeE03TWxteUZjWEVPN3kvdzRrMlpIRFhsVS84TUdmNy9rcEY1UW9VMWVxRyIsImFjY2Vzc1Byb2ZpbGUiOiJTWVNBRE1JTiIsImNwZiI6IjExMTExMTExMTExIiwic3RhdHVzIjp0cnVlLCJhdWRpdCI6W3sicmVnaXN0ZXJlZEJ5Ijp7InVzZXJJZCI6IjExMTExMTExMTExMTExMTExMSIsInVzZXJMb2dpbiI6InN5c2FkbWluQHFhY29kZXJzLmNvbSJ9LCJyZWdpc3RyYXRpb25EYXRlIjoic2V4dGEtZmVpcmEsIDIwLzEwLzIwMjMsIDIwOjEyOjA1IEJSVCIsInJlZ2lzdHJhdGlvbk51bWJlciI6IjAxIiwiY29tcGFueUlkIjoiUWEuQ29kZXJzIiwiX2lkIjoiNjUzMzA5NDVmYjFmNmM1MmYxY2NkZTMxIn1dLCJfX3YiOjAsImlhdCI6MTcxNTM2OTQ4NywiZXhwIjoxNzE1NDU1ODg3fQ.trrYvTBwiGAiDp0Df7XsvQ6ZLyEdsw3hI_OW3wNUhWc', 'Content-Length': '25'} 
 body=b'{"boardName": "wqlnloo&amp;"}' 
 </msg>
<msg time="2024-05-10T16:31:08.952404" level="INFO">POST Response : url=https://quality-eagles.qacoders-academy.com.br/api/board/ 
 status=201, reason=Created 
 headers={'Server': 'nginx/1.18.0 (Ubuntu)', 'Date': 'Fri, 10 May 2024 19:31:28 GMT', 'Content-Type': 'application/json; charset=utf-8', 'Content-Length': '342', 'Connection': 'keep-alive', 'X-Powered-By': 'Express', 'Access-Control-Allow-Origin': '*', 'Access-Control-Allow-Methods': 'GET, POST, OPTIONS, PUT, PATCH, DELETE', 'Access-Control-Allow-Headers': 'Origin, X-Requested-With, Content-Type, Accept, Authorization', 'ETag': 'W/"156-4VBZdZJ6VPGbt59y0YkgNQpJd30"'} 
 body={"msg":"Cadastro realizado com sucesso!","newBoard":{"boardName":"wqlnloo&amp;","boardCode":"38","status":true,"audit":[{"registrationDate":"sexta-feira, 10/05/2024, 16:31:28 BRT","registeredBy":{"userId":"65330945fb1f6c52f1ccde30","userLogin":"sysadmin@qacoders.com"},"_id":"663e76108860f6da8c7a94a8"}],"_id":"663e76108860f6da8c7a94a7","__v":0}} 
 </msg>
<msg time="2024-05-10T16:31:08.952404" level="INFO">C:\Users\WIN10\AppData\Local\Programs\Python\Python312\Lib\site-packages\urllib3\connectionpool.py:1103: InsecureRequestWarning: Unverified HTTPS request is being made to host 'quality-eagles.qacoders-academy.com.br'. Adding certificate verification is strongly advised. See: https://urllib3.readthedocs.io/en/latest/advanced-usage.html#tls-warnings
  warnings.warn(</msg>
<msg time="2024-05-10T16:31:08.953402" level="INFO">${response} = &lt;Response [201]&gt;</msg>
<var>${response}</var>
<arg>alias=APIquality-eagles</arg>
<arg>url=/api/board/</arg>
<arg>json=${body}</arg>
<arg>expected_status=201</arg>
<arg>headers=${headers}</arg>
<doc>Sends a POST request on a previously created HTTP Session.</doc>
<status status="PASS" start="2024-05-10T16:31:08.820486" elapsed="0.133916"/>
</kw>
<kw name="Log" owner="BuiltIn">
<msg time="2024-05-10T16:31:08.956403" level="INFO">{'msg': 'Cadastro realizado com sucesso!', 'newBoard': {'boardName': 'wqlnloo&amp;', 'boardCode': '38', 'status': True, 'audit': [{'registrationDate': 'sexta-feira, 10/05/2024, 16:31:28 BRT', 'registeredBy': {'userId': '65330945fb1f6c52f1ccde30', 'userLogin': 'sysadmin@qacoders.com'}, '_id': '663e76108860f6da8c7a94a8'}], '_id': '663e76108860f6da8c7a94a7', '__v': 0}}</msg>
<arg>${response.json()}</arg>
<doc>Logs the given message with the given level.</doc>
<status status="PASS" start="2024-05-10T16:31:08.954402" elapsed="0.002001"/>
</kw>
<kw name="Set Test Variable" owner="BuiltIn">
<msg time="2024-05-10T16:31:08.959403" level="INFO">${ID_DIRETORIA} = 663e76108860f6da8c7a94a7</msg>
<arg>${ID_DIRETORIA}</arg>
<arg>${response.json()['newBoard']['_id']}</arg>
<doc>Makes a variable available everywhere within the scope of the current test.</doc>
<status status="PASS" start="2024-05-10T16:31:08.956403" elapsed="0.003997"/>
</kw>
<kw name="Set Test Variable" owner="BuiltIn">
<msg time="2024-05-10T16:31:08.962397" level="INFO">${ID_DIRETORIA} = {'msg': 'Cadastro realizado com sucesso!', 'newBoard': {'boardName': 'wqlnloo&amp;', 'boardCode': '38', 'status': True, 'audit': [{'registrationDate': 'sexta-feira, 10/05/2024, 16:31:28 BRT', 'registeredB...</msg>
<arg>${ID_DIRETORIA}</arg>
<arg>${response.json()}</arg>
<doc>Makes a variable available everywhere within the scope of the current test.</doc>
<status status="PASS" start="2024-05-10T16:31:08.960400" elapsed="0.001997"/>
</kw>
<status status="PASS" start="2024-05-10T16:31:08.812491" elapsed="0.149906"/>
</kw>
<status status="PASS" start="2024-05-10T16:31:08.518655" elapsed="0.443742"/>
</test>
<status status="PASS" start="2024-05-10T16:31:03.187022" elapsed="5.778376"/>
</suite>
<statistics>
<total>
<stat pass="7" fail="0" skip="0">All Tests</stat>
</total>
<tag>
</tag>
<suite>
<stat pass="7" fail="0" skip="0" id="s1" name="Diretoria">Diretoria</stat>
</suite>
</statistics>
<errors>
</errors>
</robot>
