<?xml version="1.0" encoding="UTF-8"?>
<robot generator="Robot 7.0 (Python 3.12.2 on win32)" generated="2024-05-10T16:39:35.521421" rpa="false" schemaversion="5">
<suite id="s1" name="Departamento" source="C:\Users\WIN10\Desktop\robot\Academy-Qacoders\Api-academy\tests\departamento.robot">
<test id="s1-t1" name="CT - Incluir departamento" line="6">
<kw name="Create API Session" owner="academy">
<kw name="Create Dictionary" owner="BuiltIn">
<msg time="2024-05-10T16:39:36.202509" level="INFO">${headers} = {'accept': 'application/json', 'Content-Type': 'application/json'}</msg>
<var>${headers}</var>
<arg>accept=application/json</arg>
<arg>Content-Type=application/json</arg>
<doc>Creates and returns a dictionary based on the given ``items``.</doc>
<status status="PASS" start="2024-05-10T16:39:36.201509" elapsed="0.001000"/>
</kw>
<kw name="Create Session" owner="RequestsLibrary">
<msg time="2024-05-10T16:39:36.202509" level="INFO">Creating Session using : alias=APIquality-eagles, url=https://quality-eagles.qacoders-academy.com.br, headers={'accept': 'application/json', 'Content-Type': 'application/json'},                     cookies={}, auth=None, timeout=None, proxies=None, verify=False,                     debug=0 </msg>
<arg>alias=APIquality-eagles</arg>
<arg>url=https://quality-eagles.qacoders-academy.com.br</arg>
<arg>headers=${headers}</arg>
<doc>Create Session: create a HTTP session to a server</doc>
<status status="PASS" start="2024-05-10T16:39:36.202509" elapsed="0.001000"/>
</kw>
<status status="PASS" start="2024-05-10T16:39:36.199512" elapsed="0.003997"/>
</kw>
<kw name="Login de acesso" owner="academy">
<kw name="Create Dictionary" owner="BuiltIn">
<msg time="2024-05-10T16:39:36.205506" level="INFO">${body} = {'mail': 'sysadmin@qacoders.com', 'password': '1234@Test'}</msg>
<var>${body}</var>
<arg>mail=${Emaillogin}</arg>
<arg>password=${Passwordlogin}</arg>
<doc>Creates and returns a dictionary based on the given ``items``.</doc>
<status status="PASS" start="2024-05-10T16:39:36.204508" elapsed="0.000998"/>
</kw>
<kw name="Log" owner="BuiltIn">
<msg time="2024-05-10T16:39:36.205506" level="INFO">{'mail': 'sysadmin@qacoders.com', 'password': '1234@Test'}</msg>
<arg>${body}</arg>
<doc>Logs the given message with the given level.</doc>
<status status="PASS" start="2024-05-10T16:39:36.205506" elapsed="0.000000"/>
</kw>
<kw name="Create API Session" owner="academy">
<kw name="Create Dictionary" owner="BuiltIn">
<msg time="2024-05-10T16:39:36.206506" level="INFO">${headers} = {'accept': 'application/json', 'Content-Type': 'application/json'}</msg>
<var>${headers}</var>
<arg>accept=application/json</arg>
<arg>Content-Type=application/json</arg>
<doc>Creates and returns a dictionary based on the given ``items``.</doc>
<status status="PASS" start="2024-05-10T16:39:36.206506" elapsed="0.000000"/>
</kw>
<kw name="Create Session" owner="RequestsLibrary">
<msg time="2024-05-10T16:39:36.206506" level="INFO">Creating Session using : alias=APIquality-eagles, url=https://quality-eagles.qacoders-academy.com.br, headers={'accept': 'application/json', 'Content-Type': 'application/json'},                     cookies={}, auth=None, timeout=None, proxies=None, verify=False,                     debug=0 </msg>
<arg>alias=APIquality-eagles</arg>
<arg>url=https://quality-eagles.qacoders-academy.com.br</arg>
<arg>headers=${headers}</arg>
<doc>Create Session: create a HTTP session to a server</doc>
<status status="PASS" start="2024-05-10T16:39:36.206506" elapsed="0.001000"/>
</kw>
<status status="PASS" start="2024-05-10T16:39:36.205506" elapsed="0.002000"/>
</kw>
<kw name="POST On Session" owner="RequestsLibrary">
<msg time="2024-05-10T16:39:37.546852" level="INFO">POST Request : url=https://quality-eagles.qacoders-academy.com.br/api/login 
 path_url=/api/login 
 headers={'User-Agent': 'python-requests/2.31.0', 'Accept-Encoding': 'gzip, deflate', 'accept': 'application/json', 'Connection': 'keep-alive', 'Content-Type': 'application/json', 'Content-Length': '58'} 
 body=b'{"mail": "sysadmin@qacoders.com", "password": "1234@Test"}' 
 </msg>
<msg time="2024-05-10T16:39:37.546852" level="INFO">POST Response : url=https://quality-eagles.qacoders-academy.com.br/api/login 
 status=200, reason=OK 
 headers={'Server': 'nginx/1.18.0 (Ubuntu)', 'Date': 'Fri, 10 May 2024 19:39:56 GMT', 'Content-Type': 'application/json; charset=utf-8', 'Transfer-Encoding': 'chunked', 'Connection': 'keep-alive', 'X-Powered-By': 'Express', 'Access-Control-Allow-Origin': '*', 'Access-Control-Allow-Methods': 'GET, POST, OPTIONS, PUT, PATCH, DELETE', 'Access-Control-Allow-Headers': 'Origin, X-Requested-With, Content-Type, Accept, Authorization', 'ETag': 'W/"534-ZxTvtQOP1x0sFwMQIYiNNXgBY7w"', 'Content-Encoding': 'gzip'} 
 body={"msg":"Olá Qa-Coders-SYSADMIN, autenticação autorizada com sucesso!","user":{"_id":"65330945fb1f6c52f1ccde30","fullName":"Qa-Coders-SYSADMIN","mail":"sysadmin@qacoders.com","password":"$2b$10$6kvBz0Ar8HxM7MlmyFcXEO7y/w4k2ZHDXlU/8MGf7/kpF5QoU1eqG","accessProfile":"SYSADMIN","cpf":"11111111111","status":true,"audit":[{"registeredBy":{"userId":"111111111111111111","userLogin":"sysadmin@qacoders.com"},"registrationDate":"sexta-feira, 20/10/2023, 20:12:05 BRT","registrationNumber":"01","companyId":"Qa.Coders","_id":"65330945fb1f6c52f1ccde31"}],"__v":0},"token":"eyJhbGciOiJIUzI1NiIsInR5cCI6IkpXVCJ9.eyJfaWQiOiI2NTMzMDk0NWZiMWY2YzUyZjFjY2RlMzAiLCJmdWxsTmFtZSI6IlFhLUNvZGVycy1TWVNBRE1JTiIsIm1haWwiOiJzeXNhZG1pbkBxYWNvZGVycy5jb20iLCJwYXNzd29yZCI6IiQyYiQxMCQ2a3ZCejBBcjhIeE03TWxteUZjWEVPN3kvdzRrMlpIRFhsVS84TUdmNy9rcEY1UW9VMWVxRyIsImFjY2Vzc1Byb2ZpbGUiOiJTWVNBRE1JTiIsImNwZiI6IjExMTExMTExMTExIiwic3RhdHVzIjp0cnVlLCJhdWRpdCI6W3sicmVnaXN0ZXJlZEJ5Ijp7InVzZXJJZCI6IjExMTExMTExMTExMTExMTExMSIsInVzZXJMb2dpbiI6InN5c2FkbWluQHFhY29kZXJzLmNvbSJ9LCJyZWdpc3RyYXRpb25EYXRlIjoic2V4dGEtZmVpcmEsIDIwLzEwLzIwMjMsIDIwOjEyOjA1IEJSVCIsInJlZ2lzdHJhdGlvbk51bWJlciI6IjAxIiwiY29tcGFueUlkIjoiUWEuQ29kZXJzIiwiX2lkIjoiNjUzMzA5NDVmYjFmNmM1MmYxY2NkZTMxIn1dLCJfX3YiOjAsImlhdCI6MTcxNTM2OTk5NiwiZXhwIjoxNzE1NDU2Mzk2fQ.xvWeoF5ySkVF0KpOwOcH4aoYQ6s24YwRLoKHYYCrPeg"} 
 </msg>
<msg time="2024-05-10T16:39:37.546852" level="INFO">C:\Users\WIN10\AppData\Local\Programs\Python\Python312\Lib\site-packages\urllib3\connectionpool.py:1103: InsecureRequestWarning: Unverified HTTPS request is being made to host 'quality-eagles.qacoders-academy.com.br'. Adding certificate verification is strongly advised. See: https://urllib3.readthedocs.io/en/latest/advanced-usage.html#tls-warnings
  warnings.warn(</msg>
<msg time="2024-05-10T16:39:37.546852" level="INFO">${response} = &lt;Response [200]&gt;</msg>
<var>${response}</var>
<arg>alias=APIquality-eagles</arg>
<arg>url=/api/login</arg>
<arg>json=${body}</arg>
<doc>Sends a POST request on a previously created HTTP Session.</doc>
<status status="PASS" start="2024-05-10T16:39:36.207506" elapsed="1.340344"/>
</kw>
<kw name="Log" owner="BuiltIn">
<msg time="2024-05-10T16:39:37.548849" level="INFO">{'msg': 'Olá Qa-Coders-SYSADMIN, autenticação autorizada com sucesso!', 'user': {'_id': '65330945fb1f6c52f1ccde30', 'fullName': 'Qa-Coders-SYSADMIN', 'mail': 'sysadmin@qacoders.com', 'password': '$2b$10$6kvBz0Ar8HxM7MlmyFcXEO7y/w4k2ZHDXlU/8MGf7/kpF5QoU1eqG', 'accessProfile': 'SYSADMIN', 'cpf': '11111111111', 'status': True, 'audit': [{'registeredBy': {'userId': '111111111111111111', 'userLogin': 'sysadmin@qacoders.com'}, 'registrationDate': 'sexta-feira, 20/10/2023, 20:12:05 BRT', 'registrationNumber': '01', 'companyId': 'Qa.Coders', '_id': '65330945fb1f6c52f1ccde31'}], '__v': 0}, 'token': 'eyJhbGciOiJIUzI1NiIsInR5cCI6IkpXVCJ9.eyJfaWQiOiI2NTMzMDk0NWZiMWY2YzUyZjFjY2RlMzAiLCJmdWxsTmFtZSI6IlFhLUNvZGVycy1TWVNBRE1JTiIsIm1haWwiOiJzeXNhZG1pbkBxYWNvZGVycy5jb20iLCJwYXNzd29yZCI6IiQyYiQxMCQ2a3ZCejBBcjhIeE03TWxteUZjWEVPN3kvdzRrMlpIRFhsVS84TUdmNy9rcEY1UW9VMWVxRyIsImFjY2Vzc1Byb2ZpbGUiOiJTWVNBRE1JTiIsImNwZiI6IjExMTExMTExMTExIiwic3RhdHVzIjp0cnVlLCJhdWRpdCI6W3sicmVnaXN0ZXJlZEJ5Ijp7InVzZXJJZCI6IjExMTExMTExMTExMTExMTExMSIsInVzZXJMb2dpbiI6InN5c2FkbWluQHFhY29kZXJzLmNvbSJ9LCJyZWdpc3RyYXRpb25EYXRlIjoic2V4dGEtZmVpcmEsIDIwLzEwLzIwMjMsIDIwOjEyOjA1IEJSVCIsInJlZ2lzdHJhdGlvbk51bWJlciI6IjAxIiwiY29tcGFueUlkIjoiUWEuQ29kZXJzIiwiX2lkIjoiNjUzMzA5NDVmYjFmNmM1MmYxY2NkZTMxIn1dLCJfX3YiOjAsImlhdCI6MTcxNTM2OTk5NiwiZXhwIjoxNzE1NDU2Mzk2fQ.xvWeoF5ySkVF0KpOwOcH4aoYQ6s24YwRLoKHYYCrPeg'}</msg>
<arg>${response.json()}</arg>
<doc>Logs the given message with the given level.</doc>
<status status="PASS" start="2024-05-10T16:39:37.547850" elapsed="0.000999"/>
</kw>
<kw name="Set Test Variable" owner="BuiltIn">
<msg time="2024-05-10T16:39:37.550847" level="INFO">${TOKEN} = eyJhbGciOiJIUzI1NiIsInR5cCI6IkpXVCJ9.eyJfaWQiOiI2NTMzMDk0NWZiMWY2YzUyZjFjY2RlMzAiLCJmdWxsTmFtZSI6IlFhLUNvZGVycy1TWVNBRE1JTiIsIm1haWwiOiJzeXNhZG1pbkBxYWNvZGVycy5jb20iLCJwYXNzd29yZCI6IiQyYiQxMCQ2a3ZCejB...</msg>
<arg>${TOKEN}</arg>
<arg>${response.json()["token"]}</arg>
<doc>Makes a variable available everywhere within the scope of the current test.</doc>
<status status="PASS" start="2024-05-10T16:39:37.548849" elapsed="0.001998"/>
</kw>
<status status="PASS" start="2024-05-10T16:39:36.204508" elapsed="1.346339"/>
</kw>
<kw name="Criar palavras rondomicas para departamento" owner="academy">
<kw name="Generate Random String" owner="String">
<msg time="2024-05-10T16:39:37.551847" level="INFO">${nome_rondomica} = XeGpXJGH</msg>
<var>${nome_rondomica}</var>
<arg>8</arg>
<arg>chars=[LETTERS]</arg>
<doc>Generates a string with a desired ``length`` from the given ``chars``.</doc>
<status status="PASS" start="2024-05-10T16:39:37.551847" elapsed="0.000000"/>
</kw>
<kw name="Convert To Lower Case" owner="String">
<msg time="2024-05-10T16:39:37.552847" level="INFO">${nome_rondomica} = xegpxjgh</msg>
<var>${nome_rondomica}</var>
<arg>${nome_rondomica}</arg>
<doc>Converts string to lower case.</doc>
<status status="PASS" start="2024-05-10T16:39:37.551847" elapsed="0.001000"/>
</kw>
<kw name="Set Test Variable" owner="BuiltIn">
<msg time="2024-05-10T16:39:37.555853" level="INFO">${departamento} = xegpxjgh</msg>
<arg>${departamento}</arg>
<arg>${nome_rondomica}</arg>
<doc>Makes a variable available everywhere within the scope of the current test.</doc>
<status status="PASS" start="2024-05-10T16:39:37.552847" elapsed="0.003006"/>
</kw>
<kw name="Generate Random String" owner="String">
<msg time="2024-05-10T16:39:37.556847" level="INFO">${50_rondomica} = NZejhhAHCEOOiQEOrRCQlLYEYQTKddfqIRsVLsvnlgPAPMbMgC</msg>
<var>${50_rondomica}</var>
<arg>50</arg>
<arg>chars=[LETTERS]</arg>
<doc>Generates a string with a desired ``length`` from the given ``chars``.</doc>
<status status="PASS" start="2024-05-10T16:39:37.555853" elapsed="0.000994"/>
</kw>
<kw name="Convert To Lower Case" owner="String">
<msg time="2024-05-10T16:39:37.557846" level="INFO">${50_rondomica} = nzejhhahceooiqeorrcqllyeyqtkddfqirsvlsvnlgpapmbmgc</msg>
<var>${50_rondomica}</var>
<arg>${50_rondomica}</arg>
<doc>Converts string to lower case.</doc>
<status status="PASS" start="2024-05-10T16:39:37.556847" elapsed="0.000999"/>
</kw>
<kw name="Set Test Variable" owner="BuiltIn">
<msg time="2024-05-10T16:39:37.560850" level="INFO">${departamento50} = nzejhhahceooiqeorrcqllyeyqtkddfqirsvlsvnlgpapmbmgc</msg>
<arg>${departamento50}</arg>
<arg>${50_rondomica}</arg>
<doc>Makes a variable available everywhere within the scope of the current test.</doc>
<status status="PASS" start="2024-05-10T16:39:37.557846" elapsed="0.003004"/>
</kw>
<kw name="Generate Random String" owner="String">
<msg time="2024-05-10T16:39:37.561843" level="INFO">${maiusculas_rondomica} = jAwGNfYJ</msg>
<var>${maiusculas_rondomica}</var>
<arg>8</arg>
<arg>chars=[LETTERS]</arg>
<doc>Generates a string with a desired ``length`` from the given ``chars``.</doc>
<status status="PASS" start="2024-05-10T16:39:37.560850" elapsed="0.000993"/>
</kw>
<kw name="Convert To Upper Case" owner="String">
<msg time="2024-05-10T16:39:37.562841" level="INFO">${maiusculas_rondomica} = JAWGNFYJ</msg>
<var>${maiusculas_rondomica}</var>
<arg>${maiusculas_rondomica}</arg>
<doc>Converts string to upper case.</doc>
<status status="PASS" start="2024-05-10T16:39:37.561843" elapsed="0.000998"/>
</kw>
<kw name="Set Test Variable" owner="BuiltIn">
<msg time="2024-05-10T16:39:37.563841" level="INFO">${MAIUSCULAS} = JAWGNFYJ</msg>
<arg>${MAIUSCULAS}</arg>
<arg>${maiusculas_rondomica}</arg>
<doc>Makes a variable available everywhere within the scope of the current test.</doc>
<status status="PASS" start="2024-05-10T16:39:37.562841" elapsed="0.001000"/>
</kw>
<kw name="Generate Random String" owner="String">
<msg time="2024-05-10T16:39:37.564839" level="INFO">${&amp;_rondomica} = IBixqIC</msg>
<var>${&amp;_rondomica}</var>
<arg>7</arg>
<arg>chars=[LETTERS]</arg>
<doc>Generates a string with a desired ``length`` from the given ``chars``.</doc>
<status status="PASS" start="2024-05-10T16:39:37.564839" elapsed="0.000000"/>
</kw>
<kw name="Convert To Lower Case" owner="String">
<msg time="2024-05-10T16:39:37.565845" level="INFO">${&amp;_rondomica} = ibixqic</msg>
<var>${&amp;_rondomica}</var>
<arg>${&amp;_rondomica}</arg>
<doc>Converts string to lower case.</doc>
<status status="PASS" start="2024-05-10T16:39:37.564839" elapsed="0.001006"/>
</kw>
<kw name="Set Test Variable" owner="BuiltIn">
<msg time="2024-05-10T16:39:37.569839" level="INFO">${department&amp;} = ibixqic&amp;</msg>
<arg>${department&amp;}</arg>
<arg>${&amp;_rondomica}&amp;</arg>
<doc>Makes a variable available everywhere within the scope of the current test.</doc>
<status status="PASS" start="2024-05-10T16:39:37.565845" elapsed="0.003994"/>
</kw>
<status status="PASS" start="2024-05-10T16:39:37.551847" elapsed="0.017992"/>
</kw>
<kw name="Incluir departamento" owner="academy">
<kw name="Create Dictionary" owner="BuiltIn">
<msg time="2024-05-10T16:39:37.572835" level="INFO">${headers} = {'Authorization': 'eyJhbGciOiJIUzI1NiIsInR5cCI6IkpXVCJ9.eyJfaWQiOiI2NTMzMDk0NWZiMWY2YzUyZjFjY2RlMzAiLCJmdWxsTmFtZSI6IlFhLUNvZGVycy1TWVNBRE1JTiIsIm1haWwiOiJzeXNhZG1pbkBxYWNvZGVycy5jb20iLCJwYXNzd29yZCI6...</msg>
<var>${headers}</var>
<arg>Authorization=${TOKEN}</arg>
<doc>Creates and returns a dictionary based on the given ``items``.</doc>
<status status="PASS" start="2024-05-10T16:39:37.571836" elapsed="0.000999"/>
</kw>
<kw name="Create Dictionary" owner="BuiltIn">
<msg time="2024-05-10T16:39:37.573836" level="INFO">${body} = {'departmentName': 'xegpxjgh', 'costCenterId': '658ae3f40f617abe798fd68f'}</msg>
<var>${body}</var>
<arg>departmentName=${departamento}</arg>
<arg>costCenterId=658ae3f40f617abe798fd68f</arg>
<doc>Creates and returns a dictionary based on the given ``items``.</doc>
<status status="PASS" start="2024-05-10T16:39:37.572835" elapsed="0.001001"/>
</kw>
<kw name="Log" owner="BuiltIn">
<msg time="2024-05-10T16:39:37.574835" level="INFO">{'departmentName': 'xegpxjgh', 'costCenterId': '658ae3f40f617abe798fd68f'}</msg>
<arg>${body}</arg>
<doc>Logs the given message with the given level.</doc>
<status status="PASS" start="2024-05-10T16:39:37.573836" elapsed="0.000999"/>
</kw>
<kw name="Create API Session" owner="academy">
<kw name="Create Dictionary" owner="BuiltIn">
<msg time="2024-05-10T16:39:37.575835" level="INFO">${headers} = {'accept': 'application/json', 'Content-Type': 'application/json'}</msg>
<var>${headers}</var>
<arg>accept=application/json</arg>
<arg>Content-Type=application/json</arg>
<doc>Creates and returns a dictionary based on the given ``items``.</doc>
<status status="PASS" start="2024-05-10T16:39:37.575835" elapsed="0.000000"/>
</kw>
<kw name="Create Session" owner="RequestsLibrary">
<msg time="2024-05-10T16:39:37.576832" level="INFO">Creating Session using : alias=APIquality-eagles, url=https://quality-eagles.qacoders-academy.com.br, headers={'accept': 'application/json', 'Content-Type': 'application/json'},                     cookies={}, auth=None, timeout=None, proxies=None, verify=False,                     debug=0 </msg>
<arg>alias=APIquality-eagles</arg>
<arg>url=https://quality-eagles.qacoders-academy.com.br</arg>
<arg>headers=${headers}</arg>
<doc>Create Session: create a HTTP session to a server</doc>
<status status="PASS" start="2024-05-10T16:39:37.576832" elapsed="0.000000"/>
</kw>
<status status="PASS" start="2024-05-10T16:39:37.575835" elapsed="0.000997"/>
</kw>
<kw name="POST On Session" owner="RequestsLibrary">
<msg time="2024-05-10T16:39:37.722756" level="INFO">POST Request : url=https://quality-eagles.qacoders-academy.com.br/api/department 
 path_url=/api/department 
 headers={'User-Agent': 'python-requests/2.31.0', 'Accept-Encoding': 'gzip, deflate', 'accept': 'application/json', 'Connection': 'keep-alive', 'Content-Type': 'application/json', 'Authorization': 'eyJhbGciOiJIUzI1NiIsInR5cCI6IkpXVCJ9.eyJfaWQiOiI2NTMzMDk0NWZiMWY2YzUyZjFjY2RlMzAiLCJmdWxsTmFtZSI6IlFhLUNvZGVycy1TWVNBRE1JTiIsIm1haWwiOiJzeXNhZG1pbkBxYWNvZGVycy5jb20iLCJwYXNzd29yZCI6IiQyYiQxMCQ2a3ZCejBBcjhIeE03TWxteUZjWEVPN3kvdzRrMlpIRFhsVS84TUdmNy9rcEY1UW9VMWVxRyIsImFjY2Vzc1Byb2ZpbGUiOiJTWVNBRE1JTiIsImNwZiI6IjExMTExMTExMTExIiwic3RhdHVzIjp0cnVlLCJhdWRpdCI6W3sicmVnaXN0ZXJlZEJ5Ijp7InVzZXJJZCI6IjExMTExMTExMTExMTExMTExMSIsInVzZXJMb2dpbiI6InN5c2FkbWluQHFhY29kZXJzLmNvbSJ9LCJyZWdpc3RyYXRpb25EYXRlIjoic2V4dGEtZmVpcmEsIDIwLzEwLzIwMjMsIDIwOjEyOjA1IEJSVCIsInJlZ2lzdHJhdGlvbk51bWJlciI6IjAxIiwiY29tcGFueUlkIjoiUWEuQ29kZXJzIiwiX2lkIjoiNjUzMzA5NDVmYjFmNmM1MmYxY2NkZTMxIn1dLCJfX3YiOjAsImlhdCI6MTcxNTM2OTk5NiwiZXhwIjoxNzE1NDU2Mzk2fQ.xvWeoF5ySkVF0KpOwOcH4aoYQ6s24YwRLoKHYYCrPeg', 'Content-Length': '74'} 
 body=b'{"departmentName": "xegpxjgh", "costCenterId": "658ae3f40f617abe798fd68f"}' 
 </msg>
<msg time="2024-05-10T16:39:37.723744" level="INFO">POST Response : url=https://quality-eagles.qacoders-academy.com.br/api/department 
 status=201, reason=Created 
 headers={'Server': 'nginx/1.18.0 (Ubuntu)', 'Date': 'Fri, 10 May 2024 19:39:56 GMT', 'Content-Type': 'application/json; charset=utf-8', 'Content-Length': '375', 'Connection': 'keep-alive', 'X-Powered-By': 'Express', 'Access-Control-Allow-Origin': '*', 'Access-Control-Allow-Methods': 'GET, POST, OPTIONS, PUT, PATCH, DELETE', 'Access-Control-Allow-Headers': 'Origin, X-Requested-With, Content-Type, Accept, Authorization', 'ETag': 'W/"177-KKOEAMub8UKUqkTVCNohIBmQ9w4"'} 
 body={"msg":"Cadastro realizado com sucesso.","newDepartment":{"departmentName":"xegpxjgh","costCenter":"658ae3f40f617abe798fd68f","status":true,"audit":[{"registrationDate":"sexta-feira, 10/05/2024, 16:39:56 BRT","registeredBy":{"userId":"65330945fb1f6c52f1ccde30","userLogin":"sysadmin@qacoders.com"},"_id":"663e780c8860f6da8c7a958b"}],"_id":"663e780c8860f6da8c7a958a","__v":0}} 
 </msg>
<msg time="2024-05-10T16:39:37.723744" level="INFO">C:\Users\WIN10\AppData\Local\Programs\Python\Python312\Lib\site-packages\urllib3\connectionpool.py:1103: InsecureRequestWarning: Unverified HTTPS request is being made to host 'quality-eagles.qacoders-academy.com.br'. Adding certificate verification is strongly advised. See: https://urllib3.readthedocs.io/en/latest/advanced-usage.html#tls-warnings
  warnings.warn(</msg>
<msg time="2024-05-10T16:39:37.724741" level="INFO">${response} = &lt;Response [201]&gt;</msg>
<var>${response}</var>
<arg>alias=APIquality-eagles</arg>
<arg>url=/api/department</arg>
<arg>json=${body}</arg>
<arg>expected_status=201</arg>
<arg>headers=${headers}</arg>
<doc>Sends a POST request on a previously created HTTP Session.</doc>
<status status="PASS" start="2024-05-10T16:39:37.576832" elapsed="0.147909"/>
</kw>
<kw name="Log" owner="BuiltIn">
<msg time="2024-05-10T16:39:37.726741" level="INFO">{'msg': 'Cadastro realizado com sucesso.', 'newDepartment': {'departmentName': 'xegpxjgh', 'costCenter': '658ae3f40f617abe798fd68f', 'status': True, 'audit': [{'registrationDate': 'sexta-feira, 10/05/2024, 16:39:56 BRT', 'registeredBy': {'userId': '65330945fb1f6c52f1ccde30', 'userLogin': 'sysadmin@qacoders.com'}, '_id': '663e780c8860f6da8c7a958b'}], '_id': '663e780c8860f6da8c7a958a', '__v': 0}}</msg>
<arg>${response.json()}</arg>
<doc>Logs the given message with the given level.</doc>
<status status="PASS" start="2024-05-10T16:39:37.724741" elapsed="0.002000"/>
</kw>
<kw name="Set Test Variable" owner="BuiltIn">
<msg time="2024-05-10T16:39:37.730736" level="INFO">${ID_DEPARTAMENTO} = 663e780c8860f6da8c7a958a</msg>
<arg>${ID_DEPARTAMENTO}</arg>
<arg>${response.json()['newDepartment']['_id']}</arg>
<doc>Makes a variable available everywhere within the scope of the current test.</doc>
<status status="PASS" start="2024-05-10T16:39:37.727743" elapsed="0.002993"/>
</kw>
<kw name="Set Test Variable" owner="BuiltIn">
<msg time="2024-05-10T16:39:37.732735" level="INFO">${ID_DEPARTAMENTO} = {'msg': 'Cadastro realizado com sucesso.', 'newDepartment': {'departmentName': 'xegpxjgh', 'costCenter': '658ae3f40f617abe798fd68f', 'status': True, 'audit': [{'registrationDate': 'sexta-feira, 10/05/...</msg>
<arg>${ID_DEPARTAMENTO}</arg>
<arg>${response.json()}</arg>
<doc>Makes a variable available everywhere within the scope of the current test.</doc>
<status status="PASS" start="2024-05-10T16:39:37.731736" elapsed="0.000999"/>
</kw>
<status status="PASS" start="2024-05-10T16:39:37.570837" elapsed="0.162898"/>
</kw>
<status status="PASS" start="2024-05-10T16:39:36.198514" elapsed="1.535221"/>
</test>
<test id="s1-t2" name="CT - Departamento com números" line="12">
<kw name="Create API Session" owner="academy">
<kw name="Create Dictionary" owner="BuiltIn">
<msg time="2024-05-10T16:39:37.736733" level="INFO">${headers} = {'accept': 'application/json', 'Content-Type': 'application/json'}</msg>
<var>${headers}</var>
<arg>accept=application/json</arg>
<arg>Content-Type=application/json</arg>
<doc>Creates and returns a dictionary based on the given ``items``.</doc>
<status status="PASS" start="2024-05-10T16:39:37.735733" elapsed="0.001000"/>
</kw>
<kw name="Create Session" owner="RequestsLibrary">
<msg time="2024-05-10T16:39:37.736733" level="INFO">Creating Session using : alias=APIquality-eagles, url=https://quality-eagles.qacoders-academy.com.br, headers={'accept': 'application/json', 'Content-Type': 'application/json'},                     cookies={}, auth=None, timeout=None, proxies=None, verify=False,                     debug=0 </msg>
<arg>alias=APIquality-eagles</arg>
<arg>url=https://quality-eagles.qacoders-academy.com.br</arg>
<arg>headers=${headers}</arg>
<doc>Create Session: create a HTTP session to a server</doc>
<status status="PASS" start="2024-05-10T16:39:37.736733" elapsed="0.000000"/>
</kw>
<status status="PASS" start="2024-05-10T16:39:37.735733" elapsed="0.001000"/>
</kw>
<kw name="Login de acesso" owner="academy">
<kw name="Create Dictionary" owner="BuiltIn">
<msg time="2024-05-10T16:39:37.738731" level="INFO">${body} = {'mail': 'sysadmin@qacoders.com', 'password': '1234@Test'}</msg>
<var>${body}</var>
<arg>mail=${Emaillogin}</arg>
<arg>password=${Passwordlogin}</arg>
<doc>Creates and returns a dictionary based on the given ``items``.</doc>
<status status="PASS" start="2024-05-10T16:39:37.738731" elapsed="0.000000"/>
</kw>
<kw name="Log" owner="BuiltIn">
<msg time="2024-05-10T16:39:37.739732" level="INFO">{'mail': 'sysadmin@qacoders.com', 'password': '1234@Test'}</msg>
<arg>${body}</arg>
<doc>Logs the given message with the given level.</doc>
<status status="PASS" start="2024-05-10T16:39:37.739732" elapsed="0.001002"/>
</kw>
<kw name="Create API Session" owner="academy">
<kw name="Create Dictionary" owner="BuiltIn">
<msg time="2024-05-10T16:39:37.742732" level="INFO">${headers} = {'accept': 'application/json', 'Content-Type': 'application/json'}</msg>
<var>${headers}</var>
<arg>accept=application/json</arg>
<arg>Content-Type=application/json</arg>
<doc>Creates and returns a dictionary based on the given ``items``.</doc>
<status status="PASS" start="2024-05-10T16:39:37.741733" elapsed="0.000999"/>
</kw>
<kw name="Create Session" owner="RequestsLibrary">
<msg time="2024-05-10T16:39:37.743731" level="INFO">Creating Session using : alias=APIquality-eagles, url=https://quality-eagles.qacoders-academy.com.br, headers={'accept': 'application/json', 'Content-Type': 'application/json'},                     cookies={}, auth=None, timeout=None, proxies=None, verify=False,                     debug=0 </msg>
<arg>alias=APIquality-eagles</arg>
<arg>url=https://quality-eagles.qacoders-academy.com.br</arg>
<arg>headers=${headers}</arg>
<doc>Create Session: create a HTTP session to a server</doc>
<status status="PASS" start="2024-05-10T16:39:37.742732" elapsed="0.000999"/>
</kw>
<status status="PASS" start="2024-05-10T16:39:37.740734" elapsed="0.002997"/>
</kw>
<kw name="POST On Session" owner="RequestsLibrary">
<msg time="2024-05-10T16:39:37.995082" level="INFO">POST Request : url=https://quality-eagles.qacoders-academy.com.br/api/login 
 path_url=/api/login 
 headers={'User-Agent': 'python-requests/2.31.0', 'Accept-Encoding': 'gzip, deflate', 'accept': 'application/json', 'Connection': 'keep-alive', 'Content-Type': 'application/json', 'Content-Length': '58'} 
 body=b'{"mail": "sysadmin@qacoders.com", "password": "1234@Test"}' 
 </msg>
<msg time="2024-05-10T16:39:37.995082" level="INFO">POST Response : url=https://quality-eagles.qacoders-academy.com.br/api/login 
 status=200, reason=OK 
 headers={'Server': 'nginx/1.18.0 (Ubuntu)', 'Date': 'Fri, 10 May 2024 19:39:57 GMT', 'Content-Type': 'application/json; charset=utf-8', 'Transfer-Encoding': 'chunked', 'Connection': 'keep-alive', 'X-Powered-By': 'Express', 'Access-Control-Allow-Origin': '*', 'Access-Control-Allow-Methods': 'GET, POST, OPTIONS, PUT, PATCH, DELETE', 'Access-Control-Allow-Headers': 'Origin, X-Requested-With, Content-Type, Accept, Authorization', 'ETag': 'W/"534-/fbs4S5NIiDRM7UMgHgOQHp0Cao"', 'Content-Encoding': 'gzip'} 
 body={"msg":"Olá Qa-Coders-SYSADMIN, autenticação autorizada com sucesso!","user":{"_id":"65330945fb1f6c52f1ccde30","fullName":"Qa-Coders-SYSADMIN","mail":"sysadmin@qacoders.com","password":"$2b$10$6kvBz0Ar8HxM7MlmyFcXEO7y/w4k2ZHDXlU/8MGf7/kpF5QoU1eqG","accessProfile":"SYSADMIN","cpf":"11111111111","status":true,"audit":[{"registeredBy":{"userId":"111111111111111111","userLogin":"sysadmin@qacoders.com"},"registrationDate":"sexta-feira, 20/10/2023, 20:12:05 BRT","registrationNumber":"01","companyId":"Qa.Coders","_id":"65330945fb1f6c52f1ccde31"}],"__v":0},"token":"eyJhbGciOiJIUzI1NiIsInR5cCI6IkpXVCJ9.eyJfaWQiOiI2NTMzMDk0NWZiMWY2YzUyZjFjY2RlMzAiLCJmdWxsTmFtZSI6IlFhLUNvZGVycy1TWVNBRE1JTiIsIm1haWwiOiJzeXNhZG1pbkBxYWNvZGVycy5jb20iLCJwYXNzd29yZCI6IiQyYiQxMCQ2a3ZCejBBcjhIeE03TWxteUZjWEVPN3kvdzRrMlpIRFhsVS84TUdmNy9rcEY1UW9VMWVxRyIsImFjY2Vzc1Byb2ZpbGUiOiJTWVNBRE1JTiIsImNwZiI6IjExMTExMTExMTExIiwic3RhdHVzIjp0cnVlLCJhdWRpdCI6W3sicmVnaXN0ZXJlZEJ5Ijp7InVzZXJJZCI6IjExMTExMTExMTExMTExMTExMSIsInVzZXJMb2dpbiI6InN5c2FkbWluQHFhY29kZXJzLmNvbSJ9LCJyZWdpc3RyYXRpb25EYXRlIjoic2V4dGEtZmVpcmEsIDIwLzEwLzIwMjMsIDIwOjEyOjA1IEJSVCIsInJlZ2lzdHJhdGlvbk51bWJlciI6IjAxIiwiY29tcGFueUlkIjoiUWEuQ29kZXJzIiwiX2lkIjoiNjUzMzA5NDVmYjFmNmM1MmYxY2NkZTMxIn1dLCJfX3YiOjAsImlhdCI6MTcxNTM2OTk5NywiZXhwIjoxNzE1NDU2Mzk3fQ.WtpNRyIi1K8JXYv4yAn-CyKY3UZ1Q6lbAXjay7Hqcho"} 
 </msg>
<msg time="2024-05-10T16:39:37.995082" level="INFO">C:\Users\WIN10\AppData\Local\Programs\Python\Python312\Lib\site-packages\urllib3\connectionpool.py:1103: InsecureRequestWarning: Unverified HTTPS request is being made to host 'quality-eagles.qacoders-academy.com.br'. Adding certificate verification is strongly advised. See: https://urllib3.readthedocs.io/en/latest/advanced-usage.html#tls-warnings
  warnings.warn(</msg>
<msg time="2024-05-10T16:39:37.997080" level="INFO">${response} = &lt;Response [200]&gt;</msg>
<var>${response}</var>
<arg>alias=APIquality-eagles</arg>
<arg>url=/api/login</arg>
<arg>json=${body}</arg>
<doc>Sends a POST request on a previously created HTTP Session.</doc>
<status status="PASS" start="2024-05-10T16:39:37.744731" elapsed="0.252349"/>
</kw>
<kw name="Log" owner="BuiltIn">
<msg time="2024-05-10T16:39:37.999078" level="INFO">{'msg': 'Olá Qa-Coders-SYSADMIN, autenticação autorizada com sucesso!', 'user': {'_id': '65330945fb1f6c52f1ccde30', 'fullName': 'Qa-Coders-SYSADMIN', 'mail': 'sysadmin@qacoders.com', 'password': '$2b$10$6kvBz0Ar8HxM7MlmyFcXEO7y/w4k2ZHDXlU/8MGf7/kpF5QoU1eqG', 'accessProfile': 'SYSADMIN', 'cpf': '11111111111', 'status': True, 'audit': [{'registeredBy': {'userId': '111111111111111111', 'userLogin': 'sysadmin@qacoders.com'}, 'registrationDate': 'sexta-feira, 20/10/2023, 20:12:05 BRT', 'registrationNumber': '01', 'companyId': 'Qa.Coders', '_id': '65330945fb1f6c52f1ccde31'}], '__v': 0}, 'token': 'eyJhbGciOiJIUzI1NiIsInR5cCI6IkpXVCJ9.eyJfaWQiOiI2NTMzMDk0NWZiMWY2YzUyZjFjY2RlMzAiLCJmdWxsTmFtZSI6IlFhLUNvZGVycy1TWVNBRE1JTiIsIm1haWwiOiJzeXNhZG1pbkBxYWNvZGVycy5jb20iLCJwYXNzd29yZCI6IiQyYiQxMCQ2a3ZCejBBcjhIeE03TWxteUZjWEVPN3kvdzRrMlpIRFhsVS84TUdmNy9rcEY1UW9VMWVxRyIsImFjY2Vzc1Byb2ZpbGUiOiJTWVNBRE1JTiIsImNwZiI6IjExMTExMTExMTExIiwic3RhdHVzIjp0cnVlLCJhdWRpdCI6W3sicmVnaXN0ZXJlZEJ5Ijp7InVzZXJJZCI6IjExMTExMTExMTExMTExMTExMSIsInVzZXJMb2dpbiI6InN5c2FkbWluQHFhY29kZXJzLmNvbSJ9LCJyZWdpc3RyYXRpb25EYXRlIjoic2V4dGEtZmVpcmEsIDIwLzEwLzIwMjMsIDIwOjEyOjA1IEJSVCIsInJlZ2lzdHJhdGlvbk51bWJlciI6IjAxIiwiY29tcGFueUlkIjoiUWEuQ29kZXJzIiwiX2lkIjoiNjUzMzA5NDVmYjFmNmM1MmYxY2NkZTMxIn1dLCJfX3YiOjAsImlhdCI6MTcxNTM2OTk5NywiZXhwIjoxNzE1NDU2Mzk3fQ.WtpNRyIi1K8JXYv4yAn-CyKY3UZ1Q6lbAXjay7Hqcho'}</msg>
<arg>${response.json()}</arg>
<doc>Logs the given message with the given level.</doc>
<status status="PASS" start="2024-05-10T16:39:37.997080" elapsed="0.001998"/>
</kw>
<kw name="Set Test Variable" owner="BuiltIn">
<msg time="2024-05-10T16:39:38.002076" level="INFO">${TOKEN} = eyJhbGciOiJIUzI1NiIsInR5cCI6IkpXVCJ9.eyJfaWQiOiI2NTMzMDk0NWZiMWY2YzUyZjFjY2RlMzAiLCJmdWxsTmFtZSI6IlFhLUNvZGVycy1TWVNBRE1JTiIsIm1haWwiOiJzeXNhZG1pbkBxYWNvZGVycy5jb20iLCJwYXNzd29yZCI6IiQyYiQxMCQ2a3ZCejB...</msg>
<arg>${TOKEN}</arg>
<arg>${response.json()["token"]}</arg>
<doc>Makes a variable available everywhere within the scope of the current test.</doc>
<status status="PASS" start="2024-05-10T16:39:37.999078" elapsed="0.002998"/>
</kw>
<status status="PASS" start="2024-05-10T16:39:37.737731" elapsed="0.264345"/>
</kw>
<kw name="Departamento com números" owner="academy">
<kw name="Create Dictionary" owner="BuiltIn">
<msg time="2024-05-10T16:39:38.004076" level="INFO">${headers} = {'Authorization': 'eyJhbGciOiJIUzI1NiIsInR5cCI6IkpXVCJ9.eyJfaWQiOiI2NTMzMDk0NWZiMWY2YzUyZjFjY2RlMzAiLCJmdWxsTmFtZSI6IlFhLUNvZGVycy1TWVNBRE1JTiIsIm1haWwiOiJzeXNhZG1pbkBxYWNvZGVycy5jb20iLCJwYXNzd29yZCI6...</msg>
<var>${headers}</var>
<arg>Authorization=${TOKEN}</arg>
<doc>Creates and returns a dictionary based on the given ``items``.</doc>
<status status="PASS" start="2024-05-10T16:39:38.003075" elapsed="0.001001"/>
</kw>
<kw name="Create Dictionary" owner="BuiltIn">
<msg time="2024-05-10T16:39:38.005076" level="INFO">${body} = {'departmentName': 'Departamento12', 'costCenterId': '658ae3f40f617abe798fd68f'}</msg>
<var>${body}</var>
<arg>departmentName=${Nomedepartamento12}</arg>
<arg>costCenterId=658ae3f40f617abe798fd68f</arg>
<doc>Creates and returns a dictionary based on the given ``items``.</doc>
<status status="PASS" start="2024-05-10T16:39:38.004076" elapsed="0.001000"/>
</kw>
<kw name="Log" owner="BuiltIn">
<msg time="2024-05-10T16:39:38.005076" level="INFO">{'departmentName': 'Departamento12', 'costCenterId': '658ae3f40f617abe798fd68f'}</msg>
<arg>${body}</arg>
<doc>Logs the given message with the given level.</doc>
<status status="PASS" start="2024-05-10T16:39:38.005076" elapsed="0.000000"/>
</kw>
<kw name="Create API Session" owner="academy">
<kw name="Create Dictionary" owner="BuiltIn">
<msg time="2024-05-10T16:39:38.007075" level="INFO">${headers} = {'accept': 'application/json', 'Content-Type': 'application/json'}</msg>
<var>${headers}</var>
<arg>accept=application/json</arg>
<arg>Content-Type=application/json</arg>
<doc>Creates and returns a dictionary based on the given ``items``.</doc>
<status status="PASS" start="2024-05-10T16:39:38.006074" elapsed="0.001001"/>
</kw>
<kw name="Create Session" owner="RequestsLibrary">
<msg time="2024-05-10T16:39:38.008075" level="INFO">Creating Session using : alias=APIquality-eagles, url=https://quality-eagles.qacoders-academy.com.br, headers={'accept': 'application/json', 'Content-Type': 'application/json'},                     cookies={}, auth=None, timeout=None, proxies=None, verify=False,                     debug=0 </msg>
<arg>alias=APIquality-eagles</arg>
<arg>url=https://quality-eagles.qacoders-academy.com.br</arg>
<arg>headers=${headers}</arg>
<doc>Create Session: create a HTTP session to a server</doc>
<status status="PASS" start="2024-05-10T16:39:38.007075" elapsed="0.001000"/>
</kw>
<status status="PASS" start="2024-05-10T16:39:38.005076" elapsed="0.002999"/>
</kw>
<kw name="POST On Session" owner="RequestsLibrary">
<msg time="2024-05-10T16:39:39.370343" level="INFO">POST Request : url=https://quality-eagles.qacoders-academy.com.br/api/department 
 path_url=/api/department 
 headers={'User-Agent': 'python-requests/2.31.0', 'Accept-Encoding': 'gzip, deflate', 'accept': 'application/json', 'Connection': 'keep-alive', 'Content-Type': 'application/json', 'Authorization': 'eyJhbGciOiJIUzI1NiIsInR5cCI6IkpXVCJ9.eyJfaWQiOiI2NTMzMDk0NWZiMWY2YzUyZjFjY2RlMzAiLCJmdWxsTmFtZSI6IlFhLUNvZGVycy1TWVNBRE1JTiIsIm1haWwiOiJzeXNhZG1pbkBxYWNvZGVycy5jb20iLCJwYXNzd29yZCI6IiQyYiQxMCQ2a3ZCejBBcjhIeE03TWxteUZjWEVPN3kvdzRrMlpIRFhsVS84TUdmNy9rcEY1UW9VMWVxRyIsImFjY2Vzc1Byb2ZpbGUiOiJTWVNBRE1JTiIsImNwZiI6IjExMTExMTExMTExIiwic3RhdHVzIjp0cnVlLCJhdWRpdCI6W3sicmVnaXN0ZXJlZEJ5Ijp7InVzZXJJZCI6IjExMTExMTExMTExMTExMTExMSIsInVzZXJMb2dpbiI6InN5c2FkbWluQHFhY29kZXJzLmNvbSJ9LCJyZWdpc3RyYXRpb25EYXRlIjoic2V4dGEtZmVpcmEsIDIwLzEwLzIwMjMsIDIwOjEyOjA1IEJSVCIsInJlZ2lzdHJhdGlvbk51bWJlciI6IjAxIiwiY29tcGFueUlkIjoiUWEuQ29kZXJzIiwiX2lkIjoiNjUzMzA5NDVmYjFmNmM1MmYxY2NkZTMxIn1dLCJfX3YiOjAsImlhdCI6MTcxNTM2OTk5NywiZXhwIjoxNzE1NDU2Mzk3fQ.WtpNRyIi1K8JXYv4yAn-CyKY3UZ1Q6lbAXjay7Hqcho', 'Content-Length': '80'} 
 body=b'{"departmentName": "Departamento12", "costCenterId": "658ae3f40f617abe798fd68f"}' 
 </msg>
<msg time="2024-05-10T16:39:39.371345" level="INFO">POST Response : url=https://quality-eagles.qacoders-academy.com.br/api/department 
 status=400, reason=Bad Request 
 headers={'Server': 'nginx/1.18.0 (Ubuntu)', 'Date': 'Fri, 10 May 2024 19:39:58 GMT', 'Content-Type': 'application/json; charset=utf-8', 'Content-Length': '87', 'Connection': 'keep-alive', 'X-Powered-By': 'Express', 'Access-Control-Allow-Origin': '*', 'Access-Control-Allow-Methods': 'GET, POST, OPTIONS, PUT, PATCH, DELETE', 'Access-Control-Allow-Headers': 'Origin, X-Requested-With, Content-Type, Accept, Authorization', 'ETag': 'W/"57-j6KQE/D0j9VVfYptlaRaYKiclCw"'} 
 body={"error":["O campo 'departamento' só pode conter letras e o caractere especial '&amp;'."]} 
 </msg>
<msg time="2024-05-10T16:39:39.371345" level="INFO">C:\Users\WIN10\AppData\Local\Programs\Python\Python312\Lib\site-packages\urllib3\connectionpool.py:1103: InsecureRequestWarning: Unverified HTTPS request is being made to host 'quality-eagles.qacoders-academy.com.br'. Adding certificate verification is strongly advised. See: https://urllib3.readthedocs.io/en/latest/advanced-usage.html#tls-warnings
  warnings.warn(</msg>
<msg time="2024-05-10T16:39:39.372343" level="INFO">${response} = &lt;Response [400]&gt;</msg>
<var>${response}</var>
<arg>alias=APIquality-eagles</arg>
<arg>url=/api/department</arg>
<arg>json=${body}</arg>
<arg>expected_status=400</arg>
<arg>headers=${headers}</arg>
<doc>Sends a POST request on a previously created HTTP Session.</doc>
<status status="PASS" start="2024-05-10T16:39:38.008075" elapsed="1.364268"/>
</kw>
<kw name="Log" owner="BuiltIn">
<msg time="2024-05-10T16:39:39.374341" level="INFO">{'error': ["O campo 'departamento' só pode conter letras e o caractere especial '&amp;'."]}</msg>
<arg>${response.json()}</arg>
<doc>Logs the given message with the given level.</doc>
<status status="PASS" start="2024-05-10T16:39:39.373342" elapsed="0.000999"/>
</kw>
<kw name="Dictionary Should Contain Key" owner="Collections">
<msg time="2024-05-10T16:39:39.376339" level="INFO">False</msg>
<arg>${response.json()}</arg>
<arg>error</arg>
<doc>Fails if ``key`` is not found from ``dictionary``.</doc>
<status status="PASS" start="2024-05-10T16:39:39.375341" elapsed="0.000998"/>
</kw>
<kw name="List Should Contain Value" owner="Collections">
<msg time="2024-05-10T16:39:39.378341" level="INFO">False</msg>
<arg>${response.json()}[error]</arg>
<arg>O campo 'departamento' só pode conter letras e o caractere especial '&amp;'.</arg>
<doc>Fails if the ``value`` is not found from ``list``.</doc>
<status status="PASS" start="2024-05-10T16:39:39.377343" elapsed="0.000998"/>
</kw>
<status status="PASS" start="2024-05-10T16:39:38.003075" elapsed="1.375266"/>
</kw>
<status status="PASS" start="2024-05-10T16:39:37.734737" elapsed="1.644601"/>
</test>
<test id="s1-t3" name="CT - Departamento com caracteres@" line="16">
<kw name="Create API Session" owner="academy">
<kw name="Create Dictionary" owner="BuiltIn">
<msg time="2024-05-10T16:39:39.383337" level="INFO">${headers} = {'accept': 'application/json', 'Content-Type': 'application/json'}</msg>
<var>${headers}</var>
<arg>accept=application/json</arg>
<arg>Content-Type=application/json</arg>
<doc>Creates and returns a dictionary based on the given ``items``.</doc>
<status status="PASS" start="2024-05-10T16:39:39.382337" elapsed="0.001000"/>
</kw>
<kw name="Create Session" owner="RequestsLibrary">
<msg time="2024-05-10T16:39:39.384337" level="INFO">Creating Session using : alias=APIquality-eagles, url=https://quality-eagles.qacoders-academy.com.br, headers={'accept': 'application/json', 'Content-Type': 'application/json'},                     cookies={}, auth=None, timeout=None, proxies=None, verify=False,                     debug=0 </msg>
<arg>alias=APIquality-eagles</arg>
<arg>url=https://quality-eagles.qacoders-academy.com.br</arg>
<arg>headers=${headers}</arg>
<doc>Create Session: create a HTTP session to a server</doc>
<status status="PASS" start="2024-05-10T16:39:39.383337" elapsed="0.001000"/>
</kw>
<status status="PASS" start="2024-05-10T16:39:39.382337" elapsed="0.002998"/>
</kw>
<kw name="Login de acesso" owner="academy">
<kw name="Create Dictionary" owner="BuiltIn">
<msg time="2024-05-10T16:39:39.387334" level="INFO">${body} = {'mail': 'sysadmin@qacoders.com', 'password': '1234@Test'}</msg>
<var>${body}</var>
<arg>mail=${Emaillogin}</arg>
<arg>password=${Passwordlogin}</arg>
<doc>Creates and returns a dictionary based on the given ``items``.</doc>
<status status="PASS" start="2024-05-10T16:39:39.386334" elapsed="0.001000"/>
</kw>
<kw name="Log" owner="BuiltIn">
<msg time="2024-05-10T16:39:39.388333" level="INFO">{'mail': 'sysadmin@qacoders.com', 'password': '1234@Test'}</msg>
<arg>${body}</arg>
<doc>Logs the given message with the given level.</doc>
<status status="PASS" start="2024-05-10T16:39:39.387334" elapsed="0.000999"/>
</kw>
<kw name="Create API Session" owner="academy">
<kw name="Create Dictionary" owner="BuiltIn">
<msg time="2024-05-10T16:39:39.390335" level="INFO">${headers} = {'accept': 'application/json', 'Content-Type': 'application/json'}</msg>
<var>${headers}</var>
<arg>accept=application/json</arg>
<arg>Content-Type=application/json</arg>
<doc>Creates and returns a dictionary based on the given ``items``.</doc>
<status status="PASS" start="2024-05-10T16:39:39.390335" elapsed="0.000000"/>
</kw>
<kw name="Create Session" owner="RequestsLibrary">
<msg time="2024-05-10T16:39:39.392333" level="INFO">Creating Session using : alias=APIquality-eagles, url=https://quality-eagles.qacoders-academy.com.br, headers={'accept': 'application/json', 'Content-Type': 'application/json'},                     cookies={}, auth=None, timeout=None, proxies=None, verify=False,                     debug=0 </msg>
<arg>alias=APIquality-eagles</arg>
<arg>url=https://quality-eagles.qacoders-academy.com.br</arg>
<arg>headers=${headers}</arg>
<doc>Create Session: create a HTTP session to a server</doc>
<status status="PASS" start="2024-05-10T16:39:39.391333" elapsed="0.001000"/>
</kw>
<status status="PASS" start="2024-05-10T16:39:39.388333" elapsed="0.004000"/>
</kw>
<kw name="POST On Session" owner="RequestsLibrary">
<msg time="2024-05-10T16:39:39.669157" level="INFO">POST Request : url=https://quality-eagles.qacoders-academy.com.br/api/login 
 path_url=/api/login 
 headers={'User-Agent': 'python-requests/2.31.0', 'Accept-Encoding': 'gzip, deflate', 'accept': 'application/json', 'Connection': 'keep-alive', 'Content-Type': 'application/json', 'Content-Length': '58'} 
 body=b'{"mail": "sysadmin@qacoders.com", "password": "1234@Test"}' 
 </msg>
<msg time="2024-05-10T16:39:39.670157" level="INFO">POST Response : url=https://quality-eagles.qacoders-academy.com.br/api/login 
 status=200, reason=OK 
 headers={'Server': 'nginx/1.18.0 (Ubuntu)', 'Date': 'Fri, 10 May 2024 19:39:58 GMT', 'Content-Type': 'application/json; charset=utf-8', 'Transfer-Encoding': 'chunked', 'Connection': 'keep-alive', 'X-Powered-By': 'Express', 'Access-Control-Allow-Origin': '*', 'Access-Control-Allow-Methods': 'GET, POST, OPTIONS, PUT, PATCH, DELETE', 'Access-Control-Allow-Headers': 'Origin, X-Requested-With, Content-Type, Accept, Authorization', 'ETag': 'W/"534-7iYaqS9bBXDQ4RIYnA7fY0T7FaA"', 'Content-Encoding': 'gzip'} 
 body={"msg":"Olá Qa-Coders-SYSADMIN, autenticação autorizada com sucesso!","user":{"_id":"65330945fb1f6c52f1ccde30","fullName":"Qa-Coders-SYSADMIN","mail":"sysadmin@qacoders.com","password":"$2b$10$6kvBz0Ar8HxM7MlmyFcXEO7y/w4k2ZHDXlU/8MGf7/kpF5QoU1eqG","accessProfile":"SYSADMIN","cpf":"11111111111","status":true,"audit":[{"registeredBy":{"userId":"111111111111111111","userLogin":"sysadmin@qacoders.com"},"registrationDate":"sexta-feira, 20/10/2023, 20:12:05 BRT","registrationNumber":"01","companyId":"Qa.Coders","_id":"65330945fb1f6c52f1ccde31"}],"__v":0},"token":"eyJhbGciOiJIUzI1NiIsInR5cCI6IkpXVCJ9.eyJfaWQiOiI2NTMzMDk0NWZiMWY2YzUyZjFjY2RlMzAiLCJmdWxsTmFtZSI6IlFhLUNvZGVycy1TWVNBRE1JTiIsIm1haWwiOiJzeXNhZG1pbkBxYWNvZGVycy5jb20iLCJwYXNzd29yZCI6IiQyYiQxMCQ2a3ZCejBBcjhIeE03TWxteUZjWEVPN3kvdzRrMlpIRFhsVS84TUdmNy9rcEY1UW9VMWVxRyIsImFjY2Vzc1Byb2ZpbGUiOiJTWVNBRE1JTiIsImNwZiI6IjExMTExMTExMTExIiwic3RhdHVzIjp0cnVlLCJhdWRpdCI6W3sicmVnaXN0ZXJlZEJ5Ijp7InVzZXJJZCI6IjExMTExMTExMTExMTExMTExMSIsInVzZXJMb2dpbiI6InN5c2FkbWluQHFhY29kZXJzLmNvbSJ9LCJyZWdpc3RyYXRpb25EYXRlIjoic2V4dGEtZmVpcmEsIDIwLzEwLzIwMjMsIDIwOjEyOjA1IEJSVCIsInJlZ2lzdHJhdGlvbk51bWJlciI6IjAxIiwiY29tcGFueUlkIjoiUWEuQ29kZXJzIiwiX2lkIjoiNjUzMzA5NDVmYjFmNmM1MmYxY2NkZTMxIn1dLCJfX3YiOjAsImlhdCI6MTcxNTM2OTk5OCwiZXhwIjoxNzE1NDU2Mzk4fQ.DPoS-gHxXdNn1YZ0naFX2TOZgsTdCNApl3x0nDYndgc"} 
 </msg>
<msg time="2024-05-10T16:39:39.670157" level="INFO">C:\Users\WIN10\AppData\Local\Programs\Python\Python312\Lib\site-packages\urllib3\connectionpool.py:1103: InsecureRequestWarning: Unverified HTTPS request is being made to host 'quality-eagles.qacoders-academy.com.br'. Adding certificate verification is strongly advised. See: https://urllib3.readthedocs.io/en/latest/advanced-usage.html#tls-warnings
  warnings.warn(</msg>
<msg time="2024-05-10T16:39:39.671158" level="INFO">${response} = &lt;Response [200]&gt;</msg>
<var>${response}</var>
<arg>alias=APIquality-eagles</arg>
<arg>url=/api/login</arg>
<arg>json=${body}</arg>
<doc>Sends a POST request on a previously created HTTP Session.</doc>
<status status="PASS" start="2024-05-10T16:39:39.393334" elapsed="0.277824"/>
</kw>
<kw name="Log" owner="BuiltIn">
<msg time="2024-05-10T16:39:39.672157" level="INFO">{'msg': 'Olá Qa-Coders-SYSADMIN, autenticação autorizada com sucesso!', 'user': {'_id': '65330945fb1f6c52f1ccde30', 'fullName': 'Qa-Coders-SYSADMIN', 'mail': 'sysadmin@qacoders.com', 'password': '$2b$10$6kvBz0Ar8HxM7MlmyFcXEO7y/w4k2ZHDXlU/8MGf7/kpF5QoU1eqG', 'accessProfile': 'SYSADMIN', 'cpf': '11111111111', 'status': True, 'audit': [{'registeredBy': {'userId': '111111111111111111', 'userLogin': 'sysadmin@qacoders.com'}, 'registrationDate': 'sexta-feira, 20/10/2023, 20:12:05 BRT', 'registrationNumber': '01', 'companyId': 'Qa.Coders', '_id': '65330945fb1f6c52f1ccde31'}], '__v': 0}, 'token': 'eyJhbGciOiJIUzI1NiIsInR5cCI6IkpXVCJ9.eyJfaWQiOiI2NTMzMDk0NWZiMWY2YzUyZjFjY2RlMzAiLCJmdWxsTmFtZSI6IlFhLUNvZGVycy1TWVNBRE1JTiIsIm1haWwiOiJzeXNhZG1pbkBxYWNvZGVycy5jb20iLCJwYXNzd29yZCI6IiQyYiQxMCQ2a3ZCejBBcjhIeE03TWxteUZjWEVPN3kvdzRrMlpIRFhsVS84TUdmNy9rcEY1UW9VMWVxRyIsImFjY2Vzc1Byb2ZpbGUiOiJTWVNBRE1JTiIsImNwZiI6IjExMTExMTExMTExIiwic3RhdHVzIjp0cnVlLCJhdWRpdCI6W3sicmVnaXN0ZXJlZEJ5Ijp7InVzZXJJZCI6IjExMTExMTExMTExMTExMTExMSIsInVzZXJMb2dpbiI6InN5c2FkbWluQHFhY29kZXJzLmNvbSJ9LCJyZWdpc3RyYXRpb25EYXRlIjoic2V4dGEtZmVpcmEsIDIwLzEwLzIwMjMsIDIwOjEyOjA1IEJSVCIsInJlZ2lzdHJhdGlvbk51bWJlciI6IjAxIiwiY29tcGFueUlkIjoiUWEuQ29kZXJzIiwiX2lkIjoiNjUzMzA5NDVmYjFmNmM1MmYxY2NkZTMxIn1dLCJfX3YiOjAsImlhdCI6MTcxNTM2OTk5OCwiZXhwIjoxNzE1NDU2Mzk4fQ.DPoS-gHxXdNn1YZ0naFX2TOZgsTdCNApl3x0nDYndgc'}</msg>
<arg>${response.json()}</arg>
<doc>Logs the given message with the given level.</doc>
<status status="PASS" start="2024-05-10T16:39:39.671158" elapsed="0.000999"/>
</kw>
<kw name="Set Test Variable" owner="BuiltIn">
<msg time="2024-05-10T16:39:39.674155" level="INFO">${TOKEN} = eyJhbGciOiJIUzI1NiIsInR5cCI6IkpXVCJ9.eyJfaWQiOiI2NTMzMDk0NWZiMWY2YzUyZjFjY2RlMzAiLCJmdWxsTmFtZSI6IlFhLUNvZGVycy1TWVNBRE1JTiIsIm1haWwiOiJzeXNhZG1pbkBxYWNvZGVycy5jb20iLCJwYXNzd29yZCI6IiQyYiQxMCQ2a3ZCejB...</msg>
<arg>${TOKEN}</arg>
<arg>${response.json()["token"]}</arg>
<doc>Makes a variable available everywhere within the scope of the current test.</doc>
<status status="PASS" start="2024-05-10T16:39:39.673156" elapsed="0.001998"/>
</kw>
<status status="PASS" start="2024-05-10T16:39:39.385335" elapsed="0.289819"/>
</kw>
<kw name="Departamento com caracteres@" owner="academy">
<kw name="Create Dictionary" owner="BuiltIn">
<msg time="2024-05-10T16:39:39.676154" level="INFO">${headers} = {'Authorization': 'eyJhbGciOiJIUzI1NiIsInR5cCI6IkpXVCJ9.eyJfaWQiOiI2NTMzMDk0NWZiMWY2YzUyZjFjY2RlMzAiLCJmdWxsTmFtZSI6IlFhLUNvZGVycy1TWVNBRE1JTiIsIm1haWwiOiJzeXNhZG1pbkBxYWNvZGVycy5jb20iLCJwYXNzd29yZCI6...</msg>
<var>${headers}</var>
<arg>Authorization=${TOKEN}</arg>
<doc>Creates and returns a dictionary based on the given ``items``.</doc>
<status status="PASS" start="2024-05-10T16:39:39.676154" elapsed="0.000000"/>
</kw>
<kw name="Create Dictionary" owner="BuiltIn">
<msg time="2024-05-10T16:39:39.676154" level="INFO">${body} = {'departmentName': 'Caracteres@', 'costCenterId': '658ae3f40f617abe798fd68f'}</msg>
<var>${body}</var>
<arg>departmentName=${Caracteres@}</arg>
<arg>costCenterId=658ae3f40f617abe798fd68f</arg>
<doc>Creates and returns a dictionary based on the given ``items``.</doc>
<status status="PASS" start="2024-05-10T16:39:39.676154" elapsed="0.000999"/>
</kw>
<kw name="Log" owner="BuiltIn">
<msg time="2024-05-10T16:39:39.677153" level="INFO">{'departmentName': 'Caracteres@', 'costCenterId': '658ae3f40f617abe798fd68f'}</msg>
<arg>${body}</arg>
<doc>Logs the given message with the given level.</doc>
<status status="PASS" start="2024-05-10T16:39:39.677153" elapsed="0.000000"/>
</kw>
<kw name="Create API Session" owner="academy">
<kw name="Create Dictionary" owner="BuiltIn">
<msg time="2024-05-10T16:39:39.679153" level="INFO">${headers} = {'accept': 'application/json', 'Content-Type': 'application/json'}</msg>
<var>${headers}</var>
<arg>accept=application/json</arg>
<arg>Content-Type=application/json</arg>
<doc>Creates and returns a dictionary based on the given ``items``.</doc>
<status status="PASS" start="2024-05-10T16:39:39.678153" elapsed="0.001000"/>
</kw>
<kw name="Create Session" owner="RequestsLibrary">
<msg time="2024-05-10T16:39:39.680155" level="INFO">Creating Session using : alias=APIquality-eagles, url=https://quality-eagles.qacoders-academy.com.br, headers={'accept': 'application/json', 'Content-Type': 'application/json'},                     cookies={}, auth=None, timeout=None, proxies=None, verify=False,                     debug=0 </msg>
<arg>alias=APIquality-eagles</arg>
<arg>url=https://quality-eagles.qacoders-academy.com.br</arg>
<arg>headers=${headers}</arg>
<doc>Create Session: create a HTTP session to a server</doc>
<status status="PASS" start="2024-05-10T16:39:39.679153" elapsed="0.001002"/>
</kw>
<status status="PASS" start="2024-05-10T16:39:39.678153" elapsed="0.002002"/>
</kw>
<kw name="POST On Session" owner="RequestsLibrary">
<msg time="2024-05-10T16:39:39.790089" level="INFO">POST Request : url=https://quality-eagles.qacoders-academy.com.br/api/department 
 path_url=/api/department 
 headers={'User-Agent': 'python-requests/2.31.0', 'Accept-Encoding': 'gzip, deflate', 'accept': 'application/json', 'Connection': 'keep-alive', 'Content-Type': 'application/json', 'Authorization': 'eyJhbGciOiJIUzI1NiIsInR5cCI6IkpXVCJ9.eyJfaWQiOiI2NTMzMDk0NWZiMWY2YzUyZjFjY2RlMzAiLCJmdWxsTmFtZSI6IlFhLUNvZGVycy1TWVNBRE1JTiIsIm1haWwiOiJzeXNhZG1pbkBxYWNvZGVycy5jb20iLCJwYXNzd29yZCI6IiQyYiQxMCQ2a3ZCejBBcjhIeE03TWxteUZjWEVPN3kvdzRrMlpIRFhsVS84TUdmNy9rcEY1UW9VMWVxRyIsImFjY2Vzc1Byb2ZpbGUiOiJTWVNBRE1JTiIsImNwZiI6IjExMTExMTExMTExIiwic3RhdHVzIjp0cnVlLCJhdWRpdCI6W3sicmVnaXN0ZXJlZEJ5Ijp7InVzZXJJZCI6IjExMTExMTExMTExMTExMTExMSIsInVzZXJMb2dpbiI6InN5c2FkbWluQHFhY29kZXJzLmNvbSJ9LCJyZWdpc3RyYXRpb25EYXRlIjoic2V4dGEtZmVpcmEsIDIwLzEwLzIwMjMsIDIwOjEyOjA1IEJSVCIsInJlZ2lzdHJhdGlvbk51bWJlciI6IjAxIiwiY29tcGFueUlkIjoiUWEuQ29kZXJzIiwiX2lkIjoiNjUzMzA5NDVmYjFmNmM1MmYxY2NkZTMxIn1dLCJfX3YiOjAsImlhdCI6MTcxNTM2OTk5OCwiZXhwIjoxNzE1NDU2Mzk4fQ.DPoS-gHxXdNn1YZ0naFX2TOZgsTdCNApl3x0nDYndgc', 'Content-Length': '77'} 
 body=b'{"departmentName": "Caracteres@", "costCenterId": "658ae3f40f617abe798fd68f"}' 
 </msg>
<msg time="2024-05-10T16:39:39.790089" level="INFO">POST Response : url=https://quality-eagles.qacoders-academy.com.br/api/department 
 status=400, reason=Bad Request 
 headers={'Server': 'nginx/1.18.0 (Ubuntu)', 'Date': 'Fri, 10 May 2024 19:39:58 GMT', 'Content-Type': 'application/json; charset=utf-8', 'Content-Length': '87', 'Connection': 'keep-alive', 'X-Powered-By': 'Express', 'Access-Control-Allow-Origin': '*', 'Access-Control-Allow-Methods': 'GET, POST, OPTIONS, PUT, PATCH, DELETE', 'Access-Control-Allow-Headers': 'Origin, X-Requested-With, Content-Type, Accept, Authorization', 'ETag': 'W/"57-j6KQE/D0j9VVfYptlaRaYKiclCw"'} 
 body={"error":["O campo 'departamento' só pode conter letras e o caractere especial '&amp;'."]} 
 </msg>
<msg time="2024-05-10T16:39:39.790089" level="INFO">C:\Users\WIN10\AppData\Local\Programs\Python\Python312\Lib\site-packages\urllib3\connectionpool.py:1103: InsecureRequestWarning: Unverified HTTPS request is being made to host 'quality-eagles.qacoders-academy.com.br'. Adding certificate verification is strongly advised. See: https://urllib3.readthedocs.io/en/latest/advanced-usage.html#tls-warnings
  warnings.warn(</msg>
<msg time="2024-05-10T16:39:39.792087" level="INFO">${response} = &lt;Response [400]&gt;</msg>
<var>${response}</var>
<arg>alias=APIquality-eagles</arg>
<arg>url=/api/department</arg>
<arg>json=${body}</arg>
<arg>expected_status=400</arg>
<arg>headers=${headers}</arg>
<doc>Sends a POST request on a previously created HTTP Session.</doc>
<status status="PASS" start="2024-05-10T16:39:39.680155" elapsed="0.111932"/>
</kw>
<kw name="Log" owner="BuiltIn">
<msg time="2024-05-10T16:39:39.794086" level="INFO">{'error': ["O campo 'departamento' só pode conter letras e o caractere especial '&amp;'."]}</msg>
<arg>${response.json()}</arg>
<doc>Logs the given message with the given level.</doc>
<status status="PASS" start="2024-05-10T16:39:39.792087" elapsed="0.001999"/>
</kw>
<kw name="Dictionary Should Contain Key" owner="Collections">
<msg time="2024-05-10T16:39:39.796085" level="INFO">False</msg>
<arg>${response.json()}</arg>
<arg>error</arg>
<doc>Fails if ``key`` is not found from ``dictionary``.</doc>
<status status="PASS" start="2024-05-10T16:39:39.795086" elapsed="0.000999"/>
</kw>
<kw name="List Should Contain Value" owner="Collections">
<msg time="2024-05-10T16:39:39.797084" level="INFO">False</msg>
<arg>${response.json()}[error]</arg>
<arg>O campo 'departamento' só pode conter letras e o caractere especial '&amp;'.</arg>
<doc>Fails if the ``value`` is not found from ``list``.</doc>
<status status="PASS" start="2024-05-10T16:39:39.796085" elapsed="0.001998"/>
</kw>
<status status="PASS" start="2024-05-10T16:39:39.675154" elapsed="0.122929"/>
</kw>
<status status="PASS" start="2024-05-10T16:39:39.380339" elapsed="0.417744"/>
</test>
<test id="s1-t4" name="CT - Departamento em branco" line="20">
<kw name="Create API Session" owner="academy">
<kw name="Create Dictionary" owner="BuiltIn">
<msg time="2024-05-10T16:39:39.802082" level="INFO">${headers} = {'accept': 'application/json', 'Content-Type': 'application/json'}</msg>
<var>${headers}</var>
<arg>accept=application/json</arg>
<arg>Content-Type=application/json</arg>
<doc>Creates and returns a dictionary based on the given ``items``.</doc>
<status status="PASS" start="2024-05-10T16:39:39.802082" elapsed="0.000000"/>
</kw>
<kw name="Create Session" owner="RequestsLibrary">
<msg time="2024-05-10T16:39:39.803082" level="INFO">Creating Session using : alias=APIquality-eagles, url=https://quality-eagles.qacoders-academy.com.br, headers={'accept': 'application/json', 'Content-Type': 'application/json'},                     cookies={}, auth=None, timeout=None, proxies=None, verify=False,                     debug=0 </msg>
<arg>alias=APIquality-eagles</arg>
<arg>url=https://quality-eagles.qacoders-academy.com.br</arg>
<arg>headers=${headers}</arg>
<doc>Create Session: create a HTTP session to a server</doc>
<status status="PASS" start="2024-05-10T16:39:39.802082" elapsed="0.002002"/>
</kw>
<status status="PASS" start="2024-05-10T16:39:39.801082" elapsed="0.003002"/>
</kw>
<kw name="Login de acesso" owner="academy">
<kw name="Create Dictionary" owner="BuiltIn">
<msg time="2024-05-10T16:39:39.807077" level="INFO">${body} = {'mail': 'sysadmin@qacoders.com', 'password': '1234@Test'}</msg>
<var>${body}</var>
<arg>mail=${Emaillogin}</arg>
<arg>password=${Passwordlogin}</arg>
<doc>Creates and returns a dictionary based on the given ``items``.</doc>
<status status="PASS" start="2024-05-10T16:39:39.806078" elapsed="0.000999"/>
</kw>
<kw name="Log" owner="BuiltIn">
<msg time="2024-05-10T16:39:39.807077" level="INFO">{'mail': 'sysadmin@qacoders.com', 'password': '1234@Test'}</msg>
<arg>${body}</arg>
<doc>Logs the given message with the given level.</doc>
<status status="PASS" start="2024-05-10T16:39:39.807077" elapsed="0.001000"/>
</kw>
<kw name="Create API Session" owner="academy">
<kw name="Create Dictionary" owner="BuiltIn">
<msg time="2024-05-10T16:39:39.809077" level="INFO">${headers} = {'accept': 'application/json', 'Content-Type': 'application/json'}</msg>
<var>${headers}</var>
<arg>accept=application/json</arg>
<arg>Content-Type=application/json</arg>
<doc>Creates and returns a dictionary based on the given ``items``.</doc>
<status status="PASS" start="2024-05-10T16:39:39.808077" elapsed="0.001000"/>
</kw>
<kw name="Create Session" owner="RequestsLibrary">
<msg time="2024-05-10T16:39:39.810077" level="INFO">Creating Session using : alias=APIquality-eagles, url=https://quality-eagles.qacoders-academy.com.br, headers={'accept': 'application/json', 'Content-Type': 'application/json'},                     cookies={}, auth=None, timeout=None, proxies=None, verify=False,                     debug=0 </msg>
<arg>alias=APIquality-eagles</arg>
<arg>url=https://quality-eagles.qacoders-academy.com.br</arg>
<arg>headers=${headers}</arg>
<doc>Create Session: create a HTTP session to a server</doc>
<status status="PASS" start="2024-05-10T16:39:39.809077" elapsed="0.001000"/>
</kw>
<status status="PASS" start="2024-05-10T16:39:39.808077" elapsed="0.002000"/>
</kw>
<kw name="POST On Session" owner="RequestsLibrary">
<msg time="2024-05-10T16:39:40.119892" level="INFO">POST Request : url=https://quality-eagles.qacoders-academy.com.br/api/login 
 path_url=/api/login 
 headers={'User-Agent': 'python-requests/2.31.0', 'Accept-Encoding': 'gzip, deflate', 'accept': 'application/json', 'Connection': 'keep-alive', 'Content-Type': 'application/json', 'Content-Length': '58'} 
 body=b'{"mail": "sysadmin@qacoders.com", "password": "1234@Test"}' 
 </msg>
<msg time="2024-05-10T16:39:40.119892" level="INFO">POST Response : url=https://quality-eagles.qacoders-academy.com.br/api/login 
 status=200, reason=OK 
 headers={'Server': 'nginx/1.18.0 (Ubuntu)', 'Date': 'Fri, 10 May 2024 19:39:59 GMT', 'Content-Type': 'application/json; charset=utf-8', 'Transfer-Encoding': 'chunked', 'Connection': 'keep-alive', 'X-Powered-By': 'Express', 'Access-Control-Allow-Origin': '*', 'Access-Control-Allow-Methods': 'GET, POST, OPTIONS, PUT, PATCH, DELETE', 'Access-Control-Allow-Headers': 'Origin, X-Requested-With, Content-Type, Accept, Authorization', 'ETag': 'W/"534-bzJ3o500DAsU/v5Gs+fwZ89Kb2I"', 'Content-Encoding': 'gzip'} 
 body={"msg":"Olá Qa-Coders-SYSADMIN, autenticação autorizada com sucesso!","user":{"_id":"65330945fb1f6c52f1ccde30","fullName":"Qa-Coders-SYSADMIN","mail":"sysadmin@qacoders.com","password":"$2b$10$6kvBz0Ar8HxM7MlmyFcXEO7y/w4k2ZHDXlU/8MGf7/kpF5QoU1eqG","accessProfile":"SYSADMIN","cpf":"11111111111","status":true,"audit":[{"registeredBy":{"userId":"111111111111111111","userLogin":"sysadmin@qacoders.com"},"registrationDate":"sexta-feira, 20/10/2023, 20:12:05 BRT","registrationNumber":"01","companyId":"Qa.Coders","_id":"65330945fb1f6c52f1ccde31"}],"__v":0},"token":"eyJhbGciOiJIUzI1NiIsInR5cCI6IkpXVCJ9.eyJfaWQiOiI2NTMzMDk0NWZiMWY2YzUyZjFjY2RlMzAiLCJmdWxsTmFtZSI6IlFhLUNvZGVycy1TWVNBRE1JTiIsIm1haWwiOiJzeXNhZG1pbkBxYWNvZGVycy5jb20iLCJwYXNzd29yZCI6IiQyYiQxMCQ2a3ZCejBBcjhIeE03TWxteUZjWEVPN3kvdzRrMlpIRFhsVS84TUdmNy9rcEY1UW9VMWVxRyIsImFjY2Vzc1Byb2ZpbGUiOiJTWVNBRE1JTiIsImNwZiI6IjExMTExMTExMTExIiwic3RhdHVzIjp0cnVlLCJhdWRpdCI6W3sicmVnaXN0ZXJlZEJ5Ijp7InVzZXJJZCI6IjExMTExMTExMTExMTExMTExMSIsInVzZXJMb2dpbiI6InN5c2FkbWluQHFhY29kZXJzLmNvbSJ9LCJyZWdpc3RyYXRpb25EYXRlIjoic2V4dGEtZmVpcmEsIDIwLzEwLzIwMjMsIDIwOjEyOjA1IEJSVCIsInJlZ2lzdHJhdGlvbk51bWJlciI6IjAxIiwiY29tcGFueUlkIjoiUWEuQ29kZXJzIiwiX2lkIjoiNjUzMzA5NDVmYjFmNmM1MmYxY2NkZTMxIn1dLCJfX3YiOjAsImlhdCI6MTcxNTM2OTk5OSwiZXhwIjoxNzE1NDU2Mzk5fQ._DUGD8yBWMA9-4Fm0DN_8VRLVFpBdDS4der757hwkMs"} 
 </msg>
<msg time="2024-05-10T16:39:40.119892" level="INFO">C:\Users\WIN10\AppData\Local\Programs\Python\Python312\Lib\site-packages\urllib3\connectionpool.py:1103: InsecureRequestWarning: Unverified HTTPS request is being made to host 'quality-eagles.qacoders-academy.com.br'. Adding certificate verification is strongly advised. See: https://urllib3.readthedocs.io/en/latest/advanced-usage.html#tls-warnings
  warnings.warn(</msg>
<msg time="2024-05-10T16:39:40.120890" level="INFO">${response} = &lt;Response [200]&gt;</msg>
<var>${response}</var>
<arg>alias=APIquality-eagles</arg>
<arg>url=/api/login</arg>
<arg>json=${body}</arg>
<doc>Sends a POST request on a previously created HTTP Session.</doc>
<status status="PASS" start="2024-05-10T16:39:39.811075" elapsed="0.310813"/>
</kw>
<kw name="Log" owner="BuiltIn">
<msg time="2024-05-10T16:39:40.123887" level="INFO">{'msg': 'Olá Qa-Coders-SYSADMIN, autenticação autorizada com sucesso!', 'user': {'_id': '65330945fb1f6c52f1ccde30', 'fullName': 'Qa-Coders-SYSADMIN', 'mail': 'sysadmin@qacoders.com', 'password': '$2b$10$6kvBz0Ar8HxM7MlmyFcXEO7y/w4k2ZHDXlU/8MGf7/kpF5QoU1eqG', 'accessProfile': 'SYSADMIN', 'cpf': '11111111111', 'status': True, 'audit': [{'registeredBy': {'userId': '111111111111111111', 'userLogin': 'sysadmin@qacoders.com'}, 'registrationDate': 'sexta-feira, 20/10/2023, 20:12:05 BRT', 'registrationNumber': '01', 'companyId': 'Qa.Coders', '_id': '65330945fb1f6c52f1ccde31'}], '__v': 0}, 'token': 'eyJhbGciOiJIUzI1NiIsInR5cCI6IkpXVCJ9.eyJfaWQiOiI2NTMzMDk0NWZiMWY2YzUyZjFjY2RlMzAiLCJmdWxsTmFtZSI6IlFhLUNvZGVycy1TWVNBRE1JTiIsIm1haWwiOiJzeXNhZG1pbkBxYWNvZGVycy5jb20iLCJwYXNzd29yZCI6IiQyYiQxMCQ2a3ZCejBBcjhIeE03TWxteUZjWEVPN3kvdzRrMlpIRFhsVS84TUdmNy9rcEY1UW9VMWVxRyIsImFjY2Vzc1Byb2ZpbGUiOiJTWVNBRE1JTiIsImNwZiI6IjExMTExMTExMTExIiwic3RhdHVzIjp0cnVlLCJhdWRpdCI6W3sicmVnaXN0ZXJlZEJ5Ijp7InVzZXJJZCI6IjExMTExMTExMTExMTExMTExMSIsInVzZXJMb2dpbiI6InN5c2FkbWluQHFhY29kZXJzLmNvbSJ9LCJyZWdpc3RyYXRpb25EYXRlIjoic2V4dGEtZmVpcmEsIDIwLzEwLzIwMjMsIDIwOjEyOjA1IEJSVCIsInJlZ2lzdHJhdGlvbk51bWJlciI6IjAxIiwiY29tcGFueUlkIjoiUWEuQ29kZXJzIiwiX2lkIjoiNjUzMzA5NDVmYjFmNmM1MmYxY2NkZTMxIn1dLCJfX3YiOjAsImlhdCI6MTcxNTM2OTk5OSwiZXhwIjoxNzE1NDU2Mzk5fQ._DUGD8yBWMA9-4Fm0DN_8VRLVFpBdDS4der757hwkMs'}</msg>
<arg>${response.json()}</arg>
<doc>Logs the given message with the given level.</doc>
<status status="PASS" start="2024-05-10T16:39:40.121888" elapsed="0.001999"/>
</kw>
<kw name="Set Test Variable" owner="BuiltIn">
<msg time="2024-05-10T16:39:40.127888" level="INFO">${TOKEN} = eyJhbGciOiJIUzI1NiIsInR5cCI6IkpXVCJ9.eyJfaWQiOiI2NTMzMDk0NWZiMWY2YzUyZjFjY2RlMzAiLCJmdWxsTmFtZSI6IlFhLUNvZGVycy1TWVNBRE1JTiIsIm1haWwiOiJzeXNhZG1pbkBxYWNvZGVycy5jb20iLCJwYXNzd29yZCI6IiQyYiQxMCQ2a3ZCejB...</msg>
<arg>${TOKEN}</arg>
<arg>${response.json()["token"]}</arg>
<doc>Makes a variable available everywhere within the scope of the current test.</doc>
<status status="PASS" start="2024-05-10T16:39:40.124887" elapsed="0.003001"/>
</kw>
<status status="PASS" start="2024-05-10T16:39:39.805081" elapsed="0.322807"/>
</kw>
<kw name="Departamento em branco" owner="academy">
<kw name="Create Dictionary" owner="BuiltIn">
<msg time="2024-05-10T16:39:40.129884" level="INFO">${headers} = {'Authorization': 'eyJhbGciOiJIUzI1NiIsInR5cCI6IkpXVCJ9.eyJfaWQiOiI2NTMzMDk0NWZiMWY2YzUyZjFjY2RlMzAiLCJmdWxsTmFtZSI6IlFhLUNvZGVycy1TWVNBRE1JTiIsIm1haWwiOiJzeXNhZG1pbkBxYWNvZGVycy5jb20iLCJwYXNzd29yZCI6...</msg>
<var>${headers}</var>
<arg>Authorization=${TOKEN}</arg>
<doc>Creates and returns a dictionary based on the given ``items``.</doc>
<status status="PASS" start="2024-05-10T16:39:40.129884" elapsed="0.000000"/>
</kw>
<kw name="Create Dictionary" owner="BuiltIn">
<msg time="2024-05-10T16:39:40.130883" level="INFO">${body} = {'departmentName': '', 'costCenterId': '658ae3f40f617abe798fd68f'}</msg>
<var>${body}</var>
<arg>departmentName=</arg>
<arg>costCenterId=658ae3f40f617abe798fd68f</arg>
<doc>Creates and returns a dictionary based on the given ``items``.</doc>
<status status="PASS" start="2024-05-10T16:39:40.130883" elapsed="0.001000"/>
</kw>
<kw name="Log" owner="BuiltIn">
<msg time="2024-05-10T16:39:40.131883" level="INFO">{'departmentName': '', 'costCenterId': '658ae3f40f617abe798fd68f'}</msg>
<arg>${body}</arg>
<doc>Logs the given message with the given level.</doc>
<status status="PASS" start="2024-05-10T16:39:40.131883" elapsed="0.000000"/>
</kw>
<kw name="Create API Session" owner="academy">
<kw name="Create Dictionary" owner="BuiltIn">
<msg time="2024-05-10T16:39:40.133880" level="INFO">${headers} = {'accept': 'application/json', 'Content-Type': 'application/json'}</msg>
<var>${headers}</var>
<arg>accept=application/json</arg>
<arg>Content-Type=application/json</arg>
<doc>Creates and returns a dictionary based on the given ``items``.</doc>
<status status="PASS" start="2024-05-10T16:39:40.132882" elapsed="0.000998"/>
</kw>
<kw name="Create Session" owner="RequestsLibrary">
<msg time="2024-05-10T16:39:40.134881" level="INFO">Creating Session using : alias=APIquality-eagles, url=https://quality-eagles.qacoders-academy.com.br, headers={'accept': 'application/json', 'Content-Type': 'application/json'},                     cookies={}, auth=None, timeout=None, proxies=None, verify=False,                     debug=0 </msg>
<arg>alias=APIquality-eagles</arg>
<arg>url=https://quality-eagles.qacoders-academy.com.br</arg>
<arg>headers=${headers}</arg>
<doc>Create Session: create a HTTP session to a server</doc>
<status status="PASS" start="2024-05-10T16:39:40.133880" elapsed="0.001001"/>
</kw>
<status status="PASS" start="2024-05-10T16:39:40.132882" elapsed="0.001999"/>
</kw>
<kw name="POST On Session" owner="RequestsLibrary">
<msg time="2024-05-10T16:39:40.242817" level="INFO">POST Request : url=https://quality-eagles.qacoders-academy.com.br/api/department 
 path_url=/api/department 
 headers={'User-Agent': 'python-requests/2.31.0', 'Accept-Encoding': 'gzip, deflate', 'accept': 'application/json', 'Connection': 'keep-alive', 'Content-Type': 'application/json', 'Authorization': 'eyJhbGciOiJIUzI1NiIsInR5cCI6IkpXVCJ9.eyJfaWQiOiI2NTMzMDk0NWZiMWY2YzUyZjFjY2RlMzAiLCJmdWxsTmFtZSI6IlFhLUNvZGVycy1TWVNBRE1JTiIsIm1haWwiOiJzeXNhZG1pbkBxYWNvZGVycy5jb20iLCJwYXNzd29yZCI6IiQyYiQxMCQ2a3ZCejBBcjhIeE03TWxteUZjWEVPN3kvdzRrMlpIRFhsVS84TUdmNy9rcEY1UW9VMWVxRyIsImFjY2Vzc1Byb2ZpbGUiOiJTWVNBRE1JTiIsImNwZiI6IjExMTExMTExMTExIiwic3RhdHVzIjp0cnVlLCJhdWRpdCI6W3sicmVnaXN0ZXJlZEJ5Ijp7InVzZXJJZCI6IjExMTExMTExMTExMTExMTExMSIsInVzZXJMb2dpbiI6InN5c2FkbWluQHFhY29kZXJzLmNvbSJ9LCJyZWdpc3RyYXRpb25EYXRlIjoic2V4dGEtZmVpcmEsIDIwLzEwLzIwMjMsIDIwOjEyOjA1IEJSVCIsInJlZ2lzdHJhdGlvbk51bWJlciI6IjAxIiwiY29tcGFueUlkIjoiUWEuQ29kZXJzIiwiX2lkIjoiNjUzMzA5NDVmYjFmNmM1MmYxY2NkZTMxIn1dLCJfX3YiOjAsImlhdCI6MTcxNTM2OTk5OSwiZXhwIjoxNzE1NDU2Mzk5fQ._DUGD8yBWMA9-4Fm0DN_8VRLVFpBdDS4der757hwkMs', 'Content-Length': '66'} 
 body=b'{"departmentName": "", "costCenterId": "658ae3f40f617abe798fd68f"}' 
 </msg>
<msg time="2024-05-10T16:39:40.242817" level="INFO">POST Response : url=https://quality-eagles.qacoders-academy.com.br/api/department 
 status=400, reason=Bad Request 
 headers={'Server': 'nginx/1.18.0 (Ubuntu)', 'Date': 'Fri, 10 May 2024 19:39:59 GMT', 'Content-Type': 'application/json; charset=utf-8', 'Content-Length': '53', 'Connection': 'keep-alive', 'X-Powered-By': 'Express', 'Access-Control-Allow-Origin': '*', 'Access-Control-Allow-Methods': 'GET, POST, OPTIONS, PUT, PATCH, DELETE', 'Access-Control-Allow-Headers': 'Origin, X-Requested-With, Content-Type, Accept, Authorization', 'ETag': 'W/"35-dGjDOLnnV3CTDJnONNkYQsbC/Ds"'} 
 body={"error":["O campo 'departamento' é obrigatório."]} 
 </msg>
<msg time="2024-05-10T16:39:40.242817" level="INFO">C:\Users\WIN10\AppData\Local\Programs\Python\Python312\Lib\site-packages\urllib3\connectionpool.py:1103: InsecureRequestWarning: Unverified HTTPS request is being made to host 'quality-eagles.qacoders-academy.com.br'. Adding certificate verification is strongly advised. See: https://urllib3.readthedocs.io/en/latest/advanced-usage.html#tls-warnings
  warnings.warn(</msg>
<msg time="2024-05-10T16:39:40.244812" level="INFO">${response} = &lt;Response [400]&gt;</msg>
<var>${response}</var>
<arg>alias=APIquality-eagles</arg>
<arg>url=/api/department</arg>
<arg>json=${body}</arg>
<arg>expected_status=400</arg>
<arg>headers=${headers}</arg>
<doc>Sends a POST request on a previously created HTTP Session.</doc>
<status status="PASS" start="2024-05-10T16:39:40.135879" elapsed="0.108933"/>
</kw>
<kw name="Log" owner="BuiltIn">
<msg time="2024-05-10T16:39:40.245812" level="INFO">{'error': ["O campo 'departamento' é obrigatório."]}</msg>
<arg>${response.json()}</arg>
<doc>Logs the given message with the given level.</doc>
<status status="PASS" start="2024-05-10T16:39:40.244812" elapsed="0.001000"/>
</kw>
<kw name="Dictionary Should Contain Key" owner="Collections">
<msg time="2024-05-10T16:39:40.246810" level="INFO">False</msg>
<arg>${response.json()}</arg>
<arg>error</arg>
<doc>Fails if ``key`` is not found from ``dictionary``.</doc>
<status status="PASS" start="2024-05-10T16:39:40.246810" elapsed="0.000000"/>
</kw>
<kw name="List Should Contain Value" owner="Collections">
<msg time="2024-05-10T16:39:40.247808" level="INFO">False</msg>
<arg>${response.json()}[error]</arg>
<arg>O campo 'departamento' é obrigatório.</arg>
<doc>Fails if the ``value`` is not found from ``list``.</doc>
<status status="PASS" start="2024-05-10T16:39:40.246810" elapsed="0.000998"/>
</kw>
<status status="PASS" start="2024-05-10T16:39:40.128884" elapsed="0.118924"/>
</kw>
<status status="PASS" start="2024-05-10T16:39:39.800082" elapsed="0.448726"/>
</test>
<test id="s1-t5" name="CT - Departamento com letras maiúsculas" line="24">
<kw name="Create API Session" owner="academy">
<kw name="Create Dictionary" owner="BuiltIn">
<msg time="2024-05-10T16:39:40.253806" level="INFO">${headers} = {'accept': 'application/json', 'Content-Type': 'application/json'}</msg>
<var>${headers}</var>
<arg>accept=application/json</arg>
<arg>Content-Type=application/json</arg>
<doc>Creates and returns a dictionary based on the given ``items``.</doc>
<status status="PASS" start="2024-05-10T16:39:40.252809" elapsed="0.000997"/>
</kw>
<kw name="Create Session" owner="RequestsLibrary">
<msg time="2024-05-10T16:39:40.254806" level="INFO">Creating Session using : alias=APIquality-eagles, url=https://quality-eagles.qacoders-academy.com.br, headers={'accept': 'application/json', 'Content-Type': 'application/json'},                     cookies={}, auth=None, timeout=None, proxies=None, verify=False,                     debug=0 </msg>
<arg>alias=APIquality-eagles</arg>
<arg>url=https://quality-eagles.qacoders-academy.com.br</arg>
<arg>headers=${headers}</arg>
<doc>Create Session: create a HTTP session to a server</doc>
<status status="PASS" start="2024-05-10T16:39:40.253806" elapsed="0.002000"/>
</kw>
<status status="PASS" start="2024-05-10T16:39:40.251807" elapsed="0.003999"/>
</kw>
<kw name="Login de acesso" owner="academy">
<kw name="Create Dictionary" owner="BuiltIn">
<msg time="2024-05-10T16:39:40.257805" level="INFO">${body} = {'mail': 'sysadmin@qacoders.com', 'password': '1234@Test'}</msg>
<var>${body}</var>
<arg>mail=${Emaillogin}</arg>
<arg>password=${Passwordlogin}</arg>
<doc>Creates and returns a dictionary based on the given ``items``.</doc>
<status status="PASS" start="2024-05-10T16:39:40.256805" elapsed="0.001000"/>
</kw>
<kw name="Log" owner="BuiltIn">
<msg time="2024-05-10T16:39:40.258803" level="INFO">{'mail': 'sysadmin@qacoders.com', 'password': '1234@Test'}</msg>
<arg>${body}</arg>
<doc>Logs the given message with the given level.</doc>
<status status="PASS" start="2024-05-10T16:39:40.258803" elapsed="0.000000"/>
</kw>
<kw name="Create API Session" owner="academy">
<kw name="Create Dictionary" owner="BuiltIn">
<msg time="2024-05-10T16:39:40.261802" level="INFO">${headers} = {'accept': 'application/json', 'Content-Type': 'application/json'}</msg>
<var>${headers}</var>
<arg>accept=application/json</arg>
<arg>Content-Type=application/json</arg>
<doc>Creates and returns a dictionary based on the given ``items``.</doc>
<status status="PASS" start="2024-05-10T16:39:40.259804" elapsed="0.001998"/>
</kw>
<kw name="Create Session" owner="RequestsLibrary">
<msg time="2024-05-10T16:39:40.262803" level="INFO">Creating Session using : alias=APIquality-eagles, url=https://quality-eagles.qacoders-academy.com.br, headers={'accept': 'application/json', 'Content-Type': 'application/json'},                     cookies={}, auth=None, timeout=None, proxies=None, verify=False,                     debug=0 </msg>
<arg>alias=APIquality-eagles</arg>
<arg>url=https://quality-eagles.qacoders-academy.com.br</arg>
<arg>headers=${headers}</arg>
<doc>Create Session: create a HTTP session to a server</doc>
<status status="PASS" start="2024-05-10T16:39:40.261802" elapsed="0.001001"/>
</kw>
<status status="PASS" start="2024-05-10T16:39:40.259804" elapsed="0.003997"/>
</kw>
<kw name="POST On Session" owner="RequestsLibrary">
<msg time="2024-05-10T16:39:40.533639" level="INFO">POST Request : url=https://quality-eagles.qacoders-academy.com.br/api/login 
 path_url=/api/login 
 headers={'User-Agent': 'python-requests/2.31.0', 'Accept-Encoding': 'gzip, deflate', 'accept': 'application/json', 'Connection': 'keep-alive', 'Content-Type': 'application/json', 'Content-Length': '58'} 
 body=b'{"mail": "sysadmin@qacoders.com", "password": "1234@Test"}' 
 </msg>
<msg time="2024-05-10T16:39:40.533639" level="INFO">POST Response : url=https://quality-eagles.qacoders-academy.com.br/api/login 
 status=200, reason=OK 
 headers={'Server': 'nginx/1.18.0 (Ubuntu)', 'Date': 'Fri, 10 May 2024 19:39:59 GMT', 'Content-Type': 'application/json; charset=utf-8', 'Transfer-Encoding': 'chunked', 'Connection': 'keep-alive', 'X-Powered-By': 'Express', 'Access-Control-Allow-Origin': '*', 'Access-Control-Allow-Methods': 'GET, POST, OPTIONS, PUT, PATCH, DELETE', 'Access-Control-Allow-Headers': 'Origin, X-Requested-With, Content-Type, Accept, Authorization', 'ETag': 'W/"534-bzJ3o500DAsU/v5Gs+fwZ89Kb2I"', 'Content-Encoding': 'gzip'} 
 body={"msg":"Olá Qa-Coders-SYSADMIN, autenticação autorizada com sucesso!","user":{"_id":"65330945fb1f6c52f1ccde30","fullName":"Qa-Coders-SYSADMIN","mail":"sysadmin@qacoders.com","password":"$2b$10$6kvBz0Ar8HxM7MlmyFcXEO7y/w4k2ZHDXlU/8MGf7/kpF5QoU1eqG","accessProfile":"SYSADMIN","cpf":"11111111111","status":true,"audit":[{"registeredBy":{"userId":"111111111111111111","userLogin":"sysadmin@qacoders.com"},"registrationDate":"sexta-feira, 20/10/2023, 20:12:05 BRT","registrationNumber":"01","companyId":"Qa.Coders","_id":"65330945fb1f6c52f1ccde31"}],"__v":0},"token":"eyJhbGciOiJIUzI1NiIsInR5cCI6IkpXVCJ9.eyJfaWQiOiI2NTMzMDk0NWZiMWY2YzUyZjFjY2RlMzAiLCJmdWxsTmFtZSI6IlFhLUNvZGVycy1TWVNBRE1JTiIsIm1haWwiOiJzeXNhZG1pbkBxYWNvZGVycy5jb20iLCJwYXNzd29yZCI6IiQyYiQxMCQ2a3ZCejBBcjhIeE03TWxteUZjWEVPN3kvdzRrMlpIRFhsVS84TUdmNy9rcEY1UW9VMWVxRyIsImFjY2Vzc1Byb2ZpbGUiOiJTWVNBRE1JTiIsImNwZiI6IjExMTExMTExMTExIiwic3RhdHVzIjp0cnVlLCJhdWRpdCI6W3sicmVnaXN0ZXJlZEJ5Ijp7InVzZXJJZCI6IjExMTExMTExMTExMTExMTExMSIsInVzZXJMb2dpbiI6InN5c2FkbWluQHFhY29kZXJzLmNvbSJ9LCJyZWdpc3RyYXRpb25EYXRlIjoic2V4dGEtZmVpcmEsIDIwLzEwLzIwMjMsIDIwOjEyOjA1IEJSVCIsInJlZ2lzdHJhdGlvbk51bWJlciI6IjAxIiwiY29tcGFueUlkIjoiUWEuQ29kZXJzIiwiX2lkIjoiNjUzMzA5NDVmYjFmNmM1MmYxY2NkZTMxIn1dLCJfX3YiOjAsImlhdCI6MTcxNTM2OTk5OSwiZXhwIjoxNzE1NDU2Mzk5fQ._DUGD8yBWMA9-4Fm0DN_8VRLVFpBdDS4der757hwkMs"} 
 </msg>
<msg time="2024-05-10T16:39:40.533639" level="INFO">C:\Users\WIN10\AppData\Local\Programs\Python\Python312\Lib\site-packages\urllib3\connectionpool.py:1103: InsecureRequestWarning: Unverified HTTPS request is being made to host 'quality-eagles.qacoders-academy.com.br'. Adding certificate verification is strongly advised. See: https://urllib3.readthedocs.io/en/latest/advanced-usage.html#tls-warnings
  warnings.warn(</msg>
<msg time="2024-05-10T16:39:40.535637" level="INFO">${response} = &lt;Response [200]&gt;</msg>
<var>${response}</var>
<arg>alias=APIquality-eagles</arg>
<arg>url=/api/login</arg>
<arg>json=${body}</arg>
<doc>Sends a POST request on a previously created HTTP Session.</doc>
<status status="PASS" start="2024-05-10T16:39:40.263801" elapsed="0.271836"/>
</kw>
<kw name="Log" owner="BuiltIn">
<msg time="2024-05-10T16:39:40.537636" level="INFO">{'msg': 'Olá Qa-Coders-SYSADMIN, autenticação autorizada com sucesso!', 'user': {'_id': '65330945fb1f6c52f1ccde30', 'fullName': 'Qa-Coders-SYSADMIN', 'mail': 'sysadmin@qacoders.com', 'password': '$2b$10$6kvBz0Ar8HxM7MlmyFcXEO7y/w4k2ZHDXlU/8MGf7/kpF5QoU1eqG', 'accessProfile': 'SYSADMIN', 'cpf': '11111111111', 'status': True, 'audit': [{'registeredBy': {'userId': '111111111111111111', 'userLogin': 'sysadmin@qacoders.com'}, 'registrationDate': 'sexta-feira, 20/10/2023, 20:12:05 BRT', 'registrationNumber': '01', 'companyId': 'Qa.Coders', '_id': '65330945fb1f6c52f1ccde31'}], '__v': 0}, 'token': 'eyJhbGciOiJIUzI1NiIsInR5cCI6IkpXVCJ9.eyJfaWQiOiI2NTMzMDk0NWZiMWY2YzUyZjFjY2RlMzAiLCJmdWxsTmFtZSI6IlFhLUNvZGVycy1TWVNBRE1JTiIsIm1haWwiOiJzeXNhZG1pbkBxYWNvZGVycy5jb20iLCJwYXNzd29yZCI6IiQyYiQxMCQ2a3ZCejBBcjhIeE03TWxteUZjWEVPN3kvdzRrMlpIRFhsVS84TUdmNy9rcEY1UW9VMWVxRyIsImFjY2Vzc1Byb2ZpbGUiOiJTWVNBRE1JTiIsImNwZiI6IjExMTExMTExMTExIiwic3RhdHVzIjp0cnVlLCJhdWRpdCI6W3sicmVnaXN0ZXJlZEJ5Ijp7InVzZXJJZCI6IjExMTExMTExMTExMTExMTExMSIsInVzZXJMb2dpbiI6InN5c2FkbWluQHFhY29kZXJzLmNvbSJ9LCJyZWdpc3RyYXRpb25EYXRlIjoic2V4dGEtZmVpcmEsIDIwLzEwLzIwMjMsIDIwOjEyOjA1IEJSVCIsInJlZ2lzdHJhdGlvbk51bWJlciI6IjAxIiwiY29tcGFueUlkIjoiUWEuQ29kZXJzIiwiX2lkIjoiNjUzMzA5NDVmYjFmNmM1MmYxY2NkZTMxIn1dLCJfX3YiOjAsImlhdCI6MTcxNTM2OTk5OSwiZXhwIjoxNzE1NDU2Mzk5fQ._DUGD8yBWMA9-4Fm0DN_8VRLVFpBdDS4der757hwkMs'}</msg>
<arg>${response.json()}</arg>
<doc>Logs the given message with the given level.</doc>
<status status="PASS" start="2024-05-10T16:39:40.535637" elapsed="0.001999"/>
</kw>
<kw name="Set Test Variable" owner="BuiltIn">
<msg time="2024-05-10T16:39:40.541634" level="INFO">${TOKEN} = eyJhbGciOiJIUzI1NiIsInR5cCI6IkpXVCJ9.eyJfaWQiOiI2NTMzMDk0NWZiMWY2YzUyZjFjY2RlMzAiLCJmdWxsTmFtZSI6IlFhLUNvZGVycy1TWVNBRE1JTiIsIm1haWwiOiJzeXNhZG1pbkBxYWNvZGVycy5jb20iLCJwYXNzd29yZCI6IiQyYiQxMCQ2a3ZCejB...</msg>
<arg>${TOKEN}</arg>
<arg>${response.json()["token"]}</arg>
<doc>Makes a variable available everywhere within the scope of the current test.</doc>
<status status="PASS" start="2024-05-10T16:39:40.537636" elapsed="0.003998"/>
</kw>
<status status="PASS" start="2024-05-10T16:39:40.256805" elapsed="0.284829"/>
</kw>
<kw name="Criar palavras rondomicas para departamento" owner="academy">
<kw name="Generate Random String" owner="String">
<msg time="2024-05-10T16:39:40.543632" level="INFO">${nome_rondomica} = RKebduIJ</msg>
<var>${nome_rondomica}</var>
<arg>8</arg>
<arg>chars=[LETTERS]</arg>
<doc>Generates a string with a desired ``length`` from the given ``chars``.</doc>
<status status="PASS" start="2024-05-10T16:39:40.543632" elapsed="0.000000"/>
</kw>
<kw name="Convert To Lower Case" owner="String">
<msg time="2024-05-10T16:39:40.545633" level="INFO">${nome_rondomica} = rkebduij</msg>
<var>${nome_rondomica}</var>
<arg>${nome_rondomica}</arg>
<doc>Converts string to lower case.</doc>
<status status="PASS" start="2024-05-10T16:39:40.544634" elapsed="0.000999"/>
</kw>
<kw name="Set Test Variable" owner="BuiltIn">
<msg time="2024-05-10T16:39:40.548630" level="INFO">${departamento} = rkebduij</msg>
<arg>${departamento}</arg>
<arg>${nome_rondomica}</arg>
<doc>Makes a variable available everywhere within the scope of the current test.</doc>
<status status="PASS" start="2024-05-10T16:39:40.545633" elapsed="0.002997"/>
</kw>
<kw name="Generate Random String" owner="String">
<msg time="2024-05-10T16:39:40.549629" level="INFO">${50_rondomica} = pECaGkEpGGuijClQTEodeVcTXBnsNkdDJJbVWrGjzVgEoDhUKa</msg>
<var>${50_rondomica}</var>
<arg>50</arg>
<arg>chars=[LETTERS]</arg>
<doc>Generates a string with a desired ``length`` from the given ``chars``.</doc>
<status status="PASS" start="2024-05-10T16:39:40.548630" elapsed="0.000999"/>
</kw>
<kw name="Convert To Lower Case" owner="String">
<msg time="2024-05-10T16:39:40.550628" level="INFO">${50_rondomica} = pecagkepgguijclqteodevctxbnsnkddjjbvwrgjzvgeodhuka</msg>
<var>${50_rondomica}</var>
<arg>${50_rondomica}</arg>
<doc>Converts string to lower case.</doc>
<status status="PASS" start="2024-05-10T16:39:40.549629" elapsed="0.000999"/>
</kw>
<kw name="Set Test Variable" owner="BuiltIn">
<msg time="2024-05-10T16:39:40.553627" level="INFO">${departamento50} = pecagkepgguijclqteodevctxbnsnkddjjbvwrgjzvgeodhuka</msg>
<arg>${departamento50}</arg>
<arg>${50_rondomica}</arg>
<doc>Makes a variable available everywhere within the scope of the current test.</doc>
<status status="PASS" start="2024-05-10T16:39:40.550628" elapsed="0.002999"/>
</kw>
<kw name="Generate Random String" owner="String">
<msg time="2024-05-10T16:39:40.554627" level="INFO">${maiusculas_rondomica} = SmUazHab</msg>
<var>${maiusculas_rondomica}</var>
<arg>8</arg>
<arg>chars=[LETTERS]</arg>
<doc>Generates a string with a desired ``length`` from the given ``chars``.</doc>
<status status="PASS" start="2024-05-10T16:39:40.553627" elapsed="0.001000"/>
</kw>
<kw name="Convert To Upper Case" owner="String">
<msg time="2024-05-10T16:39:40.555625" level="INFO">${maiusculas_rondomica} = SMUAZHAB</msg>
<var>${maiusculas_rondomica}</var>
<arg>${maiusculas_rondomica}</arg>
<doc>Converts string to upper case.</doc>
<status status="PASS" start="2024-05-10T16:39:40.555625" elapsed="0.000000"/>
</kw>
<kw name="Set Test Variable" owner="BuiltIn">
<msg time="2024-05-10T16:39:40.559624" level="INFO">${MAIUSCULAS} = SMUAZHAB</msg>
<arg>${MAIUSCULAS}</arg>
<arg>${maiusculas_rondomica}</arg>
[...]
 body=b'{"departmentName": "uryplqrxftjqhxhntnpadgfkoeqmjhgzlkrjpgmjfxkrzlacdb", "costCenterId": "658ae3f40f617abe798fd68f"}' 
 </msg>
<msg time="2024-05-10T16:39:42.058732" level="INFO">POST Response : url=https://quality-eagles.qacoders-academy.com.br/api/department 
 status=201, reason=Created 
 headers={'Server': 'nginx/1.18.0 (Ubuntu)', 'Date': 'Fri, 10 May 2024 19:40:01 GMT', 'Content-Type': 'application/json; charset=utf-8', 'Content-Length': '417', 'Connection': 'keep-alive', 'X-Powered-By': 'Express', 'Access-Control-Allow-Origin': '*', 'Access-Control-Allow-Methods': 'GET, POST, OPTIONS, PUT, PATCH, DELETE', 'Access-Control-Allow-Headers': 'Origin, X-Requested-With, Content-Type, Accept, Authorization', 'ETag': 'W/"1a1-aK64CMLj0EH/7pjaGkQquLEpMRs"'} 
 body={"msg":"Cadastro realizado com sucesso.","newDepartment":{"departmentName":"uryplqrxftjqhxhntnpadgfkoeqmjhgzlkrjpgmjfxkrzlacdb","costCenter":"658ae3f40f617abe798fd68f","status":true,"audit":[{"registrationDate":"sexta-feira, 10/05/2024, 16:40:01 BRT","registeredBy":{"userId":"65330945fb1f6c52f1ccde30","userLogin":"sysadmin@qacoders.com"},"_id":"663e78118860f6da8c7a95cd"}],"_id":"663e78118860f6da8c7a95cc","__v":0}} 
 </msg>
<msg time="2024-05-10T16:39:42.059732" level="INFO">C:\Users\WIN10\AppData\Local\Programs\Python\Python312\Lib\site-packages\urllib3\connectionpool.py:1103: InsecureRequestWarning: Unverified HTTPS request is being made to host 'quality-eagles.qacoders-academy.com.br'. Adding certificate verification is strongly advised. See: https://urllib3.readthedocs.io/en/latest/advanced-usage.html#tls-warnings
  warnings.warn(</msg>
<msg time="2024-05-10T16:39:42.061731" level="INFO">${response} = &lt;Response [201]&gt;</msg>
<var>${response}</var>
<arg>alias=APIquality-eagles</arg>
<arg>url=/api/department</arg>
<arg>json=${body}</arg>
<arg>expected_status=201</arg>
<arg>headers=${headers}</arg>
<doc>Sends a POST request on a previously created HTTP Session.</doc>
<status status="PASS" start="2024-05-10T16:39:41.918821" elapsed="0.142910"/>
</kw>
<kw name="Log" owner="BuiltIn">
<msg time="2024-05-10T16:39:42.064729" level="INFO">{'msg': 'Cadastro realizado com sucesso.', 'newDepartment': {'departmentName': 'uryplqrxftjqhxhntnpadgfkoeqmjhgzlkrjpgmjfxkrzlacdb', 'costCenter': '658ae3f40f617abe798fd68f', 'status': True, 'audit': [{'registrationDate': 'sexta-feira, 10/05/2024, 16:40:01 BRT', 'registeredBy': {'userId': '65330945fb1f6c52f1ccde30', 'userLogin': 'sysadmin@qacoders.com'}, '_id': '663e78118860f6da8c7a95cd'}], '_id': '663e78118860f6da8c7a95cc', '__v': 0}}</msg>
<arg>${response.json()}</arg>
<doc>Logs the given message with the given level.</doc>
<status status="PASS" start="2024-05-10T16:39:42.062730" elapsed="0.001999"/>
</kw>
<kw name="Set Test Variable" owner="BuiltIn">
<msg time="2024-05-10T16:39:42.067726" level="INFO">${ID_DEPARTAMENTO} = 663e78118860f6da8c7a95cc</msg>
<arg>${ID_DEPARTAMENTO}</arg>
<arg>${response.json()['newDepartment']['_id']}</arg>
<doc>Makes a variable available everywhere within the scope of the current test.</doc>
<status status="PASS" start="2024-05-10T16:39:42.065728" elapsed="0.001998"/>
</kw>
<kw name="Set Test Variable" owner="BuiltIn">
<msg time="2024-05-10T16:39:42.068725" level="INFO">${ID_DEPARTAMENTO} = {'msg': 'Cadastro realizado com sucesso.', 'newDepartment': {'departmentName': 'uryplqrxftjqhxhntnpadgfkoeqmjhgzlkrjpgmjfxkrzlacdb', 'costCenter': '658ae3f40f617abe798fd68f', 'status': True, 'audit': ...</msg>
<arg>${ID_DEPARTAMENTO}</arg>
<arg>${response.json()}</arg>
<doc>Makes a variable available everywhere within the scope of the current test.</doc>
<status status="PASS" start="2024-05-10T16:39:42.067726" elapsed="0.000999"/>
</kw>
<status status="PASS" start="2024-05-10T16:39:41.906824" elapsed="0.161901"/>
</kw>
<status status="PASS" start="2024-05-10T16:39:41.641990" elapsed="0.427735"/>
</test>
<test id="s1-t9" name="Departamento com 51 caracteres" line="44">
<kw name="Create API Session" owner="academy">
<kw name="Create Dictionary" owner="BuiltIn">
<msg time="2024-05-10T16:39:42.073723" level="INFO">${headers} = {'accept': 'application/json', 'Content-Type': 'application/json'}</msg>
<var>${headers}</var>
<arg>accept=application/json</arg>
<arg>Content-Type=application/json</arg>
<doc>Creates and returns a dictionary based on the given ``items``.</doc>
<status status="PASS" start="2024-05-10T16:39:42.072723" elapsed="0.001000"/>
</kw>
<kw name="Create Session" owner="RequestsLibrary">
<msg time="2024-05-10T16:39:42.074722" level="INFO">Creating Session using : alias=APIquality-eagles, url=https://quality-eagles.qacoders-academy.com.br, headers={'accept': 'application/json', 'Content-Type': 'application/json'},                     cookies={}, auth=None, timeout=None, proxies=None, verify=False,                     debug=0 </msg>
<arg>alias=APIquality-eagles</arg>
<arg>url=https://quality-eagles.qacoders-academy.com.br</arg>
<arg>headers=${headers}</arg>
<doc>Create Session: create a HTTP session to a server</doc>
<status status="PASS" start="2024-05-10T16:39:42.073723" elapsed="0.000999"/>
</kw>
<status status="PASS" start="2024-05-10T16:39:42.071725" elapsed="0.002997"/>
</kw>
<kw name="Login de acesso" owner="academy">
<kw name="Create Dictionary" owner="BuiltIn">
<msg time="2024-05-10T16:39:42.076722" level="INFO">${body} = {'mail': 'sysadmin@qacoders.com', 'password': '1234@Test'}</msg>
<var>${body}</var>
<arg>mail=${Emaillogin}</arg>
<arg>password=${Passwordlogin}</arg>
<doc>Creates and returns a dictionary based on the given ``items``.</doc>
<status status="PASS" start="2024-05-10T16:39:42.076722" elapsed="0.000000"/>
</kw>
<kw name="Log" owner="BuiltIn">
<msg time="2024-05-10T16:39:42.077722" level="INFO">{'mail': 'sysadmin@qacoders.com', 'password': '1234@Test'}</msg>
<arg>${body}</arg>
<doc>Logs the given message with the given level.</doc>
<status status="PASS" start="2024-05-10T16:39:42.077722" elapsed="0.000000"/>
</kw>
<kw name="Create API Session" owner="academy">
<kw name="Create Dictionary" owner="BuiltIn">
<msg time="2024-05-10T16:39:42.079721" level="INFO">${headers} = {'accept': 'application/json', 'Content-Type': 'application/json'}</msg>
<var>${headers}</var>
<arg>accept=application/json</arg>
<arg>Content-Type=application/json</arg>
<doc>Creates and returns a dictionary based on the given ``items``.</doc>
<status status="PASS" start="2024-05-10T16:39:42.078722" elapsed="0.000999"/>
</kw>
<kw name="Create Session" owner="RequestsLibrary">
<msg time="2024-05-10T16:39:42.080718" level="INFO">Creating Session using : alias=APIquality-eagles, url=https://quality-eagles.qacoders-academy.com.br, headers={'accept': 'application/json', 'Content-Type': 'application/json'},                     cookies={}, auth=None, timeout=None, proxies=None, verify=False,                     debug=0 </msg>
<arg>alias=APIquality-eagles</arg>
<arg>url=https://quality-eagles.qacoders-academy.com.br</arg>
<arg>headers=${headers}</arg>
<doc>Create Session: create a HTTP session to a server</doc>
<status status="PASS" start="2024-05-10T16:39:42.079721" elapsed="0.000997"/>
</kw>
<status status="PASS" start="2024-05-10T16:39:42.078722" elapsed="0.001996"/>
</kw>
<kw name="POST On Session" owner="RequestsLibrary">
<msg time="2024-05-10T16:39:42.394524" level="INFO">POST Request : url=https://quality-eagles.qacoders-academy.com.br/api/login 
 path_url=/api/login 
 headers={'User-Agent': 'python-requests/2.31.0', 'Accept-Encoding': 'gzip, deflate', 'accept': 'application/json', 'Connection': 'keep-alive', 'Content-Type': 'application/json', 'Content-Length': '58'} 
 body=b'{"mail": "sysadmin@qacoders.com", "password": "1234@Test"}' 
 </msg>
<msg time="2024-05-10T16:39:42.394524" level="INFO">POST Response : url=https://quality-eagles.qacoders-academy.com.br/api/login 
 status=200, reason=OK 
 headers={'Server': 'nginx/1.18.0 (Ubuntu)', 'Date': 'Fri, 10 May 2024 19:40:01 GMT', 'Content-Type': 'application/json; charset=utf-8', 'Transfer-Encoding': 'chunked', 'Connection': 'keep-alive', 'X-Powered-By': 'Express', 'Access-Control-Allow-Origin': '*', 'Access-Control-Allow-Methods': 'GET, POST, OPTIONS, PUT, PATCH, DELETE', 'Access-Control-Allow-Headers': 'Origin, X-Requested-With, Content-Type, Accept, Authorization', 'ETag': 'W/"534-F3WLI0zcHXHypPl/HHF65AddW10"', 'Content-Encoding': 'gzip'} 
 body={"msg":"Olá Qa-Coders-SYSADMIN, autenticação autorizada com sucesso!","user":{"_id":"65330945fb1f6c52f1ccde30","fullName":"Qa-Coders-SYSADMIN","mail":"sysadmin@qacoders.com","password":"$2b$10$6kvBz0Ar8HxM7MlmyFcXEO7y/w4k2ZHDXlU/8MGf7/kpF5QoU1eqG","accessProfile":"SYSADMIN","cpf":"11111111111","status":true,"audit":[{"registeredBy":{"userId":"111111111111111111","userLogin":"sysadmin@qacoders.com"},"registrationDate":"sexta-feira, 20/10/2023, 20:12:05 BRT","registrationNumber":"01","companyId":"Qa.Coders","_id":"65330945fb1f6c52f1ccde31"}],"__v":0},"token":"eyJhbGciOiJIUzI1NiIsInR5cCI6IkpXVCJ9.eyJfaWQiOiI2NTMzMDk0NWZiMWY2YzUyZjFjY2RlMzAiLCJmdWxsTmFtZSI6IlFhLUNvZGVycy1TWVNBRE1JTiIsIm1haWwiOiJzeXNhZG1pbkBxYWNvZGVycy5jb20iLCJwYXNzd29yZCI6IiQyYiQxMCQ2a3ZCejBBcjhIeE03TWxteUZjWEVPN3kvdzRrMlpIRFhsVS84TUdmNy9rcEY1UW9VMWVxRyIsImFjY2Vzc1Byb2ZpbGUiOiJTWVNBRE1JTiIsImNwZiI6IjExMTExMTExMTExIiwic3RhdHVzIjp0cnVlLCJhdWRpdCI6W3sicmVnaXN0ZXJlZEJ5Ijp7InVzZXJJZCI6IjExMTExMTExMTExMTExMTExMSIsInVzZXJMb2dpbiI6InN5c2FkbWluQHFhY29kZXJzLmNvbSJ9LCJyZWdpc3RyYXRpb25EYXRlIjoic2V4dGEtZmVpcmEsIDIwLzEwLzIwMjMsIDIwOjEyOjA1IEJSVCIsInJlZ2lzdHJhdGlvbk51bWJlciI6IjAxIiwiY29tcGFueUlkIjoiUWEuQ29kZXJzIiwiX2lkIjoiNjUzMzA5NDVmYjFmNmM1MmYxY2NkZTMxIn1dLCJfX3YiOjAsImlhdCI6MTcxNTM3MDAwMSwiZXhwIjoxNzE1NDU2NDAxfQ.cp3FrxI9MhdgAOngDSOk2vxkPa0ImQ4vMbuknOJHQ_Q"} 
 </msg>
<msg time="2024-05-10T16:39:42.394524" level="INFO">C:\Users\WIN10\AppData\Local\Programs\Python\Python312\Lib\site-packages\urllib3\connectionpool.py:1103: InsecureRequestWarning: Unverified HTTPS request is being made to host 'quality-eagles.qacoders-academy.com.br'. Adding certificate verification is strongly advised. See: https://urllib3.readthedocs.io/en/latest/advanced-usage.html#tls-warnings
  warnings.warn(</msg>
<msg time="2024-05-10T16:39:42.396523" level="INFO">${response} = &lt;Response [200]&gt;</msg>
<var>${response}</var>
<arg>alias=APIquality-eagles</arg>
<arg>url=/api/login</arg>
<arg>json=${body}</arg>
<doc>Sends a POST request on a previously created HTTP Session.</doc>
<status status="PASS" start="2024-05-10T16:39:42.081718" elapsed="0.314805"/>
</kw>
<kw name="Log" owner="BuiltIn">
<msg time="2024-05-10T16:39:42.398522" level="INFO">{'msg': 'Olá Qa-Coders-SYSADMIN, autenticação autorizada com sucesso!', 'user': {'_id': '65330945fb1f6c52f1ccde30', 'fullName': 'Qa-Coders-SYSADMIN', 'mail': 'sysadmin@qacoders.com', 'password': '$2b$10$6kvBz0Ar8HxM7MlmyFcXEO7y/w4k2ZHDXlU/8MGf7/kpF5QoU1eqG', 'accessProfile': 'SYSADMIN', 'cpf': '11111111111', 'status': True, 'audit': [{'registeredBy': {'userId': '111111111111111111', 'userLogin': 'sysadmin@qacoders.com'}, 'registrationDate': 'sexta-feira, 20/10/2023, 20:12:05 BRT', 'registrationNumber': '01', 'companyId': 'Qa.Coders', '_id': '65330945fb1f6c52f1ccde31'}], '__v': 0}, 'token': 'eyJhbGciOiJIUzI1NiIsInR5cCI6IkpXVCJ9.eyJfaWQiOiI2NTMzMDk0NWZiMWY2YzUyZjFjY2RlMzAiLCJmdWxsTmFtZSI6IlFhLUNvZGVycy1TWVNBRE1JTiIsIm1haWwiOiJzeXNhZG1pbkBxYWNvZGVycy5jb20iLCJwYXNzd29yZCI6IiQyYiQxMCQ2a3ZCejBBcjhIeE03TWxteUZjWEVPN3kvdzRrMlpIRFhsVS84TUdmNy9rcEY1UW9VMWVxRyIsImFjY2Vzc1Byb2ZpbGUiOiJTWVNBRE1JTiIsImNwZiI6IjExMTExMTExMTExIiwic3RhdHVzIjp0cnVlLCJhdWRpdCI6W3sicmVnaXN0ZXJlZEJ5Ijp7InVzZXJJZCI6IjExMTExMTExMTExMTExMTExMSIsInVzZXJMb2dpbiI6InN5c2FkbWluQHFhY29kZXJzLmNvbSJ9LCJyZWdpc3RyYXRpb25EYXRlIjoic2V4dGEtZmVpcmEsIDIwLzEwLzIwMjMsIDIwOjEyOjA1IEJSVCIsInJlZ2lzdHJhdGlvbk51bWJlciI6IjAxIiwiY29tcGFueUlkIjoiUWEuQ29kZXJzIiwiX2lkIjoiNjUzMzA5NDVmYjFmNmM1MmYxY2NkZTMxIn1dLCJfX3YiOjAsImlhdCI6MTcxNTM3MDAwMSwiZXhwIjoxNzE1NDU2NDAxfQ.cp3FrxI9MhdgAOngDSOk2vxkPa0ImQ4vMbuknOJHQ_Q'}</msg>
<arg>${response.json()}</arg>
<doc>Logs the given message with the given level.</doc>
<status status="PASS" start="2024-05-10T16:39:42.397524" elapsed="0.000998"/>
</kw>
<kw name="Set Test Variable" owner="BuiltIn">
<msg time="2024-05-10T16:39:42.400520" level="INFO">${TOKEN} = eyJhbGciOiJIUzI1NiIsInR5cCI6IkpXVCJ9.eyJfaWQiOiI2NTMzMDk0NWZiMWY2YzUyZjFjY2RlMzAiLCJmdWxsTmFtZSI6IlFhLUNvZGVycy1TWVNBRE1JTiIsIm1haWwiOiJzeXNhZG1pbkBxYWNvZGVycy5jb20iLCJwYXNzd29yZCI6IiQyYiQxMCQ2a3ZCejB...</msg>
<arg>${TOKEN}</arg>
<arg>${response.json()["token"]}</arg>
<doc>Makes a variable available everywhere within the scope of the current test.</doc>
<status status="PASS" start="2024-05-10T16:39:42.398522" elapsed="0.001998"/>
</kw>
<status status="PASS" start="2024-05-10T16:39:42.075721" elapsed="0.324799"/>
</kw>
<kw name="Departamento com 51 caracteres" owner="academy">
<kw name="Create Dictionary" owner="BuiltIn">
<msg time="2024-05-10T16:39:42.401520" level="INFO">${headers} = {'Authorization': 'eyJhbGciOiJIUzI1NiIsInR5cCI6IkpXVCJ9.eyJfaWQiOiI2NTMzMDk0NWZiMWY2YzUyZjFjY2RlMzAiLCJmdWxsTmFtZSI6IlFhLUNvZGVycy1TWVNBRE1JTiIsIm1haWwiOiJzeXNhZG1pbkBxYWNvZGVycy5jb20iLCJwYXNzd29yZCI6...</msg>
<var>${headers}</var>
<arg>Authorization=${TOKEN}</arg>
<doc>Creates and returns a dictionary based on the given ``items``.</doc>
<status status="PASS" start="2024-05-10T16:39:42.401520" elapsed="0.000000"/>
</kw>
<kw name="Create Dictionary" owner="BuiltIn">
<msg time="2024-05-10T16:39:42.402519" level="INFO">${body} = {'departmentName': 'aaaaaaaaaaaaaaaaaaaaaaaaaaaaaaaaaaaaaaaaaaaaaaaaaaa', 'costCenterId': '658ae3f40f617abe798fd68f'}</msg>
<var>${body}</var>
<arg>departmentName=${Departamento51}</arg>
<arg>costCenterId=658ae3f40f617abe798fd68f</arg>
<doc>Creates and returns a dictionary based on the given ``items``.</doc>
<status status="PASS" start="2024-05-10T16:39:42.401520" elapsed="0.000999"/>
</kw>
<kw name="Log" owner="BuiltIn">
<msg time="2024-05-10T16:39:42.402519" level="INFO">{'departmentName': 'aaaaaaaaaaaaaaaaaaaaaaaaaaaaaaaaaaaaaaaaaaaaaaaaaaa', 'costCenterId': '658ae3f40f617abe798fd68f'}</msg>
<arg>${body}</arg>
<doc>Logs the given message with the given level.</doc>
<status status="PASS" start="2024-05-10T16:39:42.402519" elapsed="0.000000"/>
</kw>
<kw name="Create API Session" owner="academy">
<kw name="Create Dictionary" owner="BuiltIn">
<msg time="2024-05-10T16:39:42.403517" level="INFO">${headers} = {'accept': 'application/json', 'Content-Type': 'application/json'}</msg>
<var>${headers}</var>
<arg>accept=application/json</arg>
<arg>Content-Type=application/json</arg>
<doc>Creates and returns a dictionary based on the given ``items``.</doc>
<status status="PASS" start="2024-05-10T16:39:42.403517" elapsed="0.001000"/>
</kw>
<kw name="Create Session" owner="RequestsLibrary">
<msg time="2024-05-10T16:39:42.405519" level="INFO">Creating Session using : alias=APIquality-eagles, url=https://quality-eagles.qacoders-academy.com.br, headers={'accept': 'application/json', 'Content-Type': 'application/json'},                     cookies={}, auth=None, timeout=None, proxies=None, verify=False,                     debug=0 </msg>
<arg>alias=APIquality-eagles</arg>
<arg>url=https://quality-eagles.qacoders-academy.com.br</arg>
<arg>headers=${headers}</arg>
<doc>Create Session: create a HTTP session to a server</doc>
<status status="PASS" start="2024-05-10T16:39:42.404517" elapsed="0.001002"/>
</kw>
<status status="PASS" start="2024-05-10T16:39:42.402519" elapsed="0.003000"/>
</kw>
<kw name="POST On Session" owner="RequestsLibrary">
<msg time="2024-05-10T16:39:42.519446" level="INFO">POST Request : url=https://quality-eagles.qacoders-academy.com.br/api/department 
 path_url=/api/department 
 headers={'User-Agent': 'python-requests/2.31.0', 'Accept-Encoding': 'gzip, deflate', 'accept': 'application/json', 'Connection': 'keep-alive', 'Content-Type': 'application/json', 'Authorization': 'eyJhbGciOiJIUzI1NiIsInR5cCI6IkpXVCJ9.eyJfaWQiOiI2NTMzMDk0NWZiMWY2YzUyZjFjY2RlMzAiLCJmdWxsTmFtZSI6IlFhLUNvZGVycy1TWVNBRE1JTiIsIm1haWwiOiJzeXNhZG1pbkBxYWNvZGVycy5jb20iLCJwYXNzd29yZCI6IiQyYiQxMCQ2a3ZCejBBcjhIeE03TWxteUZjWEVPN3kvdzRrMlpIRFhsVS84TUdmNy9rcEY1UW9VMWVxRyIsImFjY2Vzc1Byb2ZpbGUiOiJTWVNBRE1JTiIsImNwZiI6IjExMTExMTExMTExIiwic3RhdHVzIjp0cnVlLCJhdWRpdCI6W3sicmVnaXN0ZXJlZEJ5Ijp7InVzZXJJZCI6IjExMTExMTExMTExMTExMTExMSIsInVzZXJMb2dpbiI6InN5c2FkbWluQHFhY29kZXJzLmNvbSJ9LCJyZWdpc3RyYXRpb25EYXRlIjoic2V4dGEtZmVpcmEsIDIwLzEwLzIwMjMsIDIwOjEyOjA1IEJSVCIsInJlZ2lzdHJhdGlvbk51bWJlciI6IjAxIiwiY29tcGFueUlkIjoiUWEuQ29kZXJzIiwiX2lkIjoiNjUzMzA5NDVmYjFmNmM1MmYxY2NkZTMxIn1dLCJfX3YiOjAsImlhdCI6MTcxNTM3MDAwMSwiZXhwIjoxNzE1NDU2NDAxfQ.cp3FrxI9MhdgAOngDSOk2vxkPa0ImQ4vMbuknOJHQ_Q', 'Content-Length': '117'} 
 body=b'{"departmentName": "aaaaaaaaaaaaaaaaaaaaaaaaaaaaaaaaaaaaaaaaaaaaaaaaaaa", "costCenterId": "658ae3f40f617abe798fd68f"}' 
 </msg>
<msg time="2024-05-10T16:39:42.519446" level="INFO">POST Response : url=https://quality-eagles.qacoders-academy.com.br/api/department 
 status=400, reason=Bad Request 
 headers={'Server': 'nginx/1.18.0 (Ubuntu)', 'Date': 'Fri, 10 May 2024 19:40:01 GMT', 'Content-Type': 'application/json; charset=utf-8', 'Content-Length': '75', 'Connection': 'keep-alive', 'X-Powered-By': 'Express', 'Access-Control-Allow-Origin': '*', 'Access-Control-Allow-Methods': 'GET, POST, OPTIONS, PUT, PATCH, DELETE', 'Access-Control-Allow-Headers': 'Origin, X-Requested-With, Content-Type, Accept, Authorization', 'ETag': 'W/"4b-JKOM91enrRdq4sXDgoDUAp/1UYw"'} 
 body={"error":["O campo 'departamento' deve possuir no máximo 50 caracteres."]} 
 </msg>
<msg time="2024-05-10T16:39:42.519446" level="INFO">C:\Users\WIN10\AppData\Local\Programs\Python\Python312\Lib\site-packages\urllib3\connectionpool.py:1103: InsecureRequestWarning: Unverified HTTPS request is being made to host 'quality-eagles.qacoders-academy.com.br'. Adding certificate verification is strongly advised. See: https://urllib3.readthedocs.io/en/latest/advanced-usage.html#tls-warnings
  warnings.warn(</msg>
<msg time="2024-05-10T16:39:42.520444" level="INFO">${response} = &lt;Response [400]&gt;</msg>
<var>${response}</var>
<arg>alias=APIquality-eagles</arg>
<arg>url=/api/department</arg>
<arg>json=${body}</arg>
<arg>expected_status=400</arg>
<arg>headers=${headers}</arg>
<doc>Sends a POST request on a previously created HTTP Session.</doc>
<status status="PASS" start="2024-05-10T16:39:42.406518" elapsed="0.113926"/>
</kw>
<kw name="Log" owner="BuiltIn">
<msg time="2024-05-10T16:39:42.523445" level="INFO">{'error': ["O campo 'departamento' deve possuir no máximo 50 caracteres."]}</msg>
<arg>${response.json()}</arg>
<doc>Logs the given message with the given level.</doc>
<status status="PASS" start="2024-05-10T16:39:42.521445" elapsed="0.002000"/>
</kw>
<kw name="Dictionary Should Contain Key" owner="Collections">
<msg time="2024-05-10T16:39:42.525443" level="INFO">False</msg>
<arg>${response.json()}</arg>
<arg>error</arg>
<doc>Fails if ``key`` is not found from ``dictionary``.</doc>
<status status="PASS" start="2024-05-10T16:39:42.524444" elapsed="0.000999"/>
</kw>
<kw name="List Should Contain Value" owner="Collections">
<msg time="2024-05-10T16:39:42.527444" level="INFO">False</msg>
<arg>${response.json()}[error]</arg>
<arg>O campo 'departamento' deve possuir no máximo 50 caracteres.</arg>
<doc>Fails if the ``value`` is not found from ``list``.</doc>
<status status="PASS" start="2024-05-10T16:39:42.526445" elapsed="0.001996"/>
</kw>
<status status="PASS" start="2024-05-10T16:39:42.400520" elapsed="0.127921"/>
</kw>
<status status="PASS" start="2024-05-10T16:39:42.070723" elapsed="0.457718"/>
</test>
<status status="PASS" start="2024-05-10T16:39:35.526420" elapsed="7.004020"/>
</suite>
<statistics>
<total>
<stat pass="9" fail="0" skip="0">All Tests</stat>
</total>
<tag>
</tag>
<suite>
<stat pass="9" fail="0" skip="0" id="s1" name="Departamento">Departamento</stat>
</suite>
</statistics>
<errors>
</errors>
</robot>
